In clock cycle: 4
Register Write to Reg: 0x01 Val: 0x00000001
In clock cycle: 5
Register Write to Reg: 0x09 Val: 0x00000006
In clock cycle: 6
Register Write to Reg: 0x08 Val: 0x00000000
In clock cycle: 7
Register Write to Reg: 0x00 Val: 0x00000000
In clock cycle: 11
Register Write to Reg: 0x00 Val: 0x00000000
In clock cycle: 12
Register Write to Reg: 0x09 Val: 0x00000005
In clock cycle: 13
Register Write to Reg: 0x08 Val: 0x00000001
In clock cycle: 16
Register Write to Reg: 0x0A Val: 0x00000010
In clock cycle: 17
Register Write to Reg: 0x0B Val: 0x00100000
In clock cycle: 18
Register Write to Reg: 0x0C Val: 0x00001010
In clock cycle: 19
Register Write to Reg: 0x0D Val: 0xFFFFFFFF
In clock cycle: 20
Register Write to Reg: 0x0E Val: 0x00003333
In clock cycle: 21
Register Write to Reg: 0x0A Val: 0x00100010
In clock cycle: 22
Register Write to Reg: 0x0B Val: 0x000FEFF0
In clock cycle: 23
Register Write to Reg: 0x0C Val: 0xFFFFEFEF
In clock cycle: 24
Register Write to Reg: 0x0D Val: 0x00003333
In clock cycle: 25
Register Write to Reg: 0x00 Val: 0x00000000
In clock cycle: 27
Register Write to Reg: 0x00 Val: 0x00000000
In clock cycle: 28
Register Write to Reg: 0x09 Val: 0x00000004
In clock cycle: 29
Register Write to Reg: 0x08 Val: 0x00000002
In clock cycle: 32
Register Write to Reg: 0x0A Val: 0x00100020
In clock cycle: 33
Register Write to Reg: 0x0B Val: 0x00100000
In clock cycle: 34
Register Write to Reg: 0x0C Val: 0xFFFFFFFF
In clock cycle: 35
Register Write to Reg: 0x0D Val: 0x00003332
In clock cycle: 36
Register Write to Reg: 0x0E Val: 0x00000000
In clock cycle: 37
Register Write to Reg: 0x0A Val: 0x00200020
In clock cycle: 38
Register Write to Reg: 0x0B Val: 0x00100001
In clock cycle: 39
Register Write to Reg: 0x0C Val: 0xFFFFCCCD
In clock cycle: 40
Register Write to Reg: 0x0D Val: 0x00000000
In clock cycle: 41
Register Write to Reg: 0x00 Val: 0x00000000
In clock cycle: 43
Register Write to Reg: 0x00 Val: 0x00000000
In clock cycle: 44
Register Write to Reg: 0x09 Val: 0x00000003
In clock cycle: 45
Register Write to Reg: 0x08 Val: 0x00000003
In clock cycle: 48
Register Write to Reg: 0x0A Val: 0x00200030
In clock cycle: 49
Register Write to Reg: 0x0B Val: 0x00100000
In clock cycle: 50
Register Write to Reg: 0x0C Val: 0xFFFFDCDD
In clock cycle: 51
Register Write to Reg: 0x0D Val: 0xFFFFFFFF
In clock cycle: 52
Register Write to Reg: 0x0E Val: 0x00003333
In clock cycle: 53
Register Write to Reg: 0x0A Val: 0x00300030
In clock cycle: 54
Register Write to Reg: 0x0B Val: 0x00102323
In clock cycle: 55
Register Write to Reg: 0x0C Val: 0x00002322
In clock cycle: 56
Register Write to Reg: 0x0D Val: 0x00003333
In clock cycle: 57
Register Write to Reg: 0x00 Val: 0x00000000
In clock cycle: 61
Register Write to Reg: 0x10 Val: 0x00003333
In clock cycle: 62
Register Write to Reg: 0x00 Val: 0x00000000
Execution is stopping! Clock Cycle: 62
