[inst #1] lui $1,4097
Register Write to Reg: 0x01 Val: 0x10010000
[inst #2] ori $16,$1,0
Register Write to Reg: 0x10 Val: 0x10010000
[inst #3] lui $1,4097
Register Write to Reg: 0x01 Val: 0x10010000
[inst #4] lw $21,40($1)
Register Write to Reg: 0x15 Val: 0x0000000A
[inst #5] addi $1,$0,1
Register Write to Reg: 0x01 Val: 0x00000001
[inst #6] sub $20,$21,$1
Register Write to Reg: 0x14 Val: 0x00000009
[inst #7] addi $18,$0,1
Register Write to Reg: 0x12 Val: 0x00000001
[inst #8] addi $8,$0,0
Register Write to Reg: 0x08 Val: 0x00000000
[inst #9] j 4194408
[inst #10] slt $11,$8,$20
Register Write to Reg: 0x0B Val: 0x00000001
[inst #11] beq $11,$18,-19
[inst #12] addi $9,$0,0
Register Write to Reg: 0x09 Val: 0x00000000
[inst #13] sub $19,$20,$8
Register Write to Reg: 0x13 Val: 0x00000009
[inst #14] j 4194396
[inst #15] slt $10,$9,$19
Register Write to Reg: 0x0A Val: 0x00000001
[inst #16] beq $10,$18,-13
[inst #17] sll $12,$9,2
Register Write to Reg: 0x0C Val: 0x00000000
[inst #18] add $12,$16,$12
Register Write to Reg: 0x0C Val: 0x10010000
[inst #19] addi $13,$12,4
Register Write to Reg: 0x0D Val: 0x10010004
[inst #20] lw $14,0($12)
Register Write to Reg: 0x0E Val: 0x00000009
[inst #21] lw $15,0($13)
Register Write to Reg: 0x0F Val: 0x00000008
[inst #22] slt $24,$15,$14
Register Write to Reg: 0x18 Val: 0x00000001
[inst #23] beq $24,$18,1
[inst #24] sw $15,0($12)
Memory Write to Addr: 0x10010000 Val: 0x00000008
[inst #25] sw $14,0($13)
Memory Write to Addr: 0x10010004 Val: 0x00000009
[inst #26] addi $9,$9,1
Register Write to Reg: 0x09 Val: 0x00000001
[inst #27] slt $10,$9,$19
Register Write to Reg: 0x0A Val: 0x00000001
[inst #28] beq $10,$18,-13
[inst #29] sll $12,$9,2
Register Write to Reg: 0x0C Val: 0x00000004
[inst #30] add $12,$16,$12
Register Write to Reg: 0x0C Val: 0x10010004
[inst #31] addi $13,$12,4
Register Write to Reg: 0x0D Val: 0x10010008
[inst #32] lw $14,0($12)
Register Write to Reg: 0x0E Val: 0x00000009
[inst #33] lw $15,0($13)
Register Write to Reg: 0x0F Val: 0x00000007
[inst #34] slt $24,$15,$14
Register Write to Reg: 0x18 Val: 0x00000001
[inst #35] beq $24,$18,1
[inst #36] sw $15,0($12)
Memory Write to Addr: 0x10010004 Val: 0x00000007
[inst #37] sw $14,0($13)
Memory Write to Addr: 0x10010008 Val: 0x00000009
[inst #38] addi $9,$9,1
Register Write to Reg: 0x09 Val: 0x00000002
[inst #39] slt $10,$9,$19
Register Write to Reg: 0x0A Val: 0x00000001
[inst #40] beq $10,$18,-13
[inst #41] sll $12,$9,2
Register Write to Reg: 0x0C Val: 0x00000008
[inst #42] add $12,$16,$12
Register Write to Reg: 0x0C Val: 0x10010008
[inst #43] addi $13,$12,4
Register Write to Reg: 0x0D Val: 0x1001000C
[inst #44] lw $14,0($12)
Register Write to Reg: 0x0E Val: 0x00000009
[inst #45] lw $15,0($13)
Register Write to Reg: 0x0F Val: 0x00000006
[inst #46] slt $24,$15,$14
Register Write to Reg: 0x18 Val: 0x00000001
[inst #47] beq $24,$18,1
[inst #48] sw $15,0($12)
Memory Write to Addr: 0x10010008 Val: 0x00000006
[inst #49] sw $14,0($13)
Memory Write to Addr: 0x1001000C Val: 0x00000009
[inst #50] addi $9,$9,1
Register Write to Reg: 0x09 Val: 0x00000003
[inst #51] slt $10,$9,$19
Register Write to Reg: 0x0A Val: 0x00000001
[inst #52] beq $10,$18,-13
[inst #53] sll $12,$9,2
Register Write to Reg: 0x0C Val: 0x0000000C
[inst #54] add $12,$16,$12
Register Write to Reg: 0x0C Val: 0x1001000C
[inst #55] addi $13,$12,4
Register Write to Reg: 0x0D Val: 0x10010010
[inst #56] lw $14,0($12)
Register Write to Reg: 0x0E Val: 0x00000009
[inst #57] lw $15,0($13)
Register Write to Reg: 0x0F Val: 0x00000005
[inst #58] slt $24,$15,$14
Register Write to Reg: 0x18 Val: 0x00000001
[inst #59] beq $24,$18,1
[inst #60] sw $15,0($12)
Memory Write to Addr: 0x1001000C Val: 0x00000005
[inst #61] sw $14,0($13)
Memory Write to Addr: 0x10010010 Val: 0x00000009
[inst #62] addi $9,$9,1
Register Write to Reg: 0x09 Val: 0x00000004
[inst #63] slt $10,$9,$19
Register Write to Reg: 0x0A Val: 0x00000001
[inst #64] beq $10,$18,-13
[inst #65] sll $12,$9,2
Register Write to Reg: 0x0C Val: 0x00000010
[inst #66] add $12,$16,$12
Register Write to Reg: 0x0C Val: 0x10010010
[inst #67] addi $13,$12,4
Register Write to Reg: 0x0D Val: 0x10010014
[inst #68] lw $14,0($12)
Register Write to Reg: 0x0E Val: 0x00000009
[inst #69] lw $15,0($13)
Register Write to Reg: 0x0F Val: 0x00000004
[inst #70] slt $24,$15,$14
Register Write to Reg: 0x18 Val: 0x00000001
[inst #71] beq $24,$18,1
[inst #72] sw $15,0($12)
Memory Write to Addr: 0x10010010 Val: 0x00000004
[inst #73] sw $14,0($13)
Memory Write to Addr: 0x10010014 Val: 0x00000009
[inst #74] addi $9,$9,1
Register Write to Reg: 0x09 Val: 0x00000005
[inst #75] slt $10,$9,$19
Register Write to Reg: 0x0A Val: 0x00000001
[inst #76] beq $10,$18,-13
[inst #77] sll $12,$9,2
Register Write to Reg: 0x0C Val: 0x00000014
[inst #78] add $12,$16,$12
Register Write to Reg: 0x0C Val: 0x10010014
[inst #79] addi $13,$12,4
Register Write to Reg: 0x0D Val: 0x10010018
[inst #80] lw $14,0($12)
Register Write to Reg: 0x0E Val: 0x00000009
[inst #81] lw $15,0($13)
Register Write to Reg: 0x0F Val: 0x00000003
[inst #82] slt $24,$15,$14
Register Write to Reg: 0x18 Val: 0x00000001
[inst #83] beq $24,$18,1
[inst #84] sw $15,0($12)
Memory Write to Addr: 0x10010014 Val: 0x00000003
[inst #85] sw $14,0($13)
Memory Write to Addr: 0x10010018 Val: 0x00000009
[inst #86] addi $9,$9,1
Register Write to Reg: 0x09 Val: 0x00000006
[inst #87] slt $10,$9,$19
Register Write to Reg: 0x0A Val: 0x00000001
[inst #88] beq $10,$18,-13
[inst #89] sll $12,$9,2
Register Write to Reg: 0x0C Val: 0x00000018
[inst #90] add $12,$16,$12
Register Write to Reg: 0x0C Val: 0x10010018
[inst #91] addi $13,$12,4
Register Write to Reg: 0x0D Val: 0x1001001C
[inst #92] lw $14,0($12)
Register Write to Reg: 0x0E Val: 0x00000009
[inst #93] lw $15,0($13)
Register Write to Reg: 0x0F Val: 0x00000002
[inst #94] slt $24,$15,$14
Register Write to Reg: 0x18 Val: 0x00000001
[inst #95] beq $24,$18,1
[inst #96] sw $15,0($12)
Memory Write to Addr: 0x10010018 Val: 0x00000002
[inst #97] sw $14,0($13)
Memory Write to Addr: 0x1001001C Val: 0x00000009
[inst #98] addi $9,$9,1
Register Write to Reg: 0x09 Val: 0x00000007
[inst #99] slt $10,$9,$19
Register Write to Reg: 0x0A Val: 0x00000001
[inst #100] beq $10,$18,-13
[inst #101] sll $12,$9,2
Register Write to Reg: 0x0C Val: 0x0000001C
[inst #102] add $12,$16,$12
Register Write to Reg: 0x0C Val: 0x1001001C
[inst #103] addi $13,$12,4
Register Write to Reg: 0x0D Val: 0x10010020
[inst #104] lw $14,0($12)
Register Write to Reg: 0x0E Val: 0x00000009
[inst #105] lw $15,0($13)
Register Write to Reg: 0x0F Val: 0x00000001
[inst #106] slt $24,$15,$14
Register Write to Reg: 0x18 Val: 0x00000001
[inst #107] beq $24,$18,1
[inst #108] sw $15,0($12)
Memory Write to Addr: 0x1001001C Val: 0x00000001
[inst #109] sw $14,0($13)
Memory Write to Addr: 0x10010020 Val: 0x00000009
[inst #110] addi $9,$9,1
Register Write to Reg: 0x09 Val: 0x00000008
[inst #111] slt $10,$9,$19
Register Write to Reg: 0x0A Val: 0x00000001
[inst #112] beq $10,$18,-13
[inst #113] sll $12,$9,2
Register Write to Reg: 0x0C Val: 0x00000020
[inst #114] add $12,$16,$12
Register Write to Reg: 0x0C Val: 0x10010020
[inst #115] addi $13,$12,4
Register Write to Reg: 0x0D Val: 0x10010024
[inst #116] lw $14,0($12)
Register Write to Reg: 0x0E Val: 0x00000009
[inst #117] lw $15,0($13)
Register Write to Reg: 0x0F Val: 0x00000000
[inst #118] slt $24,$15,$14
Register Write to Reg: 0x18 Val: 0x00000001
[inst #119] beq $24,$18,1
[inst #120] sw $15,0($12)
Memory Write to Addr: 0x10010020 Val: 0x00000000
[inst #121] sw $14,0($13)
Memory Write to Addr: 0x10010024 Val: 0x00000009
[inst #122] addi $9,$9,1
Register Write to Reg: 0x09 Val: 0x00000009
[inst #123] slt $10,$9,$19
Register Write to Reg: 0x0A Val: 0x00000000
[inst #124] beq $10,$18,-13
[inst #125] addi $8,$8,1
Register Write to Reg: 0x08 Val: 0x00000001
[inst #126] slt $11,$8,$20
Register Write to Reg: 0x0B Val: 0x00000001
[inst #127] beq $11,$18,-19
[inst #128] addi $9,$0,0
Register Write to Reg: 0x09 Val: 0x00000000
[inst #129] sub $19,$20,$8
Register Write to Reg: 0x13 Val: 0x00000008
[inst #130] j 4194396
[inst #131] slt $10,$9,$19
Register Write to Reg: 0x0A Val: 0x00000001
[inst #132] beq $10,$18,-13
[inst #133] sll $12,$9,2
Register Write to Reg: 0x0C Val: 0x00000000
[inst #134] add $12,$16,$12
Register Write to Reg: 0x0C Val: 0x10010000
[inst #135] addi $13,$12,4
Register Write to Reg: 0x0D Val: 0x10010004
[inst #136] lw $14,0($12)
Register Write to Reg: 0x0E Val: 0x00000008
[inst #137] lw $15,0($13)
Register Write to Reg: 0x0F Val: 0x00000007
[inst #138] slt $24,$15,$14
Register Write to Reg: 0x18 Val: 0x00000001
[inst #139] beq $24,$18,1
[inst #140] sw $15,0($12)
Memory Write to Addr: 0x10010000 Val: 0x00000007
[inst #141] sw $14,0($13)
Memory Write to Addr: 0x10010004 Val: 0x00000008
[inst #142] addi $9,$9,1
Register Write to Reg: 0x09 Val: 0x00000001
[inst #143] slt $10,$9,$19
Register Write to Reg: 0x0A Val: 0x00000001
[inst #144] beq $10,$18,-13
[inst #145] sll $12,$9,2
Register Write to Reg: 0x0C Val: 0x00000004
[inst #146] add $12,$16,$12
Register Write to Reg: 0x0C Val: 0x10010004
[inst #147] addi $13,$12,4
Register Write to Reg: 0x0D Val: 0x10010008
[inst #148] lw $14,0($12)
Register Write to Reg: 0x0E Val: 0x00000008
[inst #149] lw $15,0($13)
Register Write to Reg: 0x0F Val: 0x00000006
[inst #150] slt $24,$15,$14
Register Write to Reg: 0x18 Val: 0x00000001
[inst #151] beq $24,$18,1
[inst #152] sw $15,0($12)
Memory Write to Addr: 0x10010004 Val: 0x00000006
[inst #153] sw $14,0($13)
Memory Write to Addr: 0x10010008 Val: 0x00000008
[inst #154] addi $9,$9,1
Register Write to Reg: 0x09 Val: 0x00000002
[inst #155] slt $10,$9,$19
Register Write to Reg: 0x0A Val: 0x00000001
[inst #156] beq $10,$18,-13
[inst #157] sll $12,$9,2
Register Write to Reg: 0x0C Val: 0x00000008
[inst #158] add $12,$16,$12
Register Write to Reg: 0x0C Val: 0x10010008
[inst #159] addi $13,$12,4
Register Write to Reg: 0x0D Val: 0x1001000C
[inst #160] lw $14,0($12)
Register Write to Reg: 0x0E Val: 0x00000008
[inst #161] lw $15,0($13)
Register Write to Reg: 0x0F Val: 0x00000005
[inst #162] slt $24,$15,$14
Register Write to Reg: 0x18 Val: 0x00000001
[inst #163] beq $24,$18,1
[inst #164] sw $15,0($12)
Memory Write to Addr: 0x10010008 Val: 0x00000005
[inst #165] sw $14,0($13)
Memory Write to Addr: 0x1001000C Val: 0x00000008
[inst #166] addi $9,$9,1
Register Write to Reg: 0x09 Val: 0x00000003
[inst #167] slt $10,$9,$19
Register Write to Reg: 0x0A Val: 0x00000001
[inst #168] beq $10,$18,-13
[inst #169] sll $12,$9,2
Register Write to Reg: 0x0C Val: 0x0000000C
[inst #170] add $12,$16,$12
Register Write to Reg: 0x0C Val: 0x1001000C
[inst #171] addi $13,$12,4
Register Write to Reg: 0x0D Val: 0x10010010
[inst #172] lw $14,0($12)
Register Write to Reg: 0x0E Val: 0x00000008
[inst #173] lw $15,0($13)
Register Write to Reg: 0x0F Val: 0x00000004
[inst #174] slt $24,$15,$14
Register Write to Reg: 0x18 Val: 0x00000001
[inst #175] beq $24,$18,1
[inst #176] sw $15,0($12)
Memory Write to Addr: 0x1001000C Val: 0x00000004
[inst #177] sw $14,0($13)
Memory Write to Addr: 0x10010010 Val: 0x00000008
[inst #178] addi $9,$9,1
Register Write to Reg: 0x09 Val: 0x00000004
[inst #179] slt $10,$9,$19
Register Write to Reg: 0x0A Val: 0x00000001
[inst #180] beq $10,$18,-13
[inst #181] sll $12,$9,2
Register Write to Reg: 0x0C Val: 0x00000010
[inst #182] add $12,$16,$12
Register Write to Reg: 0x0C Val: 0x10010010
[inst #183] addi $13,$12,4
Register Write to Reg: 0x0D Val: 0x10010014
[inst #184] lw $14,0($12)
Register Write to Reg: 0x0E Val: 0x00000008
[inst #185] lw $15,0($13)
Register Write to Reg: 0x0F Val: 0x00000003
[inst #186] slt $24,$15,$14
Register Write to Reg: 0x18 Val: 0x00000001
[inst #187] beq $24,$18,1
[inst #188] sw $15,0($12)
Memory Write to Addr: 0x10010010 Val: 0x00000003
[inst #189] sw $14,0($13)
Memory Write to Addr: 0x10010014 Val: 0x00000008
[inst #190] addi $9,$9,1
Register Write to Reg: 0x09 Val: 0x00000005
[inst #191] slt $10,$9,$19
Register Write to Reg: 0x0A Val: 0x00000001
[inst #192] beq $10,$18,-13
[inst #193] sll $12,$9,2
Register Write to Reg: 0x0C Val: 0x00000014
[inst #194] add $12,$16,$12
Register Write to Reg: 0x0C Val: 0x10010014
[inst #195] addi $13,$12,4
Register Write to Reg: 0x0D Val: 0x10010018
[inst #196] lw $14,0($12)
Register Write to Reg: 0x0E Val: 0x00000008
[inst #197] lw $15,0($13)
Register Write to Reg: 0x0F Val: 0x00000002
[inst #198] slt $24,$15,$14
Register Write to Reg: 0x18 Val: 0x00000001
[inst #199] beq $24,$18,1
[inst #200] sw $15,0($12)
Memory Write to Addr: 0x10010014 Val: 0x00000002
[inst #201] sw $14,0($13)
Memory Write to Addr: 0x10010018 Val: 0x00000008
[inst #202] addi $9,$9,1
Register Write to Reg: 0x09 Val: 0x00000006
[inst #203] slt $10,$9,$19
Register Write to Reg: 0x0A Val: 0x00000001
[inst #204] beq $10,$18,-13
[inst #205] sll $12,$9,2
Register Write to Reg: 0x0C Val: 0x00000018
[inst #206] add $12,$16,$12
Register Write to Reg: 0x0C Val: 0x10010018
[inst #207] addi $13,$12,4
Register Write to Reg: 0x0D Val: 0x1001001C
[inst #208] lw $14,0($12)
Register Write to Reg: 0x0E Val: 0x00000008
[inst #209] lw $15,0($13)
Register Write to Reg: 0x0F Val: 0x00000001
[inst #210] slt $24,$15,$14
Register Write to Reg: 0x18 Val: 0x00000001
[inst #211] beq $24,$18,1
[inst #212] sw $15,0($12)
Memory Write to Addr: 0x10010018 Val: 0x00000001
[inst #213] sw $14,0($13)
Memory Write to Addr: 0x1001001C Val: 0x00000008
[inst #214] addi $9,$9,1
Register Write to Reg: 0x09 Val: 0x00000007
[inst #215] slt $10,$9,$19
Register Write to Reg: 0x0A Val: 0x00000001
[inst #216] beq $10,$18,-13
[inst #217] sll $12,$9,2
Register Write to Reg: 0x0C Val: 0x0000001C
[inst #218] add $12,$16,$12
Register Write to Reg: 0x0C Val: 0x1001001C
[inst #219] addi $13,$12,4
Register Write to Reg: 0x0D Val: 0x10010020
[inst #220] lw $14,0($12)
Register Write to Reg: 0x0E Val: 0x00000008
[inst #221] lw $15,0($13)
Register Write to Reg: 0x0F Val: 0x00000000
[inst #222] slt $24,$15,$14
Register Write to Reg: 0x18 Val: 0x00000001
[inst #223] beq $24,$18,1
[inst #224] sw $15,0($12)
Memory Write to Addr: 0x1001001C Val: 0x00000000
[inst #225] sw $14,0($13)
Memory Write to Addr: 0x10010020 Val: 0x00000008
[inst #226] addi $9,$9,1
Register Write to Reg: 0x09 Val: 0x00000008
[inst #227] slt $10,$9,$19
Register Write to Reg: 0x0A Val: 0x00000000
[inst #228] beq $10,$18,-13
[inst #229] addi $8,$8,1
Register Write to Reg: 0x08 Val: 0x00000002
[inst #230] slt $11,$8,$20
Register Write to Reg: 0x0B Val: 0x00000001
[inst #231] beq $11,$18,-19
[inst #232] addi $9,$0,0
Register Write to Reg: 0x09 Val: 0x00000000
[inst #233] sub $19,$20,$8
Register Write to Reg: 0x13 Val: 0x00000007
[inst #234] j 4194396
[inst #235] slt $10,$9,$19
Register Write to Reg: 0x0A Val: 0x00000001
[inst #236] beq $10,$18,-13
[inst #237] sll $12,$9,2
Register Write to Reg: 0x0C Val: 0x00000000
[inst #238] add $12,$16,$12
Register Write to Reg: 0x0C Val: 0x10010000
[inst #239] addi $13,$12,4
Register Write to Reg: 0x0D Val: 0x10010004
[inst #240] lw $14,0($12)
Register Write to Reg: 0x0E Val: 0x00000007
[inst #241] lw $15,0($13)
Register Write to Reg: 0x0F Val: 0x00000006
[inst #242] slt $24,$15,$14
Register Write to Reg: 0x18 Val: 0x00000001
[inst #243] beq $24,$18,1
[inst #244] sw $15,0($12)
Memory Write to Addr: 0x10010000 Val: 0x00000006
[inst #245] sw $14,0($13)
Memory Write to Addr: 0x10010004 Val: 0x00000007
[inst #246] addi $9,$9,1
Register Write to Reg: 0x09 Val: 0x00000001
[inst #247] slt $10,$9,$19
Register Write to Reg: 0x0A Val: 0x00000001
[inst #248] beq $10,$18,-13
[inst #249] sll $12,$9,2
Register Write to Reg: 0x0C Val: 0x00000004
[inst #250] add $12,$16,$12
Register Write to Reg: 0x0C Val: 0x10010004
[inst #251] addi $13,$12,4
Register Write to Reg: 0x0D Val: 0x10010008
[inst #252] lw $14,0($12)
Register Write to Reg: 0x0E Val: 0x00000007
[inst #253] lw $15,0($13)
Register Write to Reg: 0x0F Val: 0x00000005
[inst #254] slt $24,$15,$14
Register Write to Reg: 0x18 Val: 0x00000001
[inst #255] beq $24,$18,1
[inst #256] sw $15,0($12)
Memory Write to Addr: 0x10010004 Val: 0x00000005
[inst #257] sw $14,0($13)
Memory Write to Addr: 0x10010008 Val: 0x00000007
[inst #258] addi $9,$9,1
Register Write to Reg: 0x09 Val: 0x00000002
[inst #259] slt $10,$9,$19
Register Write to Reg: 0x0A Val: 0x00000001
[inst #260] beq $10,$18,-13
[inst #261] sll $12,$9,2
Register Write to Reg: 0x0C Val: 0x00000008
[inst #262] add $12,$16,$12
Register Write to Reg: 0x0C Val: 0x10010008
[inst #263] addi $13,$12,4
Register Write to Reg: 0x0D Val: 0x1001000C
[inst #264] lw $14,0($12)
Register Write to Reg: 0x0E Val: 0x00000007
[inst #265] lw $15,0($13)
Register Write to Reg: 0x0F Val: 0x00000004
[inst #266] slt $24,$15,$14
Register Write to Reg: 0x18 Val: 0x00000001
[inst #267] beq $24,$18,1
[inst #268] sw $15,0($12)
Memory Write to Addr: 0x10010008 Val: 0x00000004
[inst #269] sw $14,0($13)
Memory Write to Addr: 0x1001000C Val: 0x00000007
[inst #270] addi $9,$9,1
Register Write to Reg: 0x09 Val: 0x00000003
[inst #271] slt $10,$9,$19
Register Write to Reg: 0x0A Val: 0x00000001
[inst #272] beq $10,$18,-13
[inst #273] sll $12,$9,2
Register Write to Reg: 0x0C Val: 0x0000000C
[inst #274] add $12,$16,$12
Register Write to Reg: 0x0C Val: 0x1001000C
[inst #275] addi $13,$12,4
Register Write to Reg: 0x0D Val: 0x10010010
[inst #276] lw $14,0($12)
Register Write to Reg: 0x0E Val: 0x00000007
[inst #277] lw $15,0($13)
Register Write to Reg: 0x0F Val: 0x00000003
[inst #278] slt $24,$15,$14
Register Write to Reg: 0x18 Val: 0x00000001
[inst #279] beq $24,$18,1
[inst #280] sw $15,0($12)
Memory Write to Addr: 0x1001000C Val: 0x00000003
[inst #281] sw $14,0($13)
Memory Write to Addr: 0x10010010 Val: 0x00000007
[inst #282] addi $9,$9,1
Register Write to Reg: 0x09 Val: 0x00000004
[inst #283] slt $10,$9,$19
Register Write to Reg: 0x0A Val: 0x00000001
[inst #284] beq $10,$18,-13
[inst #285] sll $12,$9,2
Register Write to Reg: 0x0C Val: 0x00000010
[inst #286] add $12,$16,$12
Register Write to Reg: 0x0C Val: 0x10010010
[inst #287] addi $13,$12,4
Register Write to Reg: 0x0D Val: 0x10010014
[inst #288] lw $14,0($12)
Register Write to Reg: 0x0E Val: 0x00000007
[inst #289] lw $15,0($13)
Register Write to Reg: 0x0F Val: 0x00000002
[inst #290] slt $24,$15,$14
Register Write to Reg: 0x18 Val: 0x00000001
[inst #291] beq $24,$18,1
[inst #292] sw $15,0($12)
Memory Write to Addr: 0x10010010 Val: 0x00000002
[inst #293] sw $14,0($13)
Memory Write to Addr: 0x10010014 Val: 0x00000007
[inst #294] addi $9,$9,1
Register Write to Reg: 0x09 Val: 0x00000005
[inst #295] slt $10,$9,$19
Register Write to Reg: 0x0A Val: 0x00000001
[inst #296] beq $10,$18,-13
[inst #297] sll $12,$9,2
Register Write to Reg: 0x0C Val: 0x00000014
[inst #298] add $12,$16,$12
Register Write to Reg: 0x0C Val: 0x10010014
[inst #299] addi $13,$12,4
Register Write to Reg: 0x0D Val: 0x10010018
[inst #300] lw $14,0($12)
Register Write to Reg: 0x0E Val: 0x00000007
[inst #301] lw $15,0($13)
Register Write to Reg: 0x0F Val: 0x00000001
[inst #302] slt $24,$15,$14
Register Write to Reg: 0x18 Val: 0x00000001
[inst #303] beq $24,$18,1
[inst #304] sw $15,0($12)
Memory Write to Addr: 0x10010014 Val: 0x00000001
[inst #305] sw $14,0($13)
Memory Write to Addr: 0x10010018 Val: 0x00000007
[inst #306] addi $9,$9,1
Register Write to Reg: 0x09 Val: 0x00000006
[inst #307] slt $10,$9,$19
Register Write to Reg: 0x0A Val: 0x00000001
[inst #308] beq $10,$18,-13
[inst #309] sll $12,$9,2
Register Write to Reg: 0x0C Val: 0x00000018
[inst #310] add $12,$16,$12
Register Write to Reg: 0x0C Val: 0x10010018
[inst #311] addi $13,$12,4
Register Write to Reg: 0x0D Val: 0x1001001C
[inst #312] lw $14,0($12)
Register Write to Reg: 0x0E Val: 0x00000007
[inst #313] lw $15,0($13)
Register Write to Reg: 0x0F Val: 0x00000000
[inst #314] slt $24,$15,$14
Register Write to Reg: 0x18 Val: 0x00000001
[inst #315] beq $24,$18,1
[inst #316] sw $15,0($12)
Memory Write to Addr: 0x10010018 Val: 0x00000000
[inst #317] sw $14,0($13)
Memory Write to Addr: 0x1001001C Val: 0x00000007
[inst #318] addi $9,$9,1
Register Write to Reg: 0x09 Val: 0x00000007
[inst #319] slt $10,$9,$19
Register Write to Reg: 0x0A Val: 0x00000000
[inst #320] beq $10,$18,-13
[inst #321] addi $8,$8,1
Register Write to Reg: 0x08 Val: 0x00000003
[inst #322] slt $11,$8,$20
Register Write to Reg: 0x0B Val: 0x00000001
[inst #323] beq $11,$18,-19
[inst #324] addi $9,$0,0
Register Write to Reg: 0x09 Val: 0x00000000
[inst #325] sub $19,$20,$8
Register Write to Reg: 0x13 Val: 0x00000006
[inst #326] j 4194396
[inst #327] slt $10,$9,$19
Register Write to Reg: 0x0A Val: 0x00000001
[inst #328] beq $10,$18,-13
[inst #329] sll $12,$9,2
Register Write to Reg: 0x0C Val: 0x00000000
[inst #330] add $12,$16,$12
Register Write to Reg: 0x0C Val: 0x10010000
[inst #331] addi $13,$12,4
Register Write to Reg: 0x0D Val: 0x10010004
[inst #332] lw $14,0($12)
Register Write to Reg: 0x0E Val: 0x00000006
[inst #333] lw $15,0($13)
Register Write to Reg: 0x0F Val: 0x00000005
[inst #334] slt $24,$15,$14
Register Write to Reg: 0x18 Val: 0x00000001
[inst #335] beq $24,$18,1
[inst #336] sw $15,0($12)
Memory Write to Addr: 0x10010000 Val: 0x00000005
[inst #337] sw $14,0($13)
Memory Write to Addr: 0x10010004 Val: 0x00000006
[inst #338] addi $9,$9,1
Register Write to Reg: 0x09 Val: 0x00000001
[inst #339] slt $10,$9,$19
Register Write to Reg: 0x0A Val: 0x00000001
[inst #340] beq $10,$18,-13
[inst #341] sll $12,$9,2
Register Write to Reg: 0x0C Val: 0x00000004
[inst #342] add $12,$16,$12
Register Write to Reg: 0x0C Val: 0x10010004
[inst #343] addi $13,$12,4
Register Write to Reg: 0x0D Val: 0x10010008
[inst #344] lw $14,0($12)
Register Write to Reg: 0x0E Val: 0x00000006
[inst #345] lw $15,0($13)
Register Write to Reg: 0x0F Val: 0x00000004
[inst #346] slt $24,$15,$14
Register Write to Reg: 0x18 Val: 0x00000001
[inst #347] beq $24,$18,1
[inst #348] sw $15,0($12)
Memory Write to Addr: 0x10010004 Val: 0x00000004
[inst #349] sw $14,0($13)
Memory Write to Addr: 0x10010008 Val: 0x00000006
[inst #350] addi $9,$9,1
Register Write to Reg: 0x09 Val: 0x00000002
[inst #351] slt $10,$9,$19
Register Write to Reg: 0x0A Val: 0x00000001
[inst #352] beq $10,$18,-13
[inst #353] sll $12,$9,2
Register Write to Reg: 0x0C Val: 0x00000008
[inst #354] add $12,$16,$12
Register Write to Reg: 0x0C Val: 0x10010008
[inst #355] addi $13,$12,4
Register Write to Reg: 0x0D Val: 0x1001000C
[inst #356] lw $14,0($12)
Register Write to Reg: 0x0E Val: 0x00000006
[inst #357] lw $15,0($13)
Register Write to Reg: 0x0F Val: 0x00000003
[inst #358] slt $24,$15,$14
Register Write to Reg: 0x18 Val: 0x00000001
[inst #359] beq $24,$18,1
[inst #360] sw $15,0($12)
Memory Write to Addr: 0x10010008 Val: 0x00000003
[inst #361] sw $14,0($13)
Memory Write to Addr: 0x1001000C Val: 0x00000006
[inst #362] addi $9,$9,1
Register Write to Reg: 0x09 Val: 0x00000003
[inst #363] slt $10,$9,$19
Register Write to Reg: 0x0A Val: 0x00000001
[inst #364] beq $10,$18,-13
[inst #365] sll $12,$9,2
Register Write to Reg: 0x0C Val: 0x0000000C
[inst #366] add $12,$16,$12
Register Write to Reg: 0x0C Val: 0x1001000C
[inst #367] addi $13,$12,4
Register Write to Reg: 0x0D Val: 0x10010010
[inst #368] lw $14,0($12)
Register Write to Reg: 0x0E Val: 0x00000006
[inst #369] lw $15,0($13)
Register Write to Reg: 0x0F Val: 0x00000002
[inst #370] slt $24,$15,$14
Register Write to Reg: 0x18 Val: 0x00000001
[inst #371] beq $24,$18,1
[inst #372] sw $15,0($12)
Memory Write to Addr: 0x1001000C Val: 0x00000002
[inst #373] sw $14,0($13)
Memory Write to Addr: 0x10010010 Val: 0x00000006
[inst #374] addi $9,$9,1
Register Write to Reg: 0x09 Val: 0x00000004
[inst #375] slt $10,$9,$19
Register Write to Reg: 0x0A Val: 0x00000001
[inst #376] beq $10,$18,-13
[inst #377] sll $12,$9,2
Register Write to Reg: 0x0C Val: 0x00000010
[inst #378] add $12,$16,$12
Register Write to Reg: 0x0C Val: 0x10010010
[inst #379] addi $13,$12,4
Register Write to Reg: 0x0D Val: 0x10010014
[inst #380] lw $14,0($12)
Register Write to Reg: 0x0E Val: 0x00000006
[inst #381] lw $15,0($13)
Register Write to Reg: 0x0F Val: 0x00000001
[inst #382] slt $24,$15,$14
Register Write to Reg: 0x18 Val: 0x00000001
[inst #383] beq $24,$18,1
[inst #384] sw $15,0($12)
Memory Write to Addr: 0x10010010 Val: 0x00000001
[inst #385] sw $14,0($13)
Memory Write to Addr: 0x10010014 Val: 0x00000006
[inst #386] addi $9,$9,1
Register Write to Reg: 0x09 Val: 0x00000005
[inst #387] slt $10,$9,$19
Register Write to Reg: 0x0A Val: 0x00000001
[inst #388] beq $10,$18,-13
[inst #389] sll $12,$9,2
Register Write to Reg: 0x0C Val: 0x00000014
[inst #390] add $12,$16,$12
Register Write to Reg: 0x0C Val: 0x10010014
[inst #391] addi $13,$12,4
Register Write to Reg: 0x0D Val: 0x10010018
[inst #392] lw $14,0($12)
Register Write to Reg: 0x0E Val: 0x00000006
[inst #393] lw $15,0($13)
Register Write to Reg: 0x0F Val: 0x00000000
[inst #394] slt $24,$15,$14
Register Write to Reg: 0x18 Val: 0x00000001
[inst #395] beq $24,$18,1
[inst #396] sw $15,0($12)
Memory Write to Addr: 0x10010014 Val: 0x00000000
[inst #397] sw $14,0($13)
Memory Write to Addr: 0x10010018 Val: 0x00000006
[inst #398] addi $9,$9,1
Register Write to Reg: 0x09 Val: 0x00000006
[inst #399] slt $10,$9,$19
Register Write to Reg: 0x0A Val: 0x00000000
[inst #400] beq $10,$18,-13
[inst #401] addi $8,$8,1
Register Write to Reg: 0x08 Val: 0x00000004
[inst #402] slt $11,$8,$20
Register Write to Reg: 0x0B Val: 0x00000001
[inst #403] beq $11,$18,-19
[inst #404] addi $9,$0,0
Register Write to Reg: 0x09 Val: 0x00000000
[inst #405] sub $19,$20,$8
Register Write to Reg: 0x13 Val: 0x00000005
[inst #406] j 4194396
[inst #407] slt $10,$9,$19
Register Write to Reg: 0x0A Val: 0x00000001
[inst #408] beq $10,$18,-13
[inst #409] sll $12,$9,2
Register Write to Reg: 0x0C Val: 0x00000000
[inst #410] add $12,$16,$12
Register Write to Reg: 0x0C Val: 0x10010000
[inst #411] addi $13,$12,4
Register Write to Reg: 0x0D Val: 0x10010004
[inst #412] lw $14,0($12)
Register Write to Reg: 0x0E Val: 0x00000005
[inst #413] lw $15,0($13)
Register Write to Reg: 0x0F Val: 0x00000004
[inst #414] slt $24,$15,$14
Register Write to Reg: 0x18 Val: 0x00000001
[inst #415] beq $24,$18,1
[inst #416] sw $15,0($12)
Memory Write to Addr: 0x10010000 Val: 0x00000004
[inst #417] sw $14,0($13)
Memory Write to Addr: 0x10010004 Val: 0x00000005
[inst #418] addi $9,$9,1
Register Write to Reg: 0x09 Val: 0x00000001
[inst #419] slt $10,$9,$19
Register Write to Reg: 0x0A Val: 0x00000001
[inst #420] beq $10,$18,-13
[inst #421] sll $12,$9,2
Register Write to Reg: 0x0C Val: 0x00000004
[inst #422] add $12,$16,$12
Register Write to Reg: 0x0C Val: 0x10010004
[inst #423] addi $13,$12,4
Register Write to Reg: 0x0D Val: 0x10010008
[inst #424] lw $14,0($12)
Register Write to Reg: 0x0E Val: 0x00000005
[inst #425] lw $15,0($13)
Register Write to Reg: 0x0F Val: 0x00000003
[inst #426] slt $24,$15,$14
Register Write to Reg: 0x18 Val: 0x00000001
[inst #427] beq $24,$18,1
[inst #428] sw $15,0($12)
Memory Write to Addr: 0x10010004 Val: 0x00000003
[inst #429] sw $14,0($13)
Memory Write to Addr: 0x10010008 Val: 0x00000005
[inst #430] addi $9,$9,1
Register Write to Reg: 0x09 Val: 0x00000002
[inst #431] slt $10,$9,$19
Register Write to Reg: 0x0A Val: 0x00000001
[inst #432] beq $10,$18,-13
[inst #433] sll $12,$9,2
Register Write to Reg: 0x0C Val: 0x00000008
[inst #434] add $12,$16,$12
Register Write to Reg: 0x0C Val: 0x10010008
[inst #435] addi $13,$12,4
Register Write to Reg: 0x0D Val: 0x1001000C
[inst #436] lw $14,0($12)
Register Write to Reg: 0x0E Val: 0x00000005
[inst #437] lw $15,0($13)
Register Write to Reg: 0x0F Val: 0x00000002
[inst #438] slt $24,$15,$14
Register Write to Reg: 0x18 Val: 0x00000001
[inst #439] beq $24,$18,1
[inst #440] sw $15,0($12)
Memory Write to Addr: 0x10010008 Val: 0x00000002
[inst #441] sw $14,0($13)
Memory Write to Addr: 0x1001000C Val: 0x00000005
[inst #442] addi $9,$9,1
Register Write to Reg: 0x09 Val: 0x00000003
[inst #443] slt $10,$9,$19
Register Write to Reg: 0x0A Val: 0x00000001
[inst #444] beq $10,$18,-13
[inst #445] sll $12,$9,2
Register Write to Reg: 0x0C Val: 0x0000000C
[inst #446] add $12,$16,$12
Register Write to Reg: 0x0C Val: 0x1001000C
[inst #447] addi $13,$12,4
Register Write to Reg: 0x0D Val: 0x10010010
[inst #448] lw $14,0($12)
Register Write to Reg: 0x0E Val: 0x00000005
[inst #449] lw $15,0($13)
Register Write to Reg: 0x0F Val: 0x00000001
[inst #450] slt $24,$15,$14
Register Write to Reg: 0x18 Val: 0x00000001
[inst #451] beq $24,$18,1
[inst #452] sw $15,0($12)
Memory Write to Addr: 0x1001000C Val: 0x00000001
[inst #453] sw $14,0($13)
Memory Write to Addr: 0x10010010 Val: 0x00000005
[inst #454] addi $9,$9,1
Register Write to Reg: 0x09 Val: 0x00000004
[inst #455] slt $10,$9,$19
Register Write to Reg: 0x0A Val: 0x00000001
[inst #456] beq $10,$18,-13
[inst #457] sll $12,$9,2
Register Write to Reg: 0x0C Val: 0x00000010
[inst #458] add $12,$16,$12
Register Write to Reg: 0x0C Val: 0x10010010
[inst #459] addi $13,$12,4
Register Write to Reg: 0x0D Val: 0x10010014
[inst #460] lw $14,0($12)
Register Write to Reg: 0x0E Val: 0x00000005
[inst #461] lw $15,0($13)
Register Write to Reg: 0x0F Val: 0x00000000
[inst #462] slt $24,$15,$14
Register Write to Reg: 0x18 Val: 0x00000001
[inst #463] beq $24,$18,1
[inst #464] sw $15,0($12)
Memory Write to Addr: 0x10010010 Val: 0x00000000
[inst #465] sw $14,0($13)
Memory Write to Addr: 0x10010014 Val: 0x00000005
[inst #466] addi $9,$9,1
Register Write to Reg: 0x09 Val: 0x00000005
[inst #467] slt $10,$9,$19
Register Write to Reg: 0x0A Val: 0x00000000
[inst #468] beq $10,$18,-13
[inst #469] addi $8,$8,1
Register Write to Reg: 0x08 Val: 0x00000005
[inst #470] slt $11,$8,$20
Register Write to Reg: 0x0B Val: 0x00000001
[inst #471] beq $11,$18,-19
[inst #472] addi $9,$0,0
Register Write to Reg: 0x09 Val: 0x00000000
[inst #473] sub $19,$20,$8
Register Write to Reg: 0x13 Val: 0x00000004
[inst #474] j 4194396
[inst #475] slt $10,$9,$19
Register Write to Reg: 0x0A Val: 0x00000001
[inst #476] beq $10,$18,-13
[inst #477] sll $12,$9,2
Register Write to Reg: 0x0C Val: 0x00000000
[inst #478] add $12,$16,$12
Register Write to Reg: 0x0C Val: 0x10010000
[inst #479] addi $13,$12,4
Register Write to Reg: 0x0D Val: 0x10010004
[inst #480] lw $14,0($12)
Register Write to Reg: 0x0E Val: 0x00000004
[inst #481] lw $15,0($13)
Register Write to Reg: 0x0F Val: 0x00000003
[inst #482] slt $24,$15,$14
Register Write to Reg: 0x18 Val: 0x00000001
[inst #483] beq $24,$18,1
[inst #484] sw $15,0($12)
Memory Write to Addr: 0x10010000 Val: 0x00000003
[inst #485] sw $14,0($13)
Memory Write to Addr: 0x10010004 Val: 0x00000004
[inst #486] addi $9,$9,1
Register Write to Reg: 0x09 Val: 0x00000001
[inst #487] slt $10,$9,$19
Register Write to Reg: 0x0A Val: 0x00000001
[inst #488] beq $10,$18,-13
[inst #489] sll $12,$9,2
Register Write to Reg: 0x0C Val: 0x00000004
[inst #490] add $12,$16,$12
Register Write to Reg: 0x0C Val: 0x10010004
[inst #491] addi $13,$12,4
Register Write to Reg: 0x0D Val: 0x10010008
[inst #492] lw $14,0($12)
Register Write to Reg: 0x0E Val: 0x00000004
[inst #493] lw $15,0($13)
Register Write to Reg: 0x0F Val: 0x00000002
[inst #494] slt $24,$15,$14
Register Write to Reg: 0x18 Val: 0x00000001
[inst #495] beq $24,$18,1
[inst #496] sw $15,0($12)
Memory Write to Addr: 0x10010004 Val: 0x00000002
[inst #497] sw $14,0($13)
Memory Write to Addr: 0x10010008 Val: 0x00000004
[inst #498] addi $9,$9,1
Register Write to Reg: 0x09 Val: 0x00000002
[inst #499] slt $10,$9,$19
Register Write to Reg: 0x0A Val: 0x00000001
[inst #500] beq $10,$18,-13
[inst #501] sll $12,$9,2
Register Write to Reg: 0x0C Val: 0x00000008
[inst #502] add $12,$16,$12
Register Write to Reg: 0x0C Val: 0x10010008
[inst #503] addi $13,$12,4
Register Write to Reg: 0x0D Val: 0x1001000C
[inst #504] lw $14,0($12)
Register Write to Reg: 0x0E Val: 0x00000004
[inst #505] lw $15,0($13)
Register Write to Reg: 0x0F Val: 0x00000001
[inst #506] slt $24,$15,$14
Register Write to Reg: 0x18 Val: 0x00000001
[inst #507] beq $24,$18,1
[inst #508] sw $15,0($12)
Memory Write to Addr: 0x10010008 Val: 0x00000001
[inst #509] sw $14,0($13)
Memory Write to Addr: 0x1001000C Val: 0x00000004
[inst #510] addi $9,$9,1
Register Write to Reg: 0x09 Val: 0x00000003
[inst #511] slt $10,$9,$19
Register Write to Reg: 0x0A Val: 0x00000001
[inst #512] beq $10,$18,-13
[inst #513] sll $12,$9,2
Register Write to Reg: 0x0C Val: 0x0000000C
[inst #514] add $12,$16,$12
Register Write to Reg: 0x0C Val: 0x1001000C
[inst #515] addi $13,$12,4
Register Write to Reg: 0x0D Val: 0x10010010
[inst #516] lw $14,0($12)
Register Write to Reg: 0x0E Val: 0x00000004
[inst #517] lw $15,0($13)
Register Write to Reg: 0x0F Val: 0x00000000
[inst #518] slt $24,$15,$14
Register Write to Reg: 0x18 Val: 0x00000001
[inst #519] beq $24,$18,1
[inst #520] sw $15,0($12)
Memory Write to Addr: 0x1001000C Val: 0x00000000
[inst #521] sw $14,0($13)
Memory Write to Addr: 0x10010010 Val: 0x00000004
[inst #522] addi $9,$9,1
Register Write to Reg: 0x09 Val: 0x00000004
[inst #523] slt $10,$9,$19
Register Write to Reg: 0x0A Val: 0x00000000
[inst #524] beq $10,$18,-13
[inst #525] addi $8,$8,1
Register Write to Reg: 0x08 Val: 0x00000006
[inst #526] slt $11,$8,$20
Register Write to Reg: 0x0B Val: 0x00000001
[inst #527] beq $11,$18,-19
[inst #528] addi $9,$0,0
Register Write to Reg: 0x09 Val: 0x00000000
[inst #529] sub $19,$20,$8
Register Write to Reg: 0x13 Val: 0x00000003
[inst #530] j 4194396
[inst #531] slt $10,$9,$19
Register Write to Reg: 0x0A Val: 0x00000001
[inst #532] beq $10,$18,-13
[inst #533] sll $12,$9,2
Register Write to Reg: 0x0C Val: 0x00000000
[inst #534] add $12,$16,$12
Register Write to Reg: 0x0C Val: 0x10010000
[inst #535] addi $13,$12,4
Register Write to Reg: 0x0D Val: 0x10010004
[inst #536] lw $14,0($12)
Register Write to Reg: 0x0E Val: 0x00000003
[inst #537] lw $15,0($13)
Register Write to Reg: 0x0F Val: 0x00000002
[inst #538] slt $24,$15,$14
Register Write to Reg: 0x18 Val: 0x00000001
[inst #539] beq $24,$18,1
[inst #540] sw $15,0($12)
Memory Write to Addr: 0x10010000 Val: 0x00000002
[inst #541] sw $14,0($13)
Memory Write to Addr: 0x10010004 Val: 0x00000003
[inst #542] addi $9,$9,1
Register Write to Reg: 0x09 Val: 0x00000001
[inst #543] slt $10,$9,$19
Register Write to Reg: 0x0A Val: 0x00000001
[inst #544] beq $10,$18,-13
[inst #545] sll $12,$9,2
Register Write to Reg: 0x0C Val: 0x00000004
[inst #546] add $12,$16,$12
Register Write to Reg: 0x0C Val: 0x10010004
[inst #547] addi $13,$12,4
Register Write to Reg: 0x0D Val: 0x10010008
[inst #548] lw $14,0($12)
Register Write to Reg: 0x0E Val: 0x00000003
[inst #549] lw $15,0($13)
Register Write to Reg: 0x0F Val: 0x00000001
[inst #550] slt $24,$15,$14
Register Write to Reg: 0x18 Val: 0x00000001
[inst #551] beq $24,$18,1
[inst #552] sw $15,0($12)
Memory Write to Addr: 0x10010004 Val: 0x00000001
[inst #553] sw $14,0($13)
Memory Write to Addr: 0x10010008 Val: 0x00000003
[inst #554] addi $9,$9,1
Register Write to Reg: 0x09 Val: 0x00000002
[inst #555] slt $10,$9,$19
Register Write to Reg: 0x0A Val: 0x00000001
[inst #556] beq $10,$18,-13
[inst #557] sll $12,$9,2
Register Write to Reg: 0x0C Val: 0x00000008
[inst #558] add $12,$16,$12
Register Write to Reg: 0x0C Val: 0x10010008
[inst #559] addi $13,$12,4
Register Write to Reg: 0x0D Val: 0x1001000C
[inst #560] lw $14,0($12)
Register Write to Reg: 0x0E Val: 0x00000003
[inst #561] lw $15,0($13)
Register Write to Reg: 0x0F Val: 0x00000000
[inst #562] slt $24,$15,$14
Register Write to Reg: 0x18 Val: 0x00000001
[inst #563] beq $24,$18,1
[inst #564] sw $15,0($12)
Memory Write to Addr: 0x10010008 Val: 0x00000000
[inst #565] sw $14,0($13)
Memory Write to Addr: 0x1001000C Val: 0x00000003
[inst #566] addi $9,$9,1
Register Write to Reg: 0x09 Val: 0x00000003
[inst #567] slt $10,$9,$19
Register Write to Reg: 0x0A Val: 0x00000000
[inst #568] beq $10,$18,-13
[inst #569] addi $8,$8,1
Register Write to Reg: 0x08 Val: 0x00000007
[inst #570] slt $11,$8,$20
Register Write to Reg: 0x0B Val: 0x00000001
[inst #571] beq $11,$18,-19
[inst #572] addi $9,$0,0
Register Write to Reg: 0x09 Val: 0x00000000
[inst #573] sub $19,$20,$8
Register Write to Reg: 0x13 Val: 0x00000002
[inst #574] j 4194396
[inst #575] slt $10,$9,$19
Register Write to Reg: 0x0A Val: 0x00000001
[inst #576] beq $10,$18,-13
[inst #577] sll $12,$9,2
Register Write to Reg: 0x0C Val: 0x00000000
[inst #578] add $12,$16,$12
Register Write to Reg: 0x0C Val: 0x10010000
[inst #579] addi $13,$12,4
Register Write to Reg: 0x0D Val: 0x10010004
[inst #580] lw $14,0($12)
Register Write to Reg: 0x0E Val: 0x00000002
[inst #581] lw $15,0($13)
Register Write to Reg: 0x0F Val: 0x00000001
[inst #582] slt $24,$15,$14
Register Write to Reg: 0x18 Val: 0x00000001
[inst #583] beq $24,$18,1
[inst #584] sw $15,0($12)
Memory Write to Addr: 0x10010000 Val: 0x00000001
[inst #585] sw $14,0($13)
Memory Write to Addr: 0x10010004 Val: 0x00000002
[inst #586] addi $9,$9,1
Register Write to Reg: 0x09 Val: 0x00000001
[inst #587] slt $10,$9,$19
Register Write to Reg: 0x0A Val: 0x00000001
[inst #588] beq $10,$18,-13
[inst #589] sll $12,$9,2
Register Write to Reg: 0x0C Val: 0x00000004
[inst #590] add $12,$16,$12
Register Write to Reg: 0x0C Val: 0x10010004
[inst #591] addi $13,$12,4
Register Write to Reg: 0x0D Val: 0x10010008
[inst #592] lw $14,0($12)
Register Write to Reg: 0x0E Val: 0x00000002
[inst #593] lw $15,0($13)
Register Write to Reg: 0x0F Val: 0x00000000
[inst #594] slt $24,$15,$14
Register Write to Reg: 0x18 Val: 0x00000001
[inst #595] beq $24,$18,1
[inst #596] sw $15,0($12)
Memory Write to Addr: 0x10010004 Val: 0x00000000
[inst #597] sw $14,0($13)
Memory Write to Addr: 0x10010008 Val: 0x00000002
[inst #598] addi $9,$9,1
Register Write to Reg: 0x09 Val: 0x00000002
[inst #599] slt $10,$9,$19
Register Write to Reg: 0x0A Val: 0x00000000
[inst #600] beq $10,$18,-13
[inst #601] addi $8,$8,1
Register Write to Reg: 0x08 Val: 0x00000008
[inst #602] slt $11,$8,$20
Register Write to Reg: 0x0B Val: 0x00000001
[inst #603] beq $11,$18,-19
[inst #604] addi $9,$0,0
Register Write to Reg: 0x09 Val: 0x00000000
[inst #605] sub $19,$20,$8
Register Write to Reg: 0x13 Val: 0x00000001
[inst #606] j 4194396
[inst #607] slt $10,$9,$19
Register Write to Reg: 0x0A Val: 0x00000001
[inst #608] beq $10,$18,-13
[inst #609] sll $12,$9,2
Register Write to Reg: 0x0C Val: 0x00000000
[inst #610] add $12,$16,$12
Register Write to Reg: 0x0C Val: 0x10010000
[inst #611] addi $13,$12,4
Register Write to Reg: 0x0D Val: 0x10010004
[inst #612] lw $14,0($12)
Register Write to Reg: 0x0E Val: 0x00000001
[inst #613] lw $15,0($13)
Register Write to Reg: 0x0F Val: 0x00000000
[inst #614] slt $24,$15,$14
Register Write to Reg: 0x18 Val: 0x00000001
[inst #615] beq $24,$18,1
[inst #616] sw $15,0($12)
Memory Write to Addr: 0x10010000 Val: 0x00000000
[inst #617] sw $14,0($13)
Memory Write to Addr: 0x10010004 Val: 0x00000001
[inst #618] addi $9,$9,1
Register Write to Reg: 0x09 Val: 0x00000001
[inst #619] slt $10,$9,$19
Register Write to Reg: 0x0A Val: 0x00000000
[inst #620] beq $10,$18,-13
[inst #621] addi $8,$8,1
Register Write to Reg: 0x08 Val: 0x00000009
[inst #622] slt $11,$8,$20
Register Write to Reg: 0x0B Val: 0x00000000
[inst #623] beq $11,$18,-19
[inst #624] halt 

