In clock cycle: 4
Register Write to Reg: 0x01 Val: 0x10010000
In clock cycle: 5
Register Write to Reg: 0x10 Val: 0x10010000
In clock cycle: 6
Register Write to Reg: 0x01 Val: 0x10010000
In clock cycle: 7
Register Write to Reg: 0x15 Val: 0x0000000A
In clock cycle: 8
Register Write to Reg: 0x01 Val: 0x00000001
In clock cycle: 9
Register Write to Reg: 0x14 Val: 0x00000009
In clock cycle: 10
Register Write to Reg: 0x12 Val: 0x00000001
In clock cycle: 11
Register Write to Reg: 0x08 Val: 0x00000000
In clock cycle: 14
Register Write to Reg: 0x0B Val: 0x00000001
In clock cycle: 18
Register Write to Reg: 0x09 Val: 0x00000000
In clock cycle: 19
Register Write to Reg: 0x13 Val: 0x00000009
In clock cycle: 22
Register Write to Reg: 0x0A Val: 0x00000001
In clock cycle: 26
Register Write to Reg: 0x0C Val: 0x00000000
In clock cycle: 27
Register Write to Reg: 0x0C Val: 0x10010000
In clock cycle: 28
Register Write to Reg: 0x0D Val: 0x10010004
In clock cycle: 29
Register Write to Reg: 0x0E Val: 0x00000009
In clock cycle: 30
Register Write to Reg: 0x0F Val: 0x00000008
In clock cycle: 31
Register Write to Reg: 0x18 Val: 0x00000001
In clock cycle: 35
Register Write to Reg: 0x09 Val: 0x00000001
In clock cycle: 36
Register Write to Reg: 0x0A Val: 0x00000001
In clock cycle: 40
Register Write to Reg: 0x0C Val: 0x00000004
In clock cycle: 41
Register Write to Reg: 0x0C Val: 0x10010004
In clock cycle: 42
Register Write to Reg: 0x0D Val: 0x10010008
In clock cycle: 43
Register Write to Reg: 0x0E Val: 0x00000008
In clock cycle: 44
Register Write to Reg: 0x0F Val: 0x00000007
In clock cycle: 45
Register Write to Reg: 0x18 Val: 0x00000001
In clock cycle: 49
Register Write to Reg: 0x09 Val: 0x00000002
In clock cycle: 50
Register Write to Reg: 0x0A Val: 0x00000001
In clock cycle: 54
Register Write to Reg: 0x0C Val: 0x00000008
In clock cycle: 55
Register Write to Reg: 0x0C Val: 0x10010008
In clock cycle: 56
Register Write to Reg: 0x0D Val: 0x1001000C
In clock cycle: 57
Register Write to Reg: 0x0E Val: 0x00000007
In clock cycle: 58
Register Write to Reg: 0x0F Val: 0x00000006
In clock cycle: 59
Register Write to Reg: 0x18 Val: 0x00000001
In clock cycle: 63
Register Write to Reg: 0x09 Val: 0x00000003
In clock cycle: 64
Register Write to Reg: 0x0A Val: 0x00000001
In clock cycle: 68
Register Write to Reg: 0x0C Val: 0x0000000C
In clock cycle: 69
Register Write to Reg: 0x0C Val: 0x1001000C
In clock cycle: 70
Register Write to Reg: 0x0D Val: 0x10010010
In clock cycle: 71
Register Write to Reg: 0x0E Val: 0x00000006
In clock cycle: 72
Register Write to Reg: 0x0F Val: 0x00000005
In clock cycle: 73
Register Write to Reg: 0x18 Val: 0x00000001
In clock cycle: 77
Register Write to Reg: 0x09 Val: 0x00000004
In clock cycle: 78
Register Write to Reg: 0x0A Val: 0x00000001
In clock cycle: 82
Register Write to Reg: 0x0C Val: 0x00000010
In clock cycle: 83
Register Write to Reg: 0x0C Val: 0x10010010
In clock cycle: 84
Register Write to Reg: 0x0D Val: 0x10010014
In clock cycle: 85
Register Write to Reg: 0x0E Val: 0x00000005
In clock cycle: 86
Register Write to Reg: 0x0F Val: 0x00000004
In clock cycle: 87
Register Write to Reg: 0x18 Val: 0x00000001
In clock cycle: 91
Register Write to Reg: 0x09 Val: 0x00000005
In clock cycle: 92
Register Write to Reg: 0x0A Val: 0x00000001
In clock cycle: 96
Register Write to Reg: 0x0C Val: 0x00000014
In clock cycle: 97
Register Write to Reg: 0x0C Val: 0x10010014
In clock cycle: 98
Register Write to Reg: 0x0D Val: 0x10010018
In clock cycle: 99
Register Write to Reg: 0x0E Val: 0x00000004
In clock cycle: 100
Register Write to Reg: 0x0F Val: 0x00000003
In clock cycle: 101
Register Write to Reg: 0x18 Val: 0x00000001
In clock cycle: 105
Register Write to Reg: 0x09 Val: 0x00000006
In clock cycle: 106
Register Write to Reg: 0x0A Val: 0x00000001
In clock cycle: 110
Register Write to Reg: 0x0C Val: 0x00000018
In clock cycle: 111
Register Write to Reg: 0x0C Val: 0x10010018
In clock cycle: 112
Register Write to Reg: 0x0D Val: 0x1001001C
In clock cycle: 113
Register Write to Reg: 0x0E Val: 0x00000003
In clock cycle: 114
Register Write to Reg: 0x0F Val: 0x00000002
In clock cycle: 115
Register Write to Reg: 0x18 Val: 0x00000001
In clock cycle: 119
Register Write to Reg: 0x09 Val: 0x00000007
In clock cycle: 120
Register Write to Reg: 0x0A Val: 0x00000001
In clock cycle: 124
Register Write to Reg: 0x0C Val: 0x0000001C
In clock cycle: 125
Register Write to Reg: 0x0C Val: 0x1001001C
In clock cycle: 126
Register Write to Reg: 0x0D Val: 0x10010020
In clock cycle: 127
Register Write to Reg: 0x0E Val: 0x00000002
In clock cycle: 128
Register Write to Reg: 0x0F Val: 0x00000001
In clock cycle: 129
Register Write to Reg: 0x18 Val: 0x00000001
In clock cycle: 133
Register Write to Reg: 0x09 Val: 0x00000008
In clock cycle: 134
Register Write to Reg: 0x0A Val: 0x00000001
In clock cycle: 138
Register Write to Reg: 0x0C Val: 0x00000020
In clock cycle: 139
Register Write to Reg: 0x0C Val: 0x10010020
In clock cycle: 140
Register Write to Reg: 0x0D Val: 0x10010024
In clock cycle: 141
Register Write to Reg: 0x0E Val: 0x00000001
In clock cycle: 142
Register Write to Reg: 0x0F Val: 0x00000000
In clock cycle: 143
Register Write to Reg: 0x18 Val: 0x00000001
In clock cycle: 147
Register Write to Reg: 0x09 Val: 0x00000009
In clock cycle: 148
Register Write to Reg: 0x0A Val: 0x00000000
In clock cycle: 150
Register Write to Reg: 0x08 Val: 0x00000001
In clock cycle: 151
Register Write to Reg: 0x0B Val: 0x00000001
In clock cycle: 155
Register Write to Reg: 0x09 Val: 0x00000000
In clock cycle: 156
Register Write to Reg: 0x13 Val: 0x00000008
In clock cycle: 159
Register Write to Reg: 0x0A Val: 0x00000001
In clock cycle: 163
Register Write to Reg: 0x0C Val: 0x00000000
In clock cycle: 164
Register Write to Reg: 0x0C Val: 0x10010000
In clock cycle: 165
Register Write to Reg: 0x0D Val: 0x10010004
In clock cycle: 166
Register Write to Reg: 0x0E Val: 0x00000009
In clock cycle: 167
Register Write to Reg: 0x0F Val: 0x00000008
In clock cycle: 168
Register Write to Reg: 0x18 Val: 0x00000001
In clock cycle: 172
Register Write to Reg: 0x09 Val: 0x00000001
In clock cycle: 173
Register Write to Reg: 0x0A Val: 0x00000001
In clock cycle: 177
Register Write to Reg: 0x0C Val: 0x00000004
In clock cycle: 178
Register Write to Reg: 0x0C Val: 0x10010004
In clock cycle: 179
Register Write to Reg: 0x0D Val: 0x10010008
In clock cycle: 180
Register Write to Reg: 0x0E Val: 0x00000008
In clock cycle: 181
Register Write to Reg: 0x0F Val: 0x00000007
In clock cycle: 182
Register Write to Reg: 0x18 Val: 0x00000001
In clock cycle: 186
Register Write to Reg: 0x09 Val: 0x00000002
In clock cycle: 187
Register Write to Reg: 0x0A Val: 0x00000001
In clock cycle: 191
Register Write to Reg: 0x0C Val: 0x00000008
In clock cycle: 192
Register Write to Reg: 0x0C Val: 0x10010008
In clock cycle: 193
Register Write to Reg: 0x0D Val: 0x1001000C
In clock cycle: 194
Register Write to Reg: 0x0E Val: 0x00000007
In clock cycle: 195
Register Write to Reg: 0x0F Val: 0x00000006
In clock cycle: 196
Register Write to Reg: 0x18 Val: 0x00000001
In clock cycle: 200
Register Write to Reg: 0x09 Val: 0x00000003
In clock cycle: 201
Register Write to Reg: 0x0A Val: 0x00000001
In clock cycle: 205
Register Write to Reg: 0x0C Val: 0x0000000C
In clock cycle: 206
Register Write to Reg: 0x0C Val: 0x1001000C
In clock cycle: 207
Register Write to Reg: 0x0D Val: 0x10010010
In clock cycle: 208
Register Write to Reg: 0x0E Val: 0x00000006
In clock cycle: 209
Register Write to Reg: 0x0F Val: 0x00000005
In clock cycle: 210
Register Write to Reg: 0x18 Val: 0x00000001
In clock cycle: 214
Register Write to Reg: 0x09 Val: 0x00000004
In clock cycle: 215
Register Write to Reg: 0x0A Val: 0x00000001
In clock cycle: 219
Register Write to Reg: 0x0C Val: 0x00000010
In clock cycle: 220
Register Write to Reg: 0x0C Val: 0x10010010
In clock cycle: 221
Register Write to Reg: 0x0D Val: 0x10010014
In clock cycle: 222
Register Write to Reg: 0x0E Val: 0x00000005
In clock cycle: 223
Register Write to Reg: 0x0F Val: 0x00000004
In clock cycle: 224
Register Write to Reg: 0x18 Val: 0x00000001
In clock cycle: 228
Register Write to Reg: 0x09 Val: 0x00000005
In clock cycle: 229
Register Write to Reg: 0x0A Val: 0x00000001
In clock cycle: 233
Register Write to Reg: 0x0C Val: 0x00000014
In clock cycle: 234
Register Write to Reg: 0x0C Val: 0x10010014
In clock cycle: 235
Register Write to Reg: 0x0D Val: 0x10010018
In clock cycle: 236
Register Write to Reg: 0x0E Val: 0x00000004
In clock cycle: 237
Register Write to Reg: 0x0F Val: 0x00000003
In clock cycle: 238
Register Write to Reg: 0x18 Val: 0x00000001
In clock cycle: 242
Register Write to Reg: 0x09 Val: 0x00000006
In clock cycle: 243
Register Write to Reg: 0x0A Val: 0x00000001
In clock cycle: 247
Register Write to Reg: 0x0C Val: 0x00000018
In clock cycle: 248
Register Write to Reg: 0x0C Val: 0x10010018
In clock cycle: 249
Register Write to Reg: 0x0D Val: 0x1001001C
In clock cycle: 250
Register Write to Reg: 0x0E Val: 0x00000003
In clock cycle: 251
Register Write to Reg: 0x0F Val: 0x00000002
In clock cycle: 252
Register Write to Reg: 0x18 Val: 0x00000001
In clock cycle: 256
Register Write to Reg: 0x09 Val: 0x00000007
In clock cycle: 257
Register Write to Reg: 0x0A Val: 0x00000001
In clock cycle: 261
Register Write to Reg: 0x0C Val: 0x0000001C
In clock cycle: 262
Register Write to Reg: 0x0C Val: 0x1001001C
In clock cycle: 263
Register Write to Reg: 0x0D Val: 0x10010020
In clock cycle: 264
Register Write to Reg: 0x0E Val: 0x00000002
In clock cycle: 265
Register Write to Reg: 0x0F Val: 0x00000001
In clock cycle: 266
Register Write to Reg: 0x18 Val: 0x00000001
In clock cycle: 270
Register Write to Reg: 0x09 Val: 0x00000008
In clock cycle: 271
Register Write to Reg: 0x0A Val: 0x00000000
In clock cycle: 273
Register Write to Reg: 0x08 Val: 0x00000002
In clock cycle: 274
Register Write to Reg: 0x0B Val: 0x00000001
In clock cycle: 278
Register Write to Reg: 0x09 Val: 0x00000000
In clock cycle: 279
Register Write to Reg: 0x13 Val: 0x00000007
In clock cycle: 282
Register Write to Reg: 0x0A Val: 0x00000001
In clock cycle: 286
Register Write to Reg: 0x0C Val: 0x00000000
In clock cycle: 287
Register Write to Reg: 0x0C Val: 0x10010000
In clock cycle: 288
Register Write to Reg: 0x0D Val: 0x10010004
In clock cycle: 289
Register Write to Reg: 0x0E Val: 0x00000009
In clock cycle: 290
Register Write to Reg: 0x0F Val: 0x00000008
In clock cycle: 291
Register Write to Reg: 0x18 Val: 0x00000001
In clock cycle: 295
Register Write to Reg: 0x09 Val: 0x00000001
In clock cycle: 296
Register Write to Reg: 0x0A Val: 0x00000001
In clock cycle: 300
Register Write to Reg: 0x0C Val: 0x00000004
In clock cycle: 301
Register Write to Reg: 0x0C Val: 0x10010004
In clock cycle: 302
Register Write to Reg: 0x0D Val: 0x10010008
In clock cycle: 303
Register Write to Reg: 0x0E Val: 0x00000008
In clock cycle: 304
Register Write to Reg: 0x0F Val: 0x00000007
In clock cycle: 305
Register Write to Reg: 0x18 Val: 0x00000001
In clock cycle: 309
Register Write to Reg: 0x09 Val: 0x00000002
In clock cycle: 310
Register Write to Reg: 0x0A Val: 0x00000001
In clock cycle: 314
Register Write to Reg: 0x0C Val: 0x00000008
In clock cycle: 315
Register Write to Reg: 0x0C Val: 0x10010008
In clock cycle: 316
Register Write to Reg: 0x0D Val: 0x1001000C
In clock cycle: 317
Register Write to Reg: 0x0E Val: 0x00000007
In clock cycle: 318
Register Write to Reg: 0x0F Val: 0x00000006
In clock cycle: 319
Register Write to Reg: 0x18 Val: 0x00000001
In clock cycle: 323
Register Write to Reg: 0x09 Val: 0x00000003
In clock cycle: 324
Register Write to Reg: 0x0A Val: 0x00000001
In clock cycle: 328
Register Write to Reg: 0x0C Val: 0x0000000C
In clock cycle: 329
Register Write to Reg: 0x0C Val: 0x1001000C
In clock cycle: 330
Register Write to Reg: 0x0D Val: 0x10010010
In clock cycle: 331
Register Write to Reg: 0x0E Val: 0x00000006
In clock cycle: 332
Register Write to Reg: 0x0F Val: 0x00000005
In clock cycle: 333
Register Write to Reg: 0x18 Val: 0x00000001
In clock cycle: 337
Register Write to Reg: 0x09 Val: 0x00000004
In clock cycle: 338
Register Write to Reg: 0x0A Val: 0x00000001
In clock cycle: 342
Register Write to Reg: 0x0C Val: 0x00000010
In clock cycle: 343
Register Write to Reg: 0x0C Val: 0x10010010
In clock cycle: 344
Register Write to Reg: 0x0D Val: 0x10010014
In clock cycle: 345
Register Write to Reg: 0x0E Val: 0x00000005
In clock cycle: 346
Register Write to Reg: 0x0F Val: 0x00000004
In clock cycle: 347
Register Write to Reg: 0x18 Val: 0x00000001
In clock cycle: 351
Register Write to Reg: 0x09 Val: 0x00000005
In clock cycle: 352
Register Write to Reg: 0x0A Val: 0x00000001
In clock cycle: 356
Register Write to Reg: 0x0C Val: 0x00000014
In clock cycle: 357
Register Write to Reg: 0x0C Val: 0x10010014
In clock cycle: 358
Register Write to Reg: 0x0D Val: 0x10010018
In clock cycle: 359
Register Write to Reg: 0x0E Val: 0x00000004
In clock cycle: 360
Register Write to Reg: 0x0F Val: 0x00000003
In clock cycle: 361
Register Write to Reg: 0x18 Val: 0x00000001
In clock cycle: 365
Register Write to Reg: 0x09 Val: 0x00000006
In clock cycle: 366
Register Write to Reg: 0x0A Val: 0x00000001
In clock cycle: 370
Register Write to Reg: 0x0C Val: 0x00000018
In clock cycle: 371
Register Write to Reg: 0x0C Val: 0x10010018
In clock cycle: 372
Register Write to Reg: 0x0D Val: 0x1001001C
In clock cycle: 373
Register Write to Reg: 0x0E Val: 0x00000003
In clock cycle: 374
Register Write to Reg: 0x0F Val: 0x00000002
In clock cycle: 375
Register Write to Reg: 0x18 Val: 0x00000001
In clock cycle: 379
Register Write to Reg: 0x09 Val: 0x00000007
In clock cycle: 380
Register Write to Reg: 0x0A Val: 0x00000000
In clock cycle: 382
Register Write to Reg: 0x08 Val: 0x00000003
In clock cycle: 383
Register Write to Reg: 0x0B Val: 0x00000001
In clock cycle: 387
Register Write to Reg: 0x09 Val: 0x00000000
In clock cycle: 388
Register Write to Reg: 0x13 Val: 0x00000006
In clock cycle: 391
Register Write to Reg: 0x0A Val: 0x00000001
In clock cycle: 395
Register Write to Reg: 0x0C Val: 0x00000000
In clock cycle: 396
Register Write to Reg: 0x0C Val: 0x10010000
In clock cycle: 397
Register Write to Reg: 0x0D Val: 0x10010004
In clock cycle: 398
Register Write to Reg: 0x0E Val: 0x00000009
In clock cycle: 399
Register Write to Reg: 0x0F Val: 0x00000008
In clock cycle: 400
Register Write to Reg: 0x18 Val: 0x00000001
In clock cycle: 404
Register Write to Reg: 0x09 Val: 0x00000001
In clock cycle: 405
Register Write to Reg: 0x0A Val: 0x00000001
In clock cycle: 409
Register Write to Reg: 0x0C Val: 0x00000004
In clock cycle: 410
Register Write to Reg: 0x0C Val: 0x10010004
In clock cycle: 411
Register Write to Reg: 0x0D Val: 0x10010008
In clock cycle: 412
Register Write to Reg: 0x0E Val: 0x00000008
In clock cycle: 413
Register Write to Reg: 0x0F Val: 0x00000007
In clock cycle: 414
Register Write to Reg: 0x18 Val: 0x00000001
In clock cycle: 418
Register Write to Reg: 0x09 Val: 0x00000002
In clock cycle: 419
Register Write to Reg: 0x0A Val: 0x00000001
In clock cycle: 423
Register Write to Reg: 0x0C Val: 0x00000008
In clock cycle: 424
Register Write to Reg: 0x0C Val: 0x10010008
In clock cycle: 425
Register Write to Reg: 0x0D Val: 0x1001000C
In clock cycle: 426
Register Write to Reg: 0x0E Val: 0x00000007
In clock cycle: 427
Register Write to Reg: 0x0F Val: 0x00000006
In clock cycle: 428
Register Write to Reg: 0x18 Val: 0x00000001
In clock cycle: 432
Register Write to Reg: 0x09 Val: 0x00000003
In clock cycle: 433
Register Write to Reg: 0x0A Val: 0x00000001
In clock cycle: 437
Register Write to Reg: 0x0C Val: 0x0000000C
In clock cycle: 438
Register Write to Reg: 0x0C Val: 0x1001000C
In clock cycle: 439
Register Write to Reg: 0x0D Val: 0x10010010
In clock cycle: 440
Register Write to Reg: 0x0E Val: 0x00000006
In clock cycle: 441
Register Write to Reg: 0x0F Val: 0x00000005
In clock cycle: 442
Register Write to Reg: 0x18 Val: 0x00000001
In clock cycle: 446
Register Write to Reg: 0x09 Val: 0x00000004
In clock cycle: 447
Register Write to Reg: 0x0A Val: 0x00000001
In clock cycle: 451
Register Write to Reg: 0x0C Val: 0x00000010
In clock cycle: 452
Register Write to Reg: 0x0C Val: 0x10010010
In clock cycle: 453
Register Write to Reg: 0x0D Val: 0x10010014
In clock cycle: 454
Register Write to Reg: 0x0E Val: 0x00000005
In clock cycle: 455
Register Write to Reg: 0x0F Val: 0x00000004
In clock cycle: 456
Register Write to Reg: 0x18 Val: 0x00000001
In clock cycle: 460
Register Write to Reg: 0x09 Val: 0x00000005
In clock cycle: 461
Register Write to Reg: 0x0A Val: 0x00000001
In clock cycle: 465
Register Write to Reg: 0x0C Val: 0x00000014
In clock cycle: 466
Register Write to Reg: 0x0C Val: 0x10010014
In clock cycle: 467
Register Write to Reg: 0x0D Val: 0x10010018
In clock cycle: 468
Register Write to Reg: 0x0E Val: 0x00000004
In clock cycle: 469
Register Write to Reg: 0x0F Val: 0x00000003
In clock cycle: 470
Register Write to Reg: 0x18 Val: 0x00000001
In clock cycle: 474
Register Write to Reg: 0x09 Val: 0x00000006
In clock cycle: 475
Register Write to Reg: 0x0A Val: 0x00000000
In clock cycle: 477
Register Write to Reg: 0x08 Val: 0x00000004
In clock cycle: 478
Register Write to Reg: 0x0B Val: 0x00000001
In clock cycle: 482
Register Write to Reg: 0x09 Val: 0x00000000
In clock cycle: 483
Register Write to Reg: 0x13 Val: 0x00000005
In clock cycle: 486
Register Write to Reg: 0x0A Val: 0x00000001
In clock cycle: 490
Register Write to Reg: 0x0C Val: 0x00000000
In clock cycle: 491
Register Write to Reg: 0x0C Val: 0x10010000
In clock cycle: 492
Register Write to Reg: 0x0D Val: 0x10010004
In clock cycle: 493
Register Write to Reg: 0x0E Val: 0x00000009
In clock cycle: 494
Register Write to Reg: 0x0F Val: 0x00000008
In clock cycle: 495
Register Write to Reg: 0x18 Val: 0x00000001
In clock cycle: 499
Register Write to Reg: 0x09 Val: 0x00000001
In clock cycle: 500
Register Write to Reg: 0x0A Val: 0x00000001
In clock cycle: 504
Register Write to Reg: 0x0C Val: 0x00000004
In clock cycle: 505
Register Write to Reg: 0x0C Val: 0x10010004
In clock cycle: 506
Register Write to Reg: 0x0D Val: 0x10010008
In clock cycle: 507
Register Write to Reg: 0x0E Val: 0x00000008
In clock cycle: 508
Register Write to Reg: 0x0F Val: 0x00000007
In clock cycle: 509
Register Write to Reg: 0x18 Val: 0x00000001
In clock cycle: 513
Register Write to Reg: 0x09 Val: 0x00000002
In clock cycle: 514
Register Write to Reg: 0x0A Val: 0x00000001
In clock cycle: 518
Register Write to Reg: 0x0C Val: 0x00000008
In clock cycle: 519
Register Write to Reg: 0x0C Val: 0x10010008
In clock cycle: 520
Register Write to Reg: 0x0D Val: 0x1001000C
In clock cycle: 521
Register Write to Reg: 0x0E Val: 0x00000007
In clock cycle: 522
Register Write to Reg: 0x0F Val: 0x00000006
In clock cycle: 523
Register Write to Reg: 0x18 Val: 0x00000001
In clock cycle: 527
Register Write to Reg: 0x09 Val: 0x00000003
In clock cycle: 528
Register Write to Reg: 0x0A Val: 0x00000001
In clock cycle: 532
Register Write to Reg: 0x0C Val: 0x0000000C
In clock cycle: 533
Register Write to Reg: 0x0C Val: 0x1001000C
In clock cycle: 534
Register Write to Reg: 0x0D Val: 0x10010010
In clock cycle: 535
Register Write to Reg: 0x0E Val: 0x00000006
In clock cycle: 536
Register Write to Reg: 0x0F Val: 0x00000005
In clock cycle: 537
Register Write to Reg: 0x18 Val: 0x00000001
In clock cycle: 541
Register Write to Reg: 0x09 Val: 0x00000004
In clock cycle: 542
Register Write to Reg: 0x0A Val: 0x00000001
In clock cycle: 546
Register Write to Reg: 0x0C Val: 0x00000010
In clock cycle: 547
Register Write to Reg: 0x0C Val: 0x10010010
In clock cycle: 548
Register Write to Reg: 0x0D Val: 0x10010014
In clock cycle: 549
Register Write to Reg: 0x0E Val: 0x00000005
In clock cycle: 550
Register Write to Reg: 0x0F Val: 0x00000004
In clock cycle: 551
Register Write to Reg: 0x18 Val: 0x00000001
In clock cycle: 555
Register Write to Reg: 0x09 Val: 0x00000005
In clock cycle: 556
Register Write to Reg: 0x0A Val: 0x00000000
In clock cycle: 558
Register Write to Reg: 0x08 Val: 0x00000005
In clock cycle: 559
Register Write to Reg: 0x0B Val: 0x00000001
In clock cycle: 563
Register Write to Reg: 0x09 Val: 0x00000000
In clock cycle: 564
Register Write to Reg: 0x13 Val: 0x00000004
In clock cycle: 567
Register Write to Reg: 0x0A Val: 0x00000001
In clock cycle: 571
Register Write to Reg: 0x0C Val: 0x00000000
In clock cycle: 572
Register Write to Reg: 0x0C Val: 0x10010000
In clock cycle: 573
Register Write to Reg: 0x0D Val: 0x10010004
In clock cycle: 574
Register Write to Reg: 0x0E Val: 0x00000009
In clock cycle: 575
Register Write to Reg: 0x0F Val: 0x00000008
In clock cycle: 576
Register Write to Reg: 0x18 Val: 0x00000001
In clock cycle: 580
Register Write to Reg: 0x09 Val: 0x00000001
In clock cycle: 581
Register Write to Reg: 0x0A Val: 0x00000001
In clock cycle: 585
Register Write to Reg: 0x0C Val: 0x00000004
In clock cycle: 586
Register Write to Reg: 0x0C Val: 0x10010004
In clock cycle: 587
Register Write to Reg: 0x0D Val: 0x10010008
In clock cycle: 588
Register Write to Reg: 0x0E Val: 0x00000008
In clock cycle: 589
Register Write to Reg: 0x0F Val: 0x00000007
In clock cycle: 590
Register Write to Reg: 0x18 Val: 0x00000001
In clock cycle: 594
Register Write to Reg: 0x09 Val: 0x00000002
In clock cycle: 595
Register Write to Reg: 0x0A Val: 0x00000001
In clock cycle: 599
Register Write to Reg: 0x0C Val: 0x00000008
In clock cycle: 600
Register Write to Reg: 0x0C Val: 0x10010008
In clock cycle: 601
Register Write to Reg: 0x0D Val: 0x1001000C
In clock cycle: 602
Register Write to Reg: 0x0E Val: 0x00000007
In clock cycle: 603
Register Write to Reg: 0x0F Val: 0x00000006
In clock cycle: 604
Register Write to Reg: 0x18 Val: 0x00000001
In clock cycle: 608
Register Write to Reg: 0x09 Val: 0x00000003
In clock cycle: 609
Register Write to Reg: 0x0A Val: 0x00000001
In clock cycle: 613
Register Write to Reg: 0x0C Val: 0x0000000C
In clock cycle: 614
Register Write to Reg: 0x0C Val: 0x1001000C
In clock cycle: 615
Register Write to Reg: 0x0D Val: 0x10010010
In clock cycle: 616
Register Write to Reg: 0x0E Val: 0x00000006
In clock cycle: 617
Register Write to Reg: 0x0F Val: 0x00000005
In clock cycle: 618
Register Write to Reg: 0x18 Val: 0x00000001
In clock cycle: 622
Register Write to Reg: 0x09 Val: 0x00000004
In clock cycle: 623
Register Write to Reg: 0x0A Val: 0x00000000
In clock cycle: 625
Register Write to Reg: 0x08 Val: 0x00000006
In clock cycle: 626
Register Write to Reg: 0x0B Val: 0x00000001
In clock cycle: 630
Register Write to Reg: 0x09 Val: 0x00000000
In clock cycle: 631
Register Write to Reg: 0x13 Val: 0x00000003
In clock cycle: 634
Register Write to Reg: 0x0A Val: 0x00000001
In clock cycle: 638
Register Write to Reg: 0x0C Val: 0x00000000
In clock cycle: 639
Register Write to Reg: 0x0C Val: 0x10010000
In clock cycle: 640
Register Write to Reg: 0x0D Val: 0x10010004
In clock cycle: 641
Register Write to Reg: 0x0E Val: 0x00000009
In clock cycle: 642
Register Write to Reg: 0x0F Val: 0x00000008
In clock cycle: 643
Register Write to Reg: 0x18 Val: 0x00000001
In clock cycle: 647
Register Write to Reg: 0x09 Val: 0x00000001
In clock cycle: 648
Register Write to Reg: 0x0A Val: 0x00000001
In clock cycle: 652
Register Write to Reg: 0x0C Val: 0x00000004
In clock cycle: 653
Register Write to Reg: 0x0C Val: 0x10010004
In clock cycle: 654
Register Write to Reg: 0x0D Val: 0x10010008
In clock cycle: 655
Register Write to Reg: 0x0E Val: 0x00000008
In clock cycle: 656
Register Write to Reg: 0x0F Val: 0x00000007
In clock cycle: 657
Register Write to Reg: 0x18 Val: 0x00000001
In clock cycle: 661
Register Write to Reg: 0x09 Val: 0x00000002
In clock cycle: 662
Register Write to Reg: 0x0A Val: 0x00000001
In clock cycle: 666
Register Write to Reg: 0x0C Val: 0x00000008
In clock cycle: 667
Register Write to Reg: 0x0C Val: 0x10010008
In clock cycle: 668
Register Write to Reg: 0x0D Val: 0x1001000C
In clock cycle: 669
Register Write to Reg: 0x0E Val: 0x00000007
In clock cycle: 670
Register Write to Reg: 0x0F Val: 0x00000006
In clock cycle: 671
Register Write to Reg: 0x18 Val: 0x00000001
In clock cycle: 675
Register Write to Reg: 0x09 Val: 0x00000003
In clock cycle: 676
Register Write to Reg: 0x0A Val: 0x00000000
In clock cycle: 678
Register Write to Reg: 0x08 Val: 0x00000007
In clock cycle: 679
Register Write to Reg: 0x0B Val: 0x00000001
In clock cycle: 683
Register Write to Reg: 0x09 Val: 0x00000000
In clock cycle: 684
Register Write to Reg: 0x13 Val: 0x00000002
In clock cycle: 687
Register Write to Reg: 0x0A Val: 0x00000001
In clock cycle: 691
Register Write to Reg: 0x0C Val: 0x00000000
In clock cycle: 692
Register Write to Reg: 0x0C Val: 0x10010000
In clock cycle: 693
Register Write to Reg: 0x0D Val: 0x10010004
In clock cycle: 694
Register Write to Reg: 0x0E Val: 0x00000009
In clock cycle: 695
Register Write to Reg: 0x0F Val: 0x00000008
In clock cycle: 696
Register Write to Reg: 0x18 Val: 0x00000001
In clock cycle: 700
Register Write to Reg: 0x09 Val: 0x00000001
In clock cycle: 701
Register Write to Reg: 0x0A Val: 0x00000001
In clock cycle: 705
Register Write to Reg: 0x0C Val: 0x00000004
In clock cycle: 706
Register Write to Reg: 0x0C Val: 0x10010004
In clock cycle: 707
Register Write to Reg: 0x0D Val: 0x10010008
In clock cycle: 708
Register Write to Reg: 0x0E Val: 0x00000008
In clock cycle: 709
Register Write to Reg: 0x0F Val: 0x00000007
In clock cycle: 710
Register Write to Reg: 0x18 Val: 0x00000001
In clock cycle: 714
Register Write to Reg: 0x09 Val: 0x00000002
In clock cycle: 715
Register Write to Reg: 0x0A Val: 0x00000000
In clock cycle: 717
Register Write to Reg: 0x08 Val: 0x00000008
In clock cycle: 718
Register Write to Reg: 0x0B Val: 0x00000001
In clock cycle: 722
Register Write to Reg: 0x09 Val: 0x00000000
In clock cycle: 723
Register Write to Reg: 0x13 Val: 0x00000001
In clock cycle: 726
Register Write to Reg: 0x0A Val: 0x00000001
In clock cycle: 730
Register Write to Reg: 0x0C Val: 0x00000000
In clock cycle: 731
Register Write to Reg: 0x0C Val: 0x10010000
In clock cycle: 732
Register Write to Reg: 0x0D Val: 0x10010004
In clock cycle: 733
Register Write to Reg: 0x0E Val: 0x00000009
In clock cycle: 734
Register Write to Reg: 0x0F Val: 0x00000008
In clock cycle: 735
Register Write to Reg: 0x18 Val: 0x00000001
In clock cycle: 739
Register Write to Reg: 0x09 Val: 0x00000001
In clock cycle: 740
Register Write to Reg: 0x0A Val: 0x00000000
In clock cycle: 742
Register Write to Reg: 0x08 Val: 0x00000009
In clock cycle: 743
Register Write to Reg: 0x0B Val: 0x00000000
In clock cycle: 745
Register Write to Reg: 0x00 Val: 0x00000000
Execution is stopping! Clock Cycle: 745
