Reading pref.tcl

# 2022.2

# vsim -postsimdataflow -debugdb -c -voptargs=""+acc"" tb -do "modelsim_framework.do" -gOUTPUT_TRACE=ms.trace 
# Start time: 21:17:46 on Dec 10,2022
# ** Note: (vsim-3812) Design is being optimized...
# ** Note: (vsim-8611) Generating debug db.
# ** Warning: (vopt-10587) Some optimizations are turned off because the +acc switch is in effect. This will cause your simulation to run slowly. Please use -access/-debug to maintain needed visibility.
# ** Note: (vopt-4301) Memory core inferred for signal 'ram' width=32, depth=1024, type=RAM at location proj/src/TopLevel/mem.vhd:35
# ** Note: (vsim-12126) Error and warning message counts have been restored: Errors=0, Warnings=1.
# //  Questa Sim-64
# //  Version 2022.2 linux_x86_64 Apr 25 2022
# //
# //  Copyright 1991-2022 Mentor Graphics Corporation
# //  All Rights Reserved.
# //
# //  QuestaSim and its associated documentation contain trade
# //  secrets and commercial or financial information that are the property of
# //  Mentor Graphics Corporation and are privileged, confidential,
# //  and exempt from disclosure under the Freedom of Information Act,
# //  5 U.S.C. Section 552. Furthermore, this information
# //  is prohibited from disclosure under the Trade Secrets Act,
# //  18 U.S.C. Section 1905.
# //
# Loading std.standard
# Loading std.textio(body)
# Loading ieee.std_logic_1164(body)
# Loading ieee.std_logic_textio(body)
# Loading std.env(body)
# Loading work.tb(mixed)#1
# Loading ieee.numeric_std(body)
# Loading work.mips_types(body)
# Loading work.mips_processor(structure)#1
# Loading work.mem(rtl)#1
# Loading work.control(behavioral)#1
# Loading work.foward(behavioral)#1
# Loading work.controlhazards(behavioral)#1
# Loading work.notg(dataflow)#1
# Loading work.andg6(dataflow)#1
# Loading work.org5(dataflow)#1
# Loading work.alu(mixed)#1
# Loading work.barrel_shifter(mixed)#1
# Loading work.andg2(dataflow)#1
# Loading work.org2(dataflow)#1
# Loading work.xorg2(dataflow)#1
# Loading work.norg(dataflow)#1
# Loading work.addsub(structure)#1
# Loading work.fulladder(structure)#1
# Loading work.muxpkg
# Loading work.regfile(mixed)#1
# Loading work.n_dff(structural)#1
# Loading work.dffg(mixed)#1
# Loading work.flush_reg(structural)#1
# Loading work.dffgspecial(mixed)#1
# Loading work.flush_reg(structural)#2
# Loading work.n_dff(structural)#2
# Loading work.n_dff(structural)#3
# Loading work.flush_reg(structural)#3
# ** Note: (vsim-8900) Creating design debug database vsim.dbg.
# do modelsim_framework.do
# ** Warning: NUMERIC_STD.TO_INTEGER: metavalue detected, returning 0
#    Time: 0 ns  Iteration: 0  Instance: /tb/MyMips
# ** Warning: NUMERIC_STD.TO_INTEGER: metavalue detected, returning 0
#    Time: 0 ns  Iteration: 0  Instance: /tb/MyMips
# ** Warning: NUMERIC_STD.TO_INTEGER: metavalue detected, returning 0
#    Time: 0 ns  Iteration: 0  Instance: /tb/MyMips
# ** Warning: NUMERIC_STD.TO_INTEGER: metavalue detected, returning 0
#    Time: 0 ns  Iteration: 0  Instance: /tb/MyMips/DMem
# ** Warning: NUMERIC_STD.TO_INTEGER: metavalue detected, returning 0
#    Time: 0 ns  Iteration: 0  Instance: /tb/MyMips/IMem
# ** Warning: NUMERIC_STD.TO_INTEGER: metavalue detected, returning 0
#    Time: 0 ns  Iteration: 1  Instance: /tb/MyMips
# ** Warning: (vsim-151) NUMERIC_STD.TO_INTEGER: Value -98168 is not in bounds of subtype NATURAL.
#    Time: 140 ns  Iteration: 4  Instance: /tb/MyMips
# ** Warning: (vsim-151) NUMERIC_STD.TO_INTEGER: Value -76 is not in bounds of subtype NATURAL.
#    Time: 260 ns  Iteration: 7  Instance: /tb/MyMips
# ** Warning: (vsim-151) NUMERIC_STD.TO_INTEGER: Value -106360 is not in bounds of subtype NATURAL.
#    Time: 340 ns  Iteration: 4  Instance: /tb/MyMips
# ** Warning: (vsim-151) NUMERIC_STD.TO_INTEGER: Value -52 is not in bounds of subtype NATURAL.
#    Time: 420 ns  Iteration: 7  Instance: /tb/MyMips
# ** Warning: (vsim-151) NUMERIC_STD.TO_INTEGER: Value -65368 is not in bounds of subtype NATURAL.
#    Time: 580 ns  Iteration: 4  Instance: /tb/MyMips
# ** Warning: (vsim-151) NUMERIC_STD.TO_INTEGER: Value -52 is not in bounds of subtype NATURAL.
#    Time: 700 ns  Iteration: 7  Instance: /tb/MyMips
# ** Warning: (vsim-151) NUMERIC_STD.TO_INTEGER: Value -65368 is not in bounds of subtype NATURAL.
#    Time: 860 ns  Iteration: 4  Instance: /tb/MyMips
# ** Warning: (vsim-151) NUMERIC_STD.TO_INTEGER: Value -52 is not in bounds of subtype NATURAL.
#    Time: 980 ns  Iteration: 7  Instance: /tb/MyMips
# ** Warning: (vsim-151) NUMERIC_STD.TO_INTEGER: Value -65368 is not in bounds of subtype NATURAL.
#    Time: 1140 ns  Iteration: 4  Instance: /tb/MyMips
# ** Warning: (vsim-151) NUMERIC_STD.TO_INTEGER: Value -52 is not in bounds of subtype NATURAL.
#    Time: 1260 ns  Iteration: 7  Instance: /tb/MyMips
# ** Warning: (vsim-151) NUMERIC_STD.TO_INTEGER: Value -65368 is not in bounds of subtype NATURAL.
#    Time: 1420 ns  Iteration: 4  Instance: /tb/MyMips
# ** Warning: (vsim-151) NUMERIC_STD.TO_INTEGER: Value -52 is not in bounds of subtype NATURAL.
#    Time: 1540 ns  Iteration: 7  Instance: /tb/MyMips
# ** Warning: (vsim-151) NUMERIC_STD.TO_INTEGER: Value -65368 is not in bounds of subtype NATURAL.
#    Time: 1700 ns  Iteration: 4  Instance: /tb/MyMips
# ** Warning: (vsim-151) NUMERIC_STD.TO_INTEGER: Value -52 is not in bounds of subtype NATURAL.
#    Time: 1820 ns  Iteration: 7  Instance: /tb/MyMips
# ** Warning: (vsim-151) NUMERIC_STD.TO_INTEGER: Value -65368 is not in bounds of subtype NATURAL.
#    Time: 1980 ns  Iteration: 4  Instance: /tb/MyMips
# ** Warning: (vsim-151) NUMERIC_STD.TO_INTEGER: Value -52 is not in bounds of subtype NATURAL.
#    Time: 2100 ns  Iteration: 7  Instance: /tb/MyMips
# ** Warning: (vsim-151) NUMERIC_STD.TO_INTEGER: Value -65368 is not in bounds of subtype NATURAL.
#    Time: 2260 ns  Iteration: 4  Instance: /tb/MyMips
# ** Warning: (vsim-151) NUMERIC_STD.TO_INTEGER: Value -52 is not in bounds of subtype NATURAL.
#    Time: 2380 ns  Iteration: 7  Instance: /tb/MyMips
# ** Warning: (vsim-151) NUMERIC_STD.TO_INTEGER: Value -65368 is not in bounds of subtype NATURAL.
#    Time: 2540 ns  Iteration: 4  Instance: /tb/MyMips
# ** Warning: (vsim-151) NUMERIC_STD.TO_INTEGER: Value -52 is not in bounds of subtype NATURAL.
#    Time: 2660 ns  Iteration: 7  Instance: /tb/MyMips
# ** Warning: (vsim-151) NUMERIC_STD.TO_INTEGER: Value -65368 is not in bounds of subtype NATURAL.
#    Time: 2820 ns  Iteration: 4  Instance: /tb/MyMips
# ** Warning: (vsim-151) NUMERIC_STD.TO_INTEGER: Value -52 is not in bounds of subtype NATURAL.
#    Time: 2940 ns  Iteration: 7  Instance: /tb/MyMips
# ** Warning: (vsim-151) NUMERIC_STD.TO_INTEGER: Value -76 is not in bounds of subtype NATURAL.
#    Time: 3 us  Iteration: 7  Instance: /tb/MyMips
# ** Warning: (vsim-151) NUMERIC_STD.TO_INTEGER: Value -106360 is not in bounds of subtype NATURAL.
#    Time: 3080 ns  Iteration: 4  Instance: /tb/MyMips
# ** Warning: (vsim-151) NUMERIC_STD.TO_INTEGER: Value -52 is not in bounds of subtype NATURAL.
#    Time: 3160 ns  Iteration: 7  Instance: /tb/MyMips
# ** Warning: (vsim-151) NUMERIC_STD.TO_INTEGER: Value -65368 is not in bounds of subtype NATURAL.
#    Time: 3320 ns  Iteration: 4  Instance: /tb/MyMips
# ** Warning: (vsim-151) NUMERIC_STD.TO_INTEGER: Value -52 is not in bounds of subtype NATURAL.
#    Time: 3440 ns  Iteration: 7  Instance: /tb/MyMips
# ** Warning: (vsim-151) NUMERIC_STD.TO_INTEGER: Value -65368 is not in bounds of subtype NATURAL.
#    Time: 3600 ns  Iteration: 4  Instance: /tb/MyMips
# ** Warning: (vsim-151) NUMERIC_STD.TO_INTEGER: Value -52 is not in bounds of subtype NATURAL.
#    Time: 3720 ns  Iteration: 7  Instance: /tb/MyMips
# ** Warning: (vsim-151) NUMERIC_STD.TO_INTEGER: Value -65368 is not in bounds of subtype NATURAL.
#    Time: 3880 ns  Iteration: 4  Instance: /tb/MyMips
# ** Warning: (vsim-151) NUMERIC_STD.TO_INTEGER: Value -52 is not in bounds of subtype NATURAL.
#    Time: 4 us  Iteration: 7  Instance: /tb/MyMips
# ** Warning: (vsim-151) NUMERIC_STD.TO_INTEGER: Value -65368 is not in bounds of subtype NATURAL.
#    Time: 4160 ns  Iteration: 4  Instance: /tb/MyMips
# ** Warning: (vsim-151) NUMERIC_STD.TO_INTEGER: Value -52 is not in bounds of subtype NATURAL.
#    Time: 4280 ns  Iteration: 7  Instance: /tb/MyMips
# ** Warning: (vsim-151) NUMERIC_STD.TO_INTEGER: Value -65368 is not in bounds of subtype NATURAL.
#    Time: 4440 ns  Iteration: 4  Instance: /tb/MyMips
# ** Warning: (vsim-151) NUMERIC_STD.TO_INTEGER: Value -52 is not in bounds of subtype NATURAL.
#    Time: 4560 ns  Iteration: 7  Instance: /tb/MyMips
# ** Warning: (vsim-151) NUMERIC_STD.TO_INTEGER: Value -65368 is not in bounds of subtype NATURAL.
#    Time: 4720 ns  Iteration: 4  Instance: /tb/MyMips
# ** Warning: (vsim-151) NUMERIC_STD.TO_INTEGER: Value -52 is not in bounds of subtype NATURAL.
#    Time: 4840 ns  Iteration: 7  Instance: /tb/MyMips
# ** Warning: (vsim-151) NUMERIC_STD.TO_INTEGER: Value -65368 is not in bounds of subtype NATURAL.
#    Time: 5 us  Iteration: 4  Instance: /tb/MyMips
# ** Warning: (vsim-151) NUMERIC_STD.TO_INTEGER: Value -52 is not in bounds of subtype NATURAL.
#    Time: 5120 ns  Iteration: 7  Instance: /tb/MyMips
# ** Warning: (vsim-151) NUMERIC_STD.TO_INTEGER: Value -65368 is not in bounds of subtype NATURAL.
#    Time: 5280 ns  Iteration: 4  Instance: /tb/MyMips
# ** Warning: (vsim-151) NUMERIC_STD.TO_INTEGER: Value -52 is not in bounds of subtype NATURAL.
#    Time: 5400 ns  Iteration: 7  Instance: /tb/MyMips
# ** Warning: (vsim-151) NUMERIC_STD.TO_INTEGER: Value -76 is not in bounds of subtype NATURAL.
#    Time: 5460 ns  Iteration: 7  Instance: /tb/MyMips
# ** Warning: (vsim-151) NUMERIC_STD.TO_INTEGER: Value -106360 is not in bounds of subtype NATURAL.
#    Time: 5540 ns  Iteration: 4  Instance: /tb/MyMips
# ** Warning: (vsim-151) NUMERIC_STD.TO_INTEGER: Value -52 is not in bounds of subtype NATURAL.
#    Time: 5620 ns  Iteration: 7  Instance: /tb/MyMips
# ** Warning: (vsim-151) NUMERIC_STD.TO_INTEGER: Value -65368 is not in bounds of subtype NATURAL.
#    Time: 5780 ns  Iteration: 4  Instance: /tb/MyMips
# ** Warning: (vsim-151) NUMERIC_STD.TO_INTEGER: Value -52 is not in bounds of subtype NATURAL.
#    Time: 5900 ns  Iteration: 7  Instance: /tb/MyMips
# ** Warning: (vsim-151) NUMERIC_STD.TO_INTEGER: Value -65368 is not in bounds of subtype NATURAL.
#    Time: 6060 ns  Iteration: 4  Instance: /tb/MyMips
# ** Warning: (vsim-151) NUMERIC_STD.TO_INTEGER: Value -52 is not in bounds of subtype NATURAL.
#    Time: 6180 ns  Iteration: 7  Instance: /tb/MyMips
# ** Warning: (vsim-151) NUMERIC_STD.TO_INTEGER: Value -65368 is not in bounds of subtype NATURAL.
#    Time: 6340 ns  Iteration: 4  Instance: /tb/MyMips
# ** Warning: (vsim-151) NUMERIC_STD.TO_INTEGER: Value -52 is not in bounds of subtype NATURAL.
#    Time: 6460 ns  Iteration: 7  Instance: /tb/MyMips
# ** Warning: (vsim-151) NUMERIC_STD.TO_INTEGER: Value -65368 is not in bounds of subtype NATURAL.
#    Time: 6620 ns  Iteration: 4  Instance: /tb/MyMips
# ** Warning: (vsim-151) NUMERIC_STD.TO_INTEGER: Value -52 is not in bounds of subtype NATURAL.
#    Time: 6740 ns  Iteration: 7  Instance: /tb/MyMips
# ** Warning: (vsim-151) NUMERIC_STD.TO_INTEGER: Value -65368 is not in bounds of subtype NATURAL.
#    Time: 6900 ns  Iteration: 4  Instance: /tb/MyMips
# ** Warning: (vsim-151) NUMERIC_STD.TO_INTEGER: Value -52 is not in bounds of subtype NATURAL.
#    Time: 7020 ns  Iteration: 7  Instance: /tb/MyMips
# ** Warning: (vsim-151) NUMERIC_STD.TO_INTEGER: Value -65368 is not in bounds of subtype NATURAL.
#    Time: 7180 ns  Iteration: 4  Instance: /tb/MyMips
# ** Warning: (vsim-151) NUMERIC_STD.TO_INTEGER: Value -52 is not in bounds of subtype NATURAL.
#    Time: 7300 ns  Iteration: 7  Instance: /tb/MyMips
# ** Warning: (vsim-151) NUMERIC_STD.TO_INTEGER: Value -65368 is not in bounds of subtype NATURAL.
#    Time: 7460 ns  Iteration: 4  Instance: /tb/MyMips
# ** Warning: (vsim-151) NUMERIC_STD.TO_INTEGER: Value -52 is not in bounds of subtype NATURAL.
#    Time: 7580 ns  Iteration: 7  Instance: /tb/MyMips
# ** Warning: (vsim-151) NUMERIC_STD.TO_INTEGER: Value -76 is not in bounds of subtype NATURAL.
#    Time: 7640 ns  Iteration: 7  Instance: /tb/MyMips
# ** Warning: (vsim-151) NUMERIC_STD.TO_INTEGER: Value -106360 is not in bounds of subtype NATURAL.
#    Time: 7720 ns  Iteration: 4  Instance: /tb/MyMips
# ** Warning: (vsim-151) NUMERIC_STD.TO_INTEGER: Value -52 is not in bounds of subtype NATURAL.
#    Time: 7800 ns  Iteration: 7  Instance: /tb/MyMips
# ** Warning: (vsim-151) NUMERIC_STD.TO_INTEGER: Value -65368 is not in bounds of subtype NATURAL.
#    Time: 7960 ns  Iteration: 4  Instance: /tb/MyMips
# ** Warning: (vsim-151) NUMERIC_STD.TO_INTEGER: Value -52 is not in bounds of subtype NATURAL.
#    Time: 8080 ns  Iteration: 7  Instance: /tb/MyMips
# ** Warning: (vsim-151) NUMERIC_STD.TO_INTEGER: Value -65368 is not in bounds of subtype NATURAL.
#    Time: 8240 ns  Iteration: 4  Instance: /tb/MyMips
# ** Warning: (vsim-151) NUMERIC_STD.TO_INTEGER: Value -52 is not in bounds of subtype NATURAL.
#    Time: 8360 ns  Iteration: 7  Instance: /tb/MyMips
# ** Warning: (vsim-151) NUMERIC_STD.TO_INTEGER: Value -65368 is not in bounds of subtype NATURAL.
#    Time: 8520 ns  Iteration: 4  Instance: /tb/MyMips
# ** Warning: (vsim-151) NUMERIC_STD.TO_INTEGER: Value -52 is not in bounds of subtype NATURAL.
#    Time: 8640 ns  Iteration: 7  Instance: /tb/MyMips
# ** Warning: (vsim-151) NUMERIC_STD.TO_INTEGER: Value -65368 is not in bounds of subtype NATURAL.
#    Time: 8800 ns  Iteration: 4  Instance: /tb/MyMips
# ** Warning: (vsim-151) NUMERIC_STD.TO_INTEGER: Value -52 is not in bounds of subtype NATURAL.
#    Time: 8920 ns  Iteration: 7  Instance: /tb/MyMips
# ** Warning: (vsim-151) NUMERIC_STD.TO_INTEGER: Value -65368 is not in bounds of subtype NATURAL.
#    Time: 9080 ns  Iteration: 4  Instance: /tb/MyMips
# ** Warning: (vsim-151) NUMERIC_STD.TO_INTEGER: Value -52 is not in bounds of subtype NATURAL.
#    Time: 9200 ns  Iteration: 7  Instance: /tb/MyMips
# ** Warning: (vsim-151) NUMERIC_STD.TO_INTEGER: Value -65368 is not in bounds of subtype NATURAL.
#    Time: 9360 ns  Iteration: 4  Instance: /tb/MyMips
# ** Warning: (vsim-151) NUMERIC_STD.TO_INTEGER: Value -52 is not in bounds of subtype NATURAL.
#    Time: 9480 ns  Iteration: 7  Instance: /tb/MyMips
# ** Warning: (vsim-151) NUMERIC_STD.TO_INTEGER: Value -76 is not in bounds of subtype NATURAL.
#    Time: 9540 ns  Iteration: 7  Instance: /tb/MyMips
# ** Warning: (vsim-151) NUMERIC_STD.TO_INTEGER: Value -106360 is not in bounds of subtype NATURAL.
#    Time: 9620 ns  Iteration: 4  Instance: /tb/MyMips
# ** Warning: (vsim-151) NUMERIC_STD.TO_INTEGER: Value -52 is not in bounds of subtype NATURAL.
#    Time: 9700 ns  Iteration: 7  Instance: /tb/MyMips
# ** Warning: (vsim-151) NUMERIC_STD.TO_INTEGER: Value -65368 is not in bounds of subtype NATURAL.
#    Time: 9860 ns  Iteration: 4  Instance: /tb/MyMips
# ** Warning: (vsim-151) NUMERIC_STD.TO_INTEGER: Value -52 is not in bounds of subtype NATURAL.
#    Time: 9980 ns  Iteration: 7  Instance: /tb/MyMips
# ** Warning: (vsim-151) NUMERIC_STD.TO_INTEGER: Value -65368 is not in bounds of subtype NATURAL.
#    Time: 10140 ns  Iteration: 4  Instance: /tb/MyMips
# ** Warning: (vsim-151) NUMERIC_STD.TO_INTEGER: Value -52 is not in bounds of subtype NATURAL.
#    Time: 10260 ns  Iteration: 7  Instance: /tb/MyMips
# ** Warning: (vsim-151) NUMERIC_STD.TO_INTEGER: Value -65368 is not in bounds of subtype NATURAL.
#    Time: 10420 ns  Iteration: 4  Instance: /tb/MyMips
# ** Warning: (vsim-151) NUMERIC_STD.TO_INTEGER: Value -52 is not in bounds of subtype NATURAL.
#    Time: 10540 ns  Iteration: 7  Instance: /tb/MyMips
# ** Warning: (vsim-151) NUMERIC_STD.TO_INTEGER: Value -65368 is not in bounds of subtype NATURAL.
#    Time: 10700 ns  Iteration: 4  Instance: /tb/MyMips
# ** Warning: (vsim-151) NUMERIC_STD.TO_INTEGER: Value -52 is not in bounds of subtype NATURAL.
#    Time: 10820 ns  Iteration: 7  Instance: /tb/MyMips
# ** Warning: (vsim-151) NUMERIC_STD.TO_INTEGER: Value -65368 is not in bounds of subtype NATURAL.
#    Time: 10980 ns  Iteration: 4  Instance: /tb/MyMips
# ** Warning: (vsim-151) NUMERIC_STD.TO_INTEGER: Value -52 is not in bounds of subtype NATURAL.
#    Time: 11100 ns  Iteration: 7  Instance: /tb/MyMips
# ** Warning: (vsim-151) NUMERIC_STD.TO_INTEGER: Value -76 is not in bounds of subtype NATURAL.
#    Time: 11160 ns  Iteration: 7  Instance: /tb/MyMips
# ** Warning: (vsim-151) NUMERIC_STD.TO_INTEGER: Value -106360 is not in bounds of subtype NATURAL.
#    Time: 11240 ns  Iteration: 4  Instance: /tb/MyMips
# ** Warning: (vsim-151) NUMERIC_STD.TO_INTEGER: Value -52 is not in bounds of subtype NATURAL.
#    Time: 11320 ns  Iteration: 7  Instance: /tb/MyMips
# ** Warning: (vsim-151) NUMERIC_STD.TO_INTEGER: Value -65368 is not in bounds of subtype NATURAL.
#    Time: 11480 ns  Iteration: 4  Instance: /tb/MyMips
# ** Warning: (vsim-151) NUMERIC_STD.TO_INTEGER: Value -52 is not in bounds of subtype NATURAL.
#    Time: 11600 ns  Iteration: 7  Instance: /tb/MyMips
# ** Warning: (vsim-151) NUMERIC_STD.TO_INTEGER: Value -65368 is not in bounds of subtype NATURAL.
#    Time: 11760 ns  Iteration: 4  Instance: /tb/MyMips
# ** Warning: (vsim-151) NUMERIC_STD.TO_INTEGER: Value -52 is not in bounds of subtype NATURAL.
#    Time: 11880 ns  Iteration: 7  Instance: /tb/MyMips
# ** Warning: (vsim-151) NUMERIC_STD.TO_INTEGER: Value -65368 is not in bounds of subtype NATURAL.
#    Time: 12040 ns  Iteration: 4  Instance: /tb/MyMips
# ** Warning: (vsim-151) NUMERIC_STD.TO_INTEGER: Value -52 is not in bounds of subtype NATURAL.
#    Time: 12160 ns  Iteration: 7  Instance: /tb/MyMips
# ** Warning: (vsim-151) NUMERIC_STD.TO_INTEGER: Value -65368 is not in bounds of subtype NATURAL.
#    Time: 12320 ns  Iteration: 4  Instance: /tb/MyMips
# ** Warning: (vsim-151) NUMERIC_STD.TO_INTEGER: Value -52 is not in bounds of subtype NATURAL.
#    Time: 12440 ns  Iteration: 7  Instance: /tb/MyMips
# ** Warning: (vsim-151) NUMERIC_STD.TO_INTEGER: Value -76 is not in bounds of subtype NATURAL.
#    Time: 12500 ns  Iteration: 7  Instance: /tb/MyMips
# ** Warning: (vsim-151) NUMERIC_STD.TO_INTEGER: Value -106360 is not in bounds of subtype NATURAL.
#    Time: 12580 ns  Iteration: 4  Instance: /tb/MyMips
# ** Warning: (vsim-151) NUMERIC_STD.TO_INTEGER: Value -52 is not in bounds of subtype NATURAL.
#    Time: 12660 ns  Iteration: 7  Instance: /tb/MyMips
# ** Warning: (vsim-151) NUMERIC_STD.TO_INTEGER: Value -65368 is not in bounds of subtype NATURAL.
#    Time: 12820 ns  Iteration: 4  Instance: /tb/MyMips
# ** Warning: (vsim-151) NUMERIC_STD.TO_INTEGER: Value -52 is not in bounds of subtype NATURAL.
#    Time: 12940 ns  Iteration: 7  Instance: /tb/MyMips
# ** Warning: (vsim-151) NUMERIC_STD.TO_INTEGER: Value -65368 is not in bounds of subtype NATURAL.
#    Time: 13100 ns  Iteration: 4  Instance: /tb/MyMips
# ** Warning: (vsim-151) NUMERIC_STD.TO_INTEGER: Value -52 is not in bounds of subtype NATURAL.
#    Time: 13220 ns  Iteration: 7  Instance: /tb/MyMips
# ** Warning: (vsim-151) NUMERIC_STD.TO_INTEGER: Value -65368 is not in bounds of subtype NATURAL.
#    Time: 13380 ns  Iteration: 4  Instance: /tb/MyMips
# ** Warning: (vsim-151) NUMERIC_STD.TO_INTEGER: Value -52 is not in bounds of subtype NATURAL.
#    Time: 13500 ns  Iteration: 7  Instance: /tb/MyMips
# ** Warning: (vsim-151) NUMERIC_STD.TO_INTEGER: Value -76 is not in bounds of subtype NATURAL.
#    Time: 13560 ns  Iteration: 7  Instance: /tb/MyMips
# ** Warning: (vsim-151) NUMERIC_STD.TO_INTEGER: Value -106360 is not in bounds of subtype NATURAL.
#    Time: 13640 ns  Iteration: 4  Instance: /tb/MyMips
# ** Warning: (vsim-151) NUMERIC_STD.TO_INTEGER: Value -52 is not in bounds of subtype NATURAL.
#    Time: 13720 ns  Iteration: 7  Instance: /tb/MyMips
# ** Warning: (vsim-151) NUMERIC_STD.TO_INTEGER: Value -65368 is not in bounds of subtype NATURAL.
#    Time: 13880 ns  Iteration: 4  Instance: /tb/MyMips
# ** Warning: (vsim-151) NUMERIC_STD.TO_INTEGER: Value -52 is not in bounds of subtype NATURAL.
#    Time: 14 us  Iteration: 7  Instance: /tb/MyMips
# ** Warning: (vsim-151) NUMERIC_STD.TO_INTEGER: Value -65368 is not in bounds of subtype NATURAL.
#    Time: 14160 ns  Iteration: 4  Instance: /tb/MyMips
# ** Warning: (vsim-151) NUMERIC_STD.TO_INTEGER: Value -52 is not in bounds of subtype NATURAL.
#    Time: 14280 ns  Iteration: 7  Instance: /tb/MyMips
# ** Warning: (vsim-151) NUMERIC_STD.TO_INTEGER: Value -76 is not in bounds of subtype NATURAL.
#    Time: 14340 ns  Iteration: 7  Instance: /tb/MyMips
# ** Warning: (vsim-151) NUMERIC_STD.TO_INTEGER: Value -106360 is not in bounds of subtype NATURAL.
#    Time: 14420 ns  Iteration: 4  Instance: /tb/MyMips
# ** Warning: (vsim-151) NUMERIC_STD.TO_INTEGER: Value -52 is not in bounds of subtype NATURAL.
#    Time: 14500 ns  Iteration: 7  Instance: /tb/MyMips
# ** Warning: (vsim-151) NUMERIC_STD.TO_INTEGER: Value -65368 is not in bounds of subtype NATURAL.
#    Time: 14660 ns  Iteration: 4  Instance: /tb/MyMips
# ** Warning: (vsim-151) NUMERIC_STD.TO_INTEGER: Value -52 is not in bounds of subtype NATURAL.
#    Time: 14780 ns  Iteration: 7  Instance: /tb/MyMips
# ** Warning: (vsim-151) NUMERIC_STD.TO_INTEGER: Value -76 is not in bounds of subtype NATURAL.
#    Time: 14840 ns  Iteration: 7  Instance: /tb/MyMips
# ** Warning: NUMERIC_STD.TO_INTEGER: metavalue detected, returning 0
#    Time: 14880 ns  Iteration: 4  Instance: /tb/MyMips
# ** Note: Data structure takes 59157088 bytes of memory
#          Process time 0.28 seconds
#          stop
#    Time: 14940 ns  Iteration: 1  Instance: /tb
# Break in Process P_DUMP_STATE at /home/wmhudson/Documents/Proj1/CPRE381PROJ1/TopLevel/internal/testpy/tb.vhd line 150
# Stopped at /home/wmhudson/Documents/Proj1/CPRE381PROJ1/TopLevel/internal/testpy/tb.vhd line 150
# End time: 21:17:49 on Dec 10,2022, Elapsed time: 0:00:03
# Errors: 0, Warnings: 127
