Reading pref.tcl

# 2022.2

# vsim -postsimdataflow -debugdb -c -voptargs=""+acc"" tb -do "modelsim_framework.do" -gOUTPUT_TRACE=ms.trace 
# Start time: 21:32:41 on Dec 10,2022
# ** Note: (vsim-3812) Design is being optimized...
# ** Note: (vsim-8611) Generating debug db.
# ** Warning: (vopt-10587) Some optimizations are turned off because the +acc switch is in effect. This will cause your simulation to run slowly. Please use -access/-debug to maintain needed visibility.
# ** Note: (vopt-4301) Memory core inferred for signal 'ram' width=32, depth=1024, type=RAM at location proj/src/TopLevel/mem.vhd:35
# ** Note: (vsim-12126) Error and warning message counts have been restored: Errors=0, Warnings=1.
# //  Questa Sim-64
# //  Version 2022.2 linux_x86_64 Apr 25 2022
# //
# //  Copyright 1991-2022 Mentor Graphics Corporation
# //  All Rights Reserved.
# //
# //  QuestaSim and its associated documentation contain trade
# //  secrets and commercial or financial information that are the property of
# //  Mentor Graphics Corporation and are privileged, confidential,
# //  and exempt from disclosure under the Freedom of Information Act,
# //  5 U.S.C. Section 552. Furthermore, this information
# //  is prohibited from disclosure under the Trade Secrets Act,
# //  18 U.S.C. Section 1905.
# //
# Loading std.standard
# Loading std.textio(body)
# Loading ieee.std_logic_1164(body)
# Loading ieee.std_logic_textio(body)
# Loading std.env(body)
# Loading work.tb(mixed)#1
# Loading ieee.numeric_std(body)
# Loading work.mips_types(body)
# Loading work.mips_processor(structure)#1
# Loading work.mem(rtl)#1
# Loading work.control(behavioral)#1
# Loading work.foward(behavioral)#1
# Loading work.controlhazards(behavioral)#1
# Loading work.notg(dataflow)#1
# Loading work.andg6(dataflow)#1
# Loading work.org5(dataflow)#1
# Loading work.alu(mixed)#1
# Loading work.barrel_shifter(mixed)#1
# Loading work.andg2(dataflow)#1
# Loading work.org2(dataflow)#1
# Loading work.xorg2(dataflow)#1
# Loading work.norg(dataflow)#1
# Loading work.addsub(structure)#1
# Loading work.fulladder(structure)#1
# Loading work.muxpkg
# Loading work.regfile(mixed)#1
# Loading work.n_dff(structural)#1
# Loading work.dffg(mixed)#1
# Loading work.flush_reg(structural)#1
# Loading work.dffgspecial(mixed)#1
# Loading work.flush_reg(structural)#2
# Loading work.n_dff(structural)#2
# Loading work.n_dff(structural)#3
# Loading work.flush_reg(structural)#3
# ** Note: (vsim-8900) Creating design debug database vsim.dbg.
# do modelsim_framework.do
# ** Warning: NUMERIC_STD.TO_INTEGER: metavalue detected, returning 0
#    Time: 0 ns  Iteration: 0  Instance: /tb/MyMips
# ** Warning: NUMERIC_STD.TO_INTEGER: metavalue detected, returning 0
#    Time: 0 ns  Iteration: 0  Instance: /tb/MyMips
# ** Warning: NUMERIC_STD.TO_INTEGER: metavalue detected, returning 0
#    Time: 0 ns  Iteration: 0  Instance: /tb/MyMips
# ** Warning: NUMERIC_STD.TO_INTEGER: metavalue detected, returning 0
#    Time: 0 ns  Iteration: 0  Instance: /tb/MyMips/DMem
# ** Warning: NUMERIC_STD.TO_INTEGER: metavalue detected, returning 0
#    Time: 0 ns  Iteration: 0  Instance: /tb/MyMips/IMem
# ** Warning: NUMERIC_STD.TO_INTEGER: metavalue detected, returning 0
#    Time: 0 ns  Iteration: 1  Instance: /tb/MyMips
# ** Warning: (vsim-151) NUMERIC_STD.TO_INTEGER: Value -160 is not in bounds of subtype NATURAL.
#    Time: 180 ns  Iteration: 7  Instance: /tb/MyMips
# ** Warning: (vsim-151) NUMERIC_STD.TO_INTEGER: Value -16256 is not in bounds of subtype NATURAL.
#    Time: 240 ns  Iteration: 4  Instance: /tb/MyMips
# ** Warning: (vsim-151) NUMERIC_STD.TO_INTEGER: Value -128 is not in bounds of subtype NATURAL.
#    Time: 520 ns  Iteration: 7  Instance: /tb/MyMips
# ** Warning: (vsim-151) NUMERIC_STD.TO_INTEGER: Value -16252 is not in bounds of subtype NATURAL.
#    Time: 560 ns  Iteration: 4  Instance: /tb/MyMips
# ** Warning: (vsim-151) NUMERIC_STD.TO_INTEGER: Value -192 is not in bounds of subtype NATURAL.
#    Time: 1260 ns  Iteration: 7  Instance: /tb/MyMips
# ** Warning: (vsim-151) NUMERIC_STD.TO_INTEGER: Value -16252 is not in bounds of subtype NATURAL.
#    Time: 1320 ns  Iteration: 4  Instance: /tb/MyMips
# ** Warning: (vsim-151) NUMERIC_STD.TO_INTEGER: Value -128 is not in bounds of subtype NATURAL.
#    Time: 1460 ns  Iteration: 7  Instance: /tb/MyMips
# ** Warning: (vsim-151) NUMERIC_STD.TO_INTEGER: Value -16252 is not in bounds of subtype NATURAL.
#    Time: 1500 ns  Iteration: 4  Instance: /tb/MyMips
# ** Warning: (vsim-151) NUMERIC_STD.TO_INTEGER: Value -24444 is not in bounds of subtype NATURAL.
#    Time: 1940 ns  Iteration: 4  Instance: /tb/MyMips
# ** Warning: (vsim-151) NUMERIC_STD.TO_INTEGER: Value -96 is not in bounds of subtype NATURAL.
#    Time: 2180 ns  Iteration: 7  Instance: /tb/MyMips
# ** Warning: (vsim-151) NUMERIC_STD.TO_INTEGER: Value -16252 is not in bounds of subtype NATURAL.
#    Time: 2220 ns  Iteration: 4  Instance: /tb/MyMips
# ** Warning: (vsim-151) NUMERIC_STD.TO_INTEGER: Value -24444 is not in bounds of subtype NATURAL.
#    Time: 2480 ns  Iteration: 4  Instance: /tb/MyMips
# ** Warning: (vsim-151) NUMERIC_STD.TO_INTEGER: Value -128 is not in bounds of subtype NATURAL.
#    Time: 2700 ns  Iteration: 7  Instance: /tb/MyMips
# ** Warning: (vsim-151) NUMERIC_STD.TO_INTEGER: Value -16256 is not in bounds of subtype NATURAL.
#    Time: 2760 ns  Iteration: 4  Instance: /tb/MyMips
# ** Warning: (vsim-151) NUMERIC_STD.TO_INTEGER: Value -128 is not in bounds of subtype NATURAL.
#    Time: 3160 ns  Iteration: 7  Instance: /tb/MyMips
# ** Warning: (vsim-151) NUMERIC_STD.TO_INTEGER: Value -16252 is not in bounds of subtype NATURAL.
#    Time: 3200 ns  Iteration: 4  Instance: /tb/MyMips
# ** Warning: (vsim-151) NUMERIC_STD.TO_INTEGER: Value -128 is not in bounds of subtype NATURAL.
#    Time: 4300 ns  Iteration: 7  Instance: /tb/MyMips
# ** Warning: (vsim-151) NUMERIC_STD.TO_INTEGER: Value -16252 is not in bounds of subtype NATURAL.
#    Time: 4340 ns  Iteration: 4  Instance: /tb/MyMips
# ** Warning: (vsim-151) NUMERIC_STD.TO_INTEGER: Value -4 is not in bounds of subtype NATURAL.
#    Time: 5560 ns  Iteration: 4  Instance: /tb/MyMips
# ** Warning: (vsim-151) NUMERIC_STD.TO_INTEGER: Value -128 is not in bounds of subtype NATURAL.
#    Time: 5740 ns  Iteration: 7  Instance: /tb/MyMips
# ** Warning: (vsim-151) NUMERIC_STD.TO_INTEGER: Value -16252 is not in bounds of subtype NATURAL.
#    Time: 5780 ns  Iteration: 4  Instance: /tb/MyMips
# ** Warning: (vsim-151) NUMERIC_STD.TO_INTEGER: Value -192 is not in bounds of subtype NATURAL.
#    Time: 6720 ns  Iteration: 7  Instance: /tb/MyMips
# ** Warning: (vsim-151) NUMERIC_STD.TO_INTEGER: Value -16252 is not in bounds of subtype NATURAL.
#    Time: 6780 ns  Iteration: 4  Instance: /tb/MyMips
# ** Warning: (vsim-151) NUMERIC_STD.TO_INTEGER: Value -128 is not in bounds of subtype NATURAL.
#    Time: 6920 ns  Iteration: 7  Instance: /tb/MyMips
# ** Warning: (vsim-151) NUMERIC_STD.TO_INTEGER: Value -16252 is not in bounds of subtype NATURAL.
#    Time: 6960 ns  Iteration: 4  Instance: /tb/MyMips
# ** Warning: (vsim-151) NUMERIC_STD.TO_INTEGER: Value -24444 is not in bounds of subtype NATURAL.
#    Time: 7640 ns  Iteration: 4  Instance: /tb/MyMips
# ** Warning: (vsim-151) NUMERIC_STD.TO_INTEGER: Value -96 is not in bounds of subtype NATURAL.
#    Time: 7880 ns  Iteration: 7  Instance: /tb/MyMips
# ** Warning: (vsim-151) NUMERIC_STD.TO_INTEGER: Value -16252 is not in bounds of subtype NATURAL.
#    Time: 7920 ns  Iteration: 4  Instance: /tb/MyMips
# ** Warning: (vsim-151) NUMERIC_STD.TO_INTEGER: Value -24444 is not in bounds of subtype NATURAL.
#    Time: 8180 ns  Iteration: 4  Instance: /tb/MyMips
# ** Warning: (vsim-151) NUMERIC_STD.TO_INTEGER: Value -128 is not in bounds of subtype NATURAL.
#    Time: 8400 ns  Iteration: 7  Instance: /tb/MyMips
# ** Warning: (vsim-151) NUMERIC_STD.TO_INTEGER: Value -16256 is not in bounds of subtype NATURAL.
#    Time: 8460 ns  Iteration: 4  Instance: /tb/MyMips
# ** Warning: (vsim-151) NUMERIC_STD.TO_INTEGER: Value -128 is not in bounds of subtype NATURAL.
#    Time: 8860 ns  Iteration: 7  Instance: /tb/MyMips
# ** Warning: (vsim-151) NUMERIC_STD.TO_INTEGER: Value -16252 is not in bounds of subtype NATURAL.
#    Time: 8900 ns  Iteration: 4  Instance: /tb/MyMips
# ** Warning: (vsim-151) NUMERIC_STD.TO_INTEGER: Value -128 is not in bounds of subtype NATURAL.
#    Time: 10 us  Iteration: 7  Instance: /tb/MyMips
# ** Warning: (vsim-151) NUMERIC_STD.TO_INTEGER: Value -16252 is not in bounds of subtype NATURAL.
#    Time: 10040 ns  Iteration: 4  Instance: /tb/MyMips
# ** Warning: (vsim-151) NUMERIC_STD.TO_INTEGER: Value -128 is not in bounds of subtype NATURAL.
#    Time: 11380 ns  Iteration: 7  Instance: /tb/MyMips
# ** Warning: (vsim-151) NUMERIC_STD.TO_INTEGER: Value -16252 is not in bounds of subtype NATURAL.
#    Time: 11420 ns  Iteration: 4  Instance: /tb/MyMips
# ** Warning: (vsim-151) NUMERIC_STD.TO_INTEGER: Value -128 is not in bounds of subtype NATURAL.
#    Time: 13 us  Iteration: 7  Instance: /tb/MyMips
# ** Warning: (vsim-151) NUMERIC_STD.TO_INTEGER: Value -16252 is not in bounds of subtype NATURAL.
#    Time: 13040 ns  Iteration: 4  Instance: /tb/MyMips
# ** Warning: (vsim-151) NUMERIC_STD.TO_INTEGER: Value -4 is not in bounds of subtype NATURAL.
#    Time: 14660 ns  Iteration: 7  Instance: /tb/MyMips
# ** Warning: (vsim-151) NUMERIC_STD.TO_INTEGER: Value -24444 is not in bounds of subtype NATURAL.
#    Time: 14680 ns  Iteration: 4  Instance: /tb/MyMips
# ** Warning: (vsim-151) NUMERIC_STD.TO_INTEGER: Value -4 is not in bounds of subtype NATURAL.
#    Time: 14880 ns  Iteration: 4  Instance: /tb/MyMips
# ** Warning: (vsim-151) NUMERIC_STD.TO_INTEGER: Value -4 is not in bounds of subtype NATURAL.
#    Time: 15020 ns  Iteration: 4  Instance: /tb/MyMips
# ** Warning: (vsim-151) NUMERIC_STD.TO_INTEGER: Value -24444 is not in bounds of subtype NATURAL.
#    Time: 15400 ns  Iteration: 4  Instance: /tb/MyMips
# ** Warning: (vsim-151) NUMERIC_STD.TO_INTEGER: Value -128 is not in bounds of subtype NATURAL.
#    Time: 15640 ns  Iteration: 7  Instance: /tb/MyMips
# ** Warning: (vsim-151) NUMERIC_STD.TO_INTEGER: Value -16256 is not in bounds of subtype NATURAL.
#    Time: 15700 ns  Iteration: 4  Instance: /tb/MyMips
# ** Warning: (vsim-151) NUMERIC_STD.TO_INTEGER: Value -128 is not in bounds of subtype NATURAL.
#    Time: 16100 ns  Iteration: 7  Instance: /tb/MyMips
# ** Warning: (vsim-151) NUMERIC_STD.TO_INTEGER: Value -16252 is not in bounds of subtype NATURAL.
#    Time: 16140 ns  Iteration: 4  Instance: /tb/MyMips
# ** Warning: (vsim-151) NUMERIC_STD.TO_INTEGER: Value -4 is not in bounds of subtype NATURAL.
#    Time: 17560 ns  Iteration: 4  Instance: /tb/MyMips
# ** Warning: (vsim-151) NUMERIC_STD.TO_INTEGER: Value -128 is not in bounds of subtype NATURAL.
#    Time: 17740 ns  Iteration: 7  Instance: /tb/MyMips
# ** Warning: (vsim-151) NUMERIC_STD.TO_INTEGER: Value -16252 is not in bounds of subtype NATURAL.
#    Time: 17780 ns  Iteration: 4  Instance: /tb/MyMips
# ** Warning: (vsim-151) NUMERIC_STD.TO_INTEGER: Value -192 is not in bounds of subtype NATURAL.
#    Time: 18960 ns  Iteration: 7  Instance: /tb/MyMips
# ** Warning: (vsim-151) NUMERIC_STD.TO_INTEGER: Value -16252 is not in bounds of subtype NATURAL.
#    Time: 19020 ns  Iteration: 4  Instance: /tb/MyMips
# ** Warning: (vsim-151) NUMERIC_STD.TO_INTEGER: Value -128 is not in bounds of subtype NATURAL.
#    Time: 19160 ns  Iteration: 7  Instance: /tb/MyMips
# ** Warning: (vsim-151) NUMERIC_STD.TO_INTEGER: Value -16252 is not in bounds of subtype NATURAL.
#    Time: 19200 ns  Iteration: 4  Instance: /tb/MyMips
# ** Warning: (vsim-151) NUMERIC_STD.TO_INTEGER: Value -24444 is not in bounds of subtype NATURAL.
#    Time: 20120 ns  Iteration: 4  Instance: /tb/MyMips
# ** Warning: (vsim-151) NUMERIC_STD.TO_INTEGER: Value -96 is not in bounds of subtype NATURAL.
#    Time: 20360 ns  Iteration: 7  Instance: /tb/MyMips
# ** Warning: (vsim-151) NUMERIC_STD.TO_INTEGER: Value -16252 is not in bounds of subtype NATURAL.
#    Time: 20400 ns  Iteration: 4  Instance: /tb/MyMips
# ** Warning: (vsim-151) NUMERIC_STD.TO_INTEGER: Value -24444 is not in bounds of subtype NATURAL.
#    Time: 20660 ns  Iteration: 4  Instance: /tb/MyMips
# ** Warning: (vsim-151) NUMERIC_STD.TO_INTEGER: Value -128 is not in bounds of subtype NATURAL.
#    Time: 20880 ns  Iteration: 7  Instance: /tb/MyMips
# ** Warning: (vsim-151) NUMERIC_STD.TO_INTEGER: Value -16256 is not in bounds of subtype NATURAL.
#    Time: 20940 ns  Iteration: 4  Instance: /tb/MyMips
# ** Warning: (vsim-151) NUMERIC_STD.TO_INTEGER: Value -128 is not in bounds of subtype NATURAL.
#    Time: 21340 ns  Iteration: 7  Instance: /tb/MyMips
# ** Warning: (vsim-151) NUMERIC_STD.TO_INTEGER: Value -16252 is not in bounds of subtype NATURAL.
#    Time: 21380 ns  Iteration: 4  Instance: /tb/MyMips
# ** Warning: (vsim-151) NUMERIC_STD.TO_INTEGER: Value -128 is not in bounds of subtype NATURAL.
#    Time: 22480 ns  Iteration: 7  Instance: /tb/MyMips
# ** Warning: (vsim-151) NUMERIC_STD.TO_INTEGER: Value -16252 is not in bounds of subtype NATURAL.
#    Time: 22520 ns  Iteration: 4  Instance: /tb/MyMips
# ** Warning: (vsim-151) NUMERIC_STD.TO_INTEGER: Value -128 is not in bounds of subtype NATURAL.
#    Time: 23860 ns  Iteration: 7  Instance: /tb/MyMips
# ** Warning: (vsim-151) NUMERIC_STD.TO_INTEGER: Value -16252 is not in bounds of subtype NATURAL.
#    Time: 23900 ns  Iteration: 4  Instance: /tb/MyMips
# ** Warning: (vsim-151) NUMERIC_STD.TO_INTEGER: Value -128 is not in bounds of subtype NATURAL.
#    Time: 25480 ns  Iteration: 7  Instance: /tb/MyMips
# ** Warning: (vsim-151) NUMERIC_STD.TO_INTEGER: Value -16252 is not in bounds of subtype NATURAL.
#    Time: 25520 ns  Iteration: 4  Instance: /tb/MyMips
# ** Warning: (vsim-151) NUMERIC_STD.TO_INTEGER: Value -4 is not in bounds of subtype NATURAL.
#    Time: 27140 ns  Iteration: 7  Instance: /tb/MyMips
# ** Warning: (vsim-151) NUMERIC_STD.TO_INTEGER: Value -24444 is not in bounds of subtype NATURAL.
#    Time: 27160 ns  Iteration: 4  Instance: /tb/MyMips
# ** Warning: (vsim-151) NUMERIC_STD.TO_INTEGER: Value -4 is not in bounds of subtype NATURAL.
#    Time: 27360 ns  Iteration: 4  Instance: /tb/MyMips
# ** Warning: (vsim-151) NUMERIC_STD.TO_INTEGER: Value -4 is not in bounds of subtype NATURAL.
#    Time: 27500 ns  Iteration: 4  Instance: /tb/MyMips
# ** Warning: (vsim-151) NUMERIC_STD.TO_INTEGER: Value -24444 is not in bounds of subtype NATURAL.
#    Time: 27880 ns  Iteration: 4  Instance: /tb/MyMips
# ** Warning: (vsim-151) NUMERIC_STD.TO_INTEGER: Value -128 is not in bounds of subtype NATURAL.
#    Time: 28120 ns  Iteration: 7  Instance: /tb/MyMips
# ** Warning: (vsim-151) NUMERIC_STD.TO_INTEGER: Value -16256 is not in bounds of subtype NATURAL.
#    Time: 28180 ns  Iteration: 4  Instance: /tb/MyMips
# ** Warning: (vsim-151) NUMERIC_STD.TO_INTEGER: Value -128 is not in bounds of subtype NATURAL.
#    Time: 28580 ns  Iteration: 7  Instance: /tb/MyMips
# ** Warning: (vsim-151) NUMERIC_STD.TO_INTEGER: Value -16252 is not in bounds of subtype NATURAL.
#    Time: 28620 ns  Iteration: 4  Instance: /tb/MyMips
# ** Warning: (vsim-151) NUMERIC_STD.TO_INTEGER: Value -4 is not in bounds of subtype NATURAL.
#    Time: 30240 ns  Iteration: 7  Instance: /tb/MyMips
# ** Warning: (vsim-151) NUMERIC_STD.TO_INTEGER: Value -24444 is not in bounds of subtype NATURAL.
#    Time: 30260 ns  Iteration: 4  Instance: /tb/MyMips
# ** Warning: (vsim-151) NUMERIC_STD.TO_INTEGER: Value -4 is not in bounds of subtype NATURAL.
#    Time: 30420 ns  Iteration: 4  Instance: /tb/MyMips
# ** Warning: (vsim-151) NUMERIC_STD.TO_INTEGER: Value -4 is not in bounds of subtype NATURAL.
#    Time: 30560 ns  Iteration: 4  Instance: /tb/MyMips
# ** Warning: (vsim-151) NUMERIC_STD.TO_INTEGER: Value -24444 is not in bounds of subtype NATURAL.
#    Time: 30940 ns  Iteration: 4  Instance: /tb/MyMips
# ** Warning: (vsim-151) NUMERIC_STD.TO_INTEGER: Value -128 is not in bounds of subtype NATURAL.
#    Time: 31320 ns  Iteration: 7  Instance: /tb/MyMips
# ** Warning: (vsim-151) NUMERIC_STD.TO_INTEGER: Value -16252 is not in bounds of subtype NATURAL.
#    Time: 31360 ns  Iteration: 4  Instance: /tb/MyMips
# ** Warning: (vsim-151) NUMERIC_STD.TO_INTEGER: Value -128 is not in bounds of subtype NATURAL.
#    Time: 32500 ns  Iteration: 7  Instance: /tb/MyMips
# ** Warning: (vsim-151) NUMERIC_STD.TO_INTEGER: Value -16252 is not in bounds of subtype NATURAL.
#    Time: 32540 ns  Iteration: 4  Instance: /tb/MyMips
# ** Warning: (vsim-151) NUMERIC_STD.TO_INTEGER: Value -128 is not in bounds of subtype NATURAL.
#    Time: 33920 ns  Iteration: 7  Instance: /tb/MyMips
# ** Warning: (vsim-151) NUMERIC_STD.TO_INTEGER: Value -16252 is not in bounds of subtype NATURAL.
#    Time: 33960 ns  Iteration: 4  Instance: /tb/MyMips
# ** Warning: (vsim-151) NUMERIC_STD.TO_INTEGER: Value -192 is not in bounds of subtype NATURAL.
#    Time: 35380 ns  Iteration: 7  Instance: /tb/MyMips
# ** Warning: (vsim-151) NUMERIC_STD.TO_INTEGER: Value -16252 is not in bounds of subtype NATURAL.
#    Time: 35440 ns  Iteration: 4  Instance: /tb/MyMips
# ** Warning: (vsim-151) NUMERIC_STD.TO_INTEGER: Value -128 is not in bounds of subtype NATURAL.
#    Time: 35580 ns  Iteration: 7  Instance: /tb/MyMips
# ** Warning: (vsim-151) NUMERIC_STD.TO_INTEGER: Value -16252 is not in bounds of subtype NATURAL.
#    Time: 35620 ns  Iteration: 4  Instance: /tb/MyMips
# ** Warning: (vsim-151) NUMERIC_STD.TO_INTEGER: Value -24444 is not in bounds of subtype NATURAL.
#    Time: 36780 ns  Iteration: 4  Instance: /tb/MyMips
# ** Warning: (vsim-151) NUMERIC_STD.TO_INTEGER: Value -96 is not in bounds of subtype NATURAL.
#    Time: 37020 ns  Iteration: 7  Instance: /tb/MyMips
# ** Warning: (vsim-151) NUMERIC_STD.TO_INTEGER: Value -16252 is not in bounds of subtype NATURAL.
#    Time: 37060 ns  Iteration: 4  Instance: /tb/MyMips
# ** Warning: (vsim-151) NUMERIC_STD.TO_INTEGER: Value -24444 is not in bounds of subtype NATURAL.
#    Time: 37320 ns  Iteration: 4  Instance: /tb/MyMips
# ** Warning: (vsim-151) NUMERIC_STD.TO_INTEGER: Value -128 is not in bounds of subtype NATURAL.
#    Time: 37540 ns  Iteration: 7  Instance: /tb/MyMips
# ** Warning: (vsim-151) NUMERIC_STD.TO_INTEGER: Value -16256 is not in bounds of subtype NATURAL.
#    Time: 37600 ns  Iteration: 4  Instance: /tb/MyMips
# ** Warning: (vsim-151) NUMERIC_STD.TO_INTEGER: Value -128 is not in bounds of subtype NATURAL.
#    Time: 38 us  Iteration: 7  Instance: /tb/MyMips
# ** Warning: (vsim-151) NUMERIC_STD.TO_INTEGER: Value -16252 is not in bounds of subtype NATURAL.
#    Time: 38040 ns  Iteration: 4  Instance: /tb/MyMips
# ** Warning: (vsim-151) NUMERIC_STD.TO_INTEGER: Value -4 is not in bounds of subtype NATURAL.
#    Time: 39020 ns  Iteration: 4  Instance: /tb/MyMips
# ** Warning: (vsim-151) NUMERIC_STD.TO_INTEGER: Value -128 is not in bounds of subtype NATURAL.
#    Time: 39200 ns  Iteration: 7  Instance: /tb/MyMips
# ** Warning: (vsim-151) NUMERIC_STD.TO_INTEGER: Value -16252 is not in bounds of subtype NATURAL.
#    Time: 39240 ns  Iteration: 4  Instance: /tb/MyMips
# ** Warning: (vsim-151) NUMERIC_STD.TO_INTEGER: Value -128 is not in bounds of subtype NATURAL.
#    Time: 40 us  Iteration: 7  Instance: /tb/MyMips
# ** Warning: (vsim-151) NUMERIC_STD.TO_INTEGER: Value -16256 is not in bounds of subtype NATURAL.
#    Time: 40060 ns  Iteration: 4  Instance: /tb/MyMips
# ** Warning: (vsim-151) NUMERIC_STD.TO_INTEGER: Value -128 is not in bounds of subtype NATURAL.
#    Time: 40460 ns  Iteration: 7  Instance: /tb/MyMips
# ** Warning: (vsim-151) NUMERIC_STD.TO_INTEGER: Value -16252 is not in bounds of subtype NATURAL.
#    Time: 40500 ns  Iteration: 4  Instance: /tb/MyMips
# ** Warning: (vsim-151) NUMERIC_STD.TO_INTEGER: Value -4 is not in bounds of subtype NATURAL.
#    Time: 41680 ns  Iteration: 4  Instance: /tb/MyMips
# ** Warning: (vsim-151) NUMERIC_STD.TO_INTEGER: Value -128 is not in bounds of subtype NATURAL.
#    Time: 41860 ns  Iteration: 7  Instance: /tb/MyMips
# ** Warning: (vsim-151) NUMERIC_STD.TO_INTEGER: Value -16252 is not in bounds of subtype NATURAL.
#    Time: 41900 ns  Iteration: 4  Instance: /tb/MyMips
# ** Warning: (vsim-151) NUMERIC_STD.TO_INTEGER: Value -128 is not in bounds of subtype NATURAL.
#    Time: 42900 ns  Iteration: 7  Instance: /tb/MyMips
# ** Warning: (vsim-151) NUMERIC_STD.TO_INTEGER: Value -16256 is not in bounds of subtype NATURAL.
#    Time: 42960 ns  Iteration: 4  Instance: /tb/MyMips
# ** Warning: (vsim-151) NUMERIC_STD.TO_INTEGER: Value -128 is not in bounds of subtype NATURAL.
#    Time: 43360 ns  Iteration: 7  Instance: /tb/MyMips
# ** Warning: (vsim-151) NUMERIC_STD.TO_INTEGER: Value -16252 is not in bounds of subtype NATURAL.
#    Time: 43400 ns  Iteration: 4  Instance: /tb/MyMips
# ** Warning: (vsim-151) NUMERIC_STD.TO_INTEGER: Value -128 is not in bounds of subtype NATURAL.
#    Time: 44980 ns  Iteration: 7  Instance: /tb/MyMips
# ** Warning: (vsim-151) NUMERIC_STD.TO_INTEGER: Value -16252 is not in bounds of subtype NATURAL.
#    Time: 45020 ns  Iteration: 4  Instance: /tb/MyMips
# ** Warning: (vsim-151) NUMERIC_STD.TO_INTEGER: Value -4 is not in bounds of subtype NATURAL.
#    Time: 46640 ns  Iteration: 7  Instance: /tb/MyMips
# ** Warning: (vsim-151) NUMERIC_STD.TO_INTEGER: Value -24444 is not in bounds of subtype NATURAL.
#    Time: 46660 ns  Iteration: 4  Instance: /tb/MyMips
# ** Warning: (vsim-151) NUMERIC_STD.TO_INTEGER: Value -4 is not in bounds of subtype NATURAL.
#    Time: 46820 ns  Iteration: 4  Instance: /tb/MyMips
# ** Warning: (vsim-151) NUMERIC_STD.TO_INTEGER: Value -4 is not in bounds of subtype NATURAL.
#    Time: 46960 ns  Iteration: 4  Instance: /tb/MyMips
# ** Warning: (vsim-151) NUMERIC_STD.TO_INTEGER: Value -24444 is not in bounds of subtype NATURAL.
#    Time: 47340 ns  Iteration: 4  Instance: /tb/MyMips
# ** Warning: (vsim-151) NUMERIC_STD.TO_INTEGER: Value -28 is not in bounds of subtype NATURAL.
#    Time: 47740 ns  Iteration: 7  Instance: /tb/MyMips
# ** Warning: (vsim-151) NUMERIC_STD.TO_INTEGER: Value -28 is not in bounds of subtype NATURAL.
#    Time: 47920 ns  Iteration: 7  Instance: /tb/MyMips
# ** Warning: (vsim-151) NUMERIC_STD.TO_INTEGER: Value -28 is not in bounds of subtype NATURAL.
#    Time: 48100 ns  Iteration: 7  Instance: /tb/MyMips
# ** Warning: (vsim-151) NUMERIC_STD.TO_INTEGER: Value -28 is not in bounds of subtype NATURAL.
#    Time: 48280 ns  Iteration: 7  Instance: /tb/MyMips
# ** Warning: (vsim-151) NUMERIC_STD.TO_INTEGER: Value -28 is not in bounds of subtype NATURAL.
#    Time: 48460 ns  Iteration: 7  Instance: /tb/MyMips
# ** Warning: (vsim-151) NUMERIC_STD.TO_INTEGER: Value -160 is not in bounds of subtype NATURAL.
#    Time: 48640 ns  Iteration: 7  Instance: /tb/MyMips
# ** Note: Data structure takes 59419256 bytes of memory
#          Process time 0.74 seconds
#          stop
#    Time: 48700 ns  Iteration: 1  Instance: /tb
# Break in Process P_DUMP_STATE at /home/wmhudson/Documents/Proj1/CPRE381PROJ1/TopLevel/internal/testpy/tb.vhd line 150
# Stopped at /home/wmhudson/Documents/Proj1/CPRE381PROJ1/TopLevel/internal/testpy/tb.vhd line 150
# End time: 21:32:45 on Dec 10,2022, Elapsed time: 0:00:04
# Errors: 0, Warnings: 135
