[inst #1] addi $1,$0,1
Register Write to Reg: 0x01 Val: 0x00000001
[inst #2] addi $9,$0,6
Register Write to Reg: 0x09 Val: 0x00000006
[inst #3] add $8,$0,$0
Register Write to Reg: 0x08 Val: 0x00000000
[inst #4] add $0,$0,$0
Register Write to Reg: 0x00 Val: 0x00000000
[inst #5] add $0,$0,$0
Register Write to Reg: 0x00 Val: 0x00000000
[inst #6] j 4194372
[inst #7] beq $9,$8,4
[inst #8] add $0,$0,$0
Register Write to Reg: 0x00 Val: 0x00000000
[inst #9] sub $9,$9,$1
Register Write to Reg: 0x09 Val: 0x00000005
[inst #10] addi $8,$8,1
Register Write to Reg: 0x08 Val: 0x00000001
[inst #11] j 4194332
[inst #12] addi $10,$10,16
Register Write to Reg: 0x0A Val: 0x00000010
[inst #13] lui $11,16
Register Write to Reg: 0x0B Val: 0x00100000
[inst #14] ori $12,$12,4112
Register Write to Reg: 0x0C Val: 0x00001010
[inst #15] sub $13,$13,$14
Register Write to Reg: 0x0D Val: 0x00000000
[inst #16] xori $14,$14,13107
Register Write to Reg: 0x0E Val: 0x00003333
[inst #17] add $10,$10,$11
Register Write to Reg: 0x0A Val: 0x00100010
[inst #18] sub $11,$11,$12
Register Write to Reg: 0x0B Val: 0x000FEFF0
[inst #19] xor $12,$12,$13
Register Write to Reg: 0x0C Val: 0x00001010
[inst #20] and $13,$13,$14
Register Write to Reg: 0x0D Val: 0x00000000
[inst #21] add $0,$0,$0
Register Write to Reg: 0x00 Val: 0x00000000
[inst #22] beq $9,$8,4
[inst #23] add $0,$0,$0
Register Write to Reg: 0x00 Val: 0x00000000
[inst #24] sub $9,$9,$1
Register Write to Reg: 0x09 Val: 0x00000004
[inst #25] addi $8,$8,1
Register Write to Reg: 0x08 Val: 0x00000002
[inst #26] j 4194332
[inst #27] addi $10,$10,16
Register Write to Reg: 0x0A Val: 0x00100020
[inst #28] lui $11,16
Register Write to Reg: 0x0B Val: 0x00100000
[inst #29] ori $12,$12,4112
Register Write to Reg: 0x0C Val: 0x00001010
[inst #30] sub $13,$13,$14
Register Write to Reg: 0x0D Val: 0xFFFFCCCD
[inst #31] xori $14,$14,13107
Register Write to Reg: 0x0E Val: 0x00000000
[inst #32] add $10,$10,$11
Register Write to Reg: 0x0A Val: 0x00200020
[inst #33] sub $11,$11,$12
Register Write to Reg: 0x0B Val: 0x000FEFF0
[inst #34] xor $12,$12,$13
Register Write to Reg: 0x0C Val: 0xFFFFDCDD
[inst #35] and $13,$13,$14
Register Write to Reg: 0x0D Val: 0x00000000
[inst #36] add $0,$0,$0
Register Write to Reg: 0x00 Val: 0x00000000
[inst #37] beq $9,$8,4
[inst #38] add $0,$0,$0
Register Write to Reg: 0x00 Val: 0x00000000
[inst #39] sub $9,$9,$1
Register Write to Reg: 0x09 Val: 0x00000003
[inst #40] addi $8,$8,1
Register Write to Reg: 0x08 Val: 0x00000003
[inst #41] j 4194332
[inst #42] addi $10,$10,16
Register Write to Reg: 0x0A Val: 0x00200030
[inst #43] lui $11,16
Register Write to Reg: 0x0B Val: 0x00100000
[inst #44] ori $12,$12,4112
Register Write to Reg: 0x0C Val: 0xFFFFDCDD
[inst #45] sub $13,$13,$14
Register Write to Reg: 0x0D Val: 0x00000000
[inst #46] xori $14,$14,13107
Register Write to Reg: 0x0E Val: 0x00003333
[inst #47] add $10,$10,$11
Register Write to Reg: 0x0A Val: 0x00300030
[inst #48] sub $11,$11,$12
Register Write to Reg: 0x0B Val: 0x00102323
[inst #49] xor $12,$12,$13
Register Write to Reg: 0x0C Val: 0xFFFFDCDD
[inst #50] and $13,$13,$14
Register Write to Reg: 0x0D Val: 0x00000000
[inst #51] add $0,$0,$0
Register Write to Reg: 0x00 Val: 0x00000000
[inst #52] beq $9,$8,4
[inst #53] add $16,$0,$13
Register Write to Reg: 0x10 Val: 0x00000000
[inst #54] halt 

