In clock cycle: 4
Register Write to Reg: 0x01 Val: 0x10010000
In clock cycle: 5
Register Write to Reg: 0x10 Val: 0x10010000
In clock cycle: 6
Register Write to Reg: 0x01 Val: 0x10010000
In clock cycle: 7
Register Write to Reg: 0x15 Val: 0x0000000A
In clock cycle: 8
Register Write to Reg: 0x01 Val: 0x00000001
In clock cycle: 9
Register Write to Reg: 0x14 Val: 0x00000009
In clock cycle: 10
Register Write to Reg: 0x12 Val: 0x00000001
In clock cycle: 11
Register Write to Reg: 0x08 Val: 0x00000000
In clock cycle: 14
Register Write to Reg: 0x0B Val: 0x00000001
In clock cycle: 18
Register Write to Reg: 0x09 Val: 0x00000000
In clock cycle: 19
Register Write to Reg: 0x13 Val: 0x00000009
In clock cycle: 22
Register Write to Reg: 0x0A Val: 0x00000001
In clock cycle: 26
Register Write to Reg: 0x0C Val: 0x00000000
In clock cycle: 27
Register Write to Reg: 0x0C Val: 0x10010000
In clock cycle: 28
Register Write to Reg: 0x0D Val: 0x10010004
In clock cycle: 29
Register Write to Reg: 0x0E Val: 0x00000009
In clock cycle: 30
Register Write to Reg: 0x0F Val: 0x00000008
In clock cycle: 31
Register Write to Reg: 0x18 Val: 0x00000001
In clock cycle: 34
Memory Write to Addr: 0x10010000 Val: 0x00000008
In clock cycle: 35
Memory Write to Addr: 0x10010004 Val: 0x00000009
In clock cycle: 37
Register Write to Reg: 0x09 Val: 0x00000001
In clock cycle: 38
Register Write to Reg: 0x0A Val: 0x00000001
In clock cycle: 42
Register Write to Reg: 0x0C Val: 0x00000004
In clock cycle: 43
Register Write to Reg: 0x0C Val: 0x10010004
In clock cycle: 44
Register Write to Reg: 0x0D Val: 0x10010008
In clock cycle: 45
Register Write to Reg: 0x0E Val: 0x00000009
In clock cycle: 46
Register Write to Reg: 0x0F Val: 0x00000007
In clock cycle: 47
Register Write to Reg: 0x18 Val: 0x00000001
In clock cycle: 50
Memory Write to Addr: 0x10010004 Val: 0x00000007
In clock cycle: 51
Memory Write to Addr: 0x10010008 Val: 0x00000009
In clock cycle: 53
Register Write to Reg: 0x09 Val: 0x00000002
In clock cycle: 54
Register Write to Reg: 0x0A Val: 0x00000001
In clock cycle: 58
Register Write to Reg: 0x0C Val: 0x00000008
In clock cycle: 59
Register Write to Reg: 0x0C Val: 0x10010008
In clock cycle: 60
Register Write to Reg: 0x0D Val: 0x1001000C
In clock cycle: 61
Register Write to Reg: 0x0E Val: 0x00000009
In clock cycle: 62
Register Write to Reg: 0x0F Val: 0x00000006
In clock cycle: 63
Register Write to Reg: 0x18 Val: 0x00000001
In clock cycle: 66
Memory Write to Addr: 0x10010008 Val: 0x00000006
In clock cycle: 67
Memory Write to Addr: 0x1001000C Val: 0x00000009
In clock cycle: 69
Register Write to Reg: 0x09 Val: 0x00000003
In clock cycle: 70
Register Write to Reg: 0x0A Val: 0x00000001
In clock cycle: 74
Register Write to Reg: 0x0C Val: 0x0000000C
In clock cycle: 75
Register Write to Reg: 0x0C Val: 0x1001000C
In clock cycle: 76
Register Write to Reg: 0x0D Val: 0x10010010
In clock cycle: 77
Register Write to Reg: 0x0E Val: 0x00000009
In clock cycle: 78
Register Write to Reg: 0x0F Val: 0x00000005
In clock cycle: 79
Register Write to Reg: 0x18 Val: 0x00000001
In clock cycle: 82
Memory Write to Addr: 0x1001000C Val: 0x00000005
In clock cycle: 83
Memory Write to Addr: 0x10010010 Val: 0x00000009
In clock cycle: 85
Register Write to Reg: 0x09 Val: 0x00000004
In clock cycle: 86
Register Write to Reg: 0x0A Val: 0x00000001
In clock cycle: 90
Register Write to Reg: 0x0C Val: 0x00000010
In clock cycle: 91
Register Write to Reg: 0x0C Val: 0x10010010
In clock cycle: 92
Register Write to Reg: 0x0D Val: 0x10010014
In clock cycle: 93
Register Write to Reg: 0x0E Val: 0x00000009
In clock cycle: 94
Register Write to Reg: 0x0F Val: 0x00000004
In clock cycle: 95
Register Write to Reg: 0x18 Val: 0x00000001
In clock cycle: 98
Memory Write to Addr: 0x10010010 Val: 0x00000004
In clock cycle: 99
Memory Write to Addr: 0x10010014 Val: 0x00000009
In clock cycle: 101
Register Write to Reg: 0x09 Val: 0x00000005
In clock cycle: 102
Register Write to Reg: 0x0A Val: 0x00000001
In clock cycle: 106
Register Write to Reg: 0x0C Val: 0x00000014
In clock cycle: 107
Register Write to Reg: 0x0C Val: 0x10010014
In clock cycle: 108
Register Write to Reg: 0x0D Val: 0x10010018
In clock cycle: 109
Register Write to Reg: 0x0E Val: 0x00000009
In clock cycle: 110
Register Write to Reg: 0x0F Val: 0x00000003
In clock cycle: 111
Register Write to Reg: 0x18 Val: 0x00000001
In clock cycle: 114
Memory Write to Addr: 0x10010014 Val: 0x00000003
In clock cycle: 115
Memory Write to Addr: 0x10010018 Val: 0x00000009
In clock cycle: 117
Register Write to Reg: 0x09 Val: 0x00000006
In clock cycle: 118
Register Write to Reg: 0x0A Val: 0x00000001
In clock cycle: 122
Register Write to Reg: 0x0C Val: 0x00000018
In clock cycle: 123
Register Write to Reg: 0x0C Val: 0x10010018
In clock cycle: 124
Register Write to Reg: 0x0D Val: 0x1001001C
In clock cycle: 125
Register Write to Reg: 0x0E Val: 0x00000009
In clock cycle: 126
Register Write to Reg: 0x0F Val: 0x00000002
In clock cycle: 127
Register Write to Reg: 0x18 Val: 0x00000001
In clock cycle: 130
Memory Write to Addr: 0x10010018 Val: 0x00000002
In clock cycle: 131
Memory Write to Addr: 0x1001001C Val: 0x00000009
In clock cycle: 133
Register Write to Reg: 0x09 Val: 0x00000007
In clock cycle: 134
Register Write to Reg: 0x0A Val: 0x00000001
In clock cycle: 138
Register Write to Reg: 0x0C Val: 0x0000001C
In clock cycle: 139
Register Write to Reg: 0x0C Val: 0x1001001C
In clock cycle: 140
Register Write to Reg: 0x0D Val: 0x10010020
In clock cycle: 141
Register Write to Reg: 0x0E Val: 0x00000009
In clock cycle: 142
Register Write to Reg: 0x0F Val: 0x00000001
In clock cycle: 143
Register Write to Reg: 0x18 Val: 0x00000001
In clock cycle: 146
Memory Write to Addr: 0x1001001C Val: 0x00000001
In clock cycle: 147
Memory Write to Addr: 0x10010020 Val: 0x00000009
In clock cycle: 149
Register Write to Reg: 0x09 Val: 0x00000008
In clock cycle: 150
Register Write to Reg: 0x0A Val: 0x00000001
In clock cycle: 154
Register Write to Reg: 0x0C Val: 0x00000020
In clock cycle: 155
Register Write to Reg: 0x0C Val: 0x10010020
In clock cycle: 156
Register Write to Reg: 0x0D Val: 0x10010024
In clock cycle: 157
Register Write to Reg: 0x0E Val: 0x00000009
In clock cycle: 158
Register Write to Reg: 0x0F Val: 0x00000000
In clock cycle: 159
Register Write to Reg: 0x18 Val: 0x00000001
In clock cycle: 162
Memory Write to Addr: 0x10010020 Val: 0x00000000
In clock cycle: 163
Memory Write to Addr: 0x10010024 Val: 0x00000009
In clock cycle: 165
Register Write to Reg: 0x09 Val: 0x00000009
In clock cycle: 166
Register Write to Reg: 0x0A Val: 0x00000000
In clock cycle: 168
Register Write to Reg: 0x08 Val: 0x00000001
In clock cycle: 169
Register Write to Reg: 0x0B Val: 0x00000001
In clock cycle: 173
Register Write to Reg: 0x09 Val: 0x00000000
In clock cycle: 174
Register Write to Reg: 0x13 Val: 0x00000008
In clock cycle: 177
Register Write to Reg: 0x0A Val: 0x00000001
In clock cycle: 181
Register Write to Reg: 0x0C Val: 0x00000000
In clock cycle: 182
Register Write to Reg: 0x0C Val: 0x10010000
In clock cycle: 183
Register Write to Reg: 0x0D Val: 0x10010004
In clock cycle: 184
Register Write to Reg: 0x0E Val: 0x00000008
In clock cycle: 185
Register Write to Reg: 0x0F Val: 0x00000007
In clock cycle: 186
Register Write to Reg: 0x18 Val: 0x00000001
In clock cycle: 189
Memory Write to Addr: 0x10010000 Val: 0x00000007
In clock cycle: 190
Memory Write to Addr: 0x10010004 Val: 0x00000008
In clock cycle: 192
Register Write to Reg: 0x09 Val: 0x00000001
In clock cycle: 193
Register Write to Reg: 0x0A Val: 0x00000001
In clock cycle: 197
Register Write to Reg: 0x0C Val: 0x00000004
In clock cycle: 198
Register Write to Reg: 0x0C Val: 0x10010004
In clock cycle: 199
Register Write to Reg: 0x0D Val: 0x10010008
In clock cycle: 200
Register Write to Reg: 0x0E Val: 0x00000008
In clock cycle: 201
Register Write to Reg: 0x0F Val: 0x00000006
In clock cycle: 202
Register Write to Reg: 0x18 Val: 0x00000001
In clock cycle: 205
Memory Write to Addr: 0x10010004 Val: 0x00000006
In clock cycle: 206
Memory Write to Addr: 0x10010008 Val: 0x00000008
In clock cycle: 208
Register Write to Reg: 0x09 Val: 0x00000002
In clock cycle: 209
Register Write to Reg: 0x0A Val: 0x00000001
In clock cycle: 213
Register Write to Reg: 0x0C Val: 0x00000008
In clock cycle: 214
Register Write to Reg: 0x0C Val: 0x10010008
In clock cycle: 215
Register Write to Reg: 0x0D Val: 0x1001000C
In clock cycle: 216
Register Write to Reg: 0x0E Val: 0x00000008
In clock cycle: 217
Register Write to Reg: 0x0F Val: 0x00000005
In clock cycle: 218
Register Write to Reg: 0x18 Val: 0x00000001
In clock cycle: 221
Memory Write to Addr: 0x10010008 Val: 0x00000005
In clock cycle: 222
Memory Write to Addr: 0x1001000C Val: 0x00000008
In clock cycle: 224
Register Write to Reg: 0x09 Val: 0x00000003
In clock cycle: 225
Register Write to Reg: 0x0A Val: 0x00000001
In clock cycle: 229
Register Write to Reg: 0x0C Val: 0x0000000C
In clock cycle: 230
Register Write to Reg: 0x0C Val: 0x1001000C
In clock cycle: 231
Register Write to Reg: 0x0D Val: 0x10010010
In clock cycle: 232
Register Write to Reg: 0x0E Val: 0x00000008
In clock cycle: 233
Register Write to Reg: 0x0F Val: 0x00000004
In clock cycle: 234
Register Write to Reg: 0x18 Val: 0x00000001
In clock cycle: 237
Memory Write to Addr: 0x1001000C Val: 0x00000004
In clock cycle: 238
Memory Write to Addr: 0x10010010 Val: 0x00000008
In clock cycle: 240
Register Write to Reg: 0x09 Val: 0x00000004
In clock cycle: 241
Register Write to Reg: 0x0A Val: 0x00000001
In clock cycle: 245
Register Write to Reg: 0x0C Val: 0x00000010
In clock cycle: 246
Register Write to Reg: 0x0C Val: 0x10010010
In clock cycle: 247
Register Write to Reg: 0x0D Val: 0x10010014
In clock cycle: 248
Register Write to Reg: 0x0E Val: 0x00000008
In clock cycle: 249
Register Write to Reg: 0x0F Val: 0x00000003
In clock cycle: 250
Register Write to Reg: 0x18 Val: 0x00000001
In clock cycle: 253
Memory Write to Addr: 0x10010010 Val: 0x00000003
In clock cycle: 254
Memory Write to Addr: 0x10010014 Val: 0x00000008
In clock cycle: 256
Register Write to Reg: 0x09 Val: 0x00000005
In clock cycle: 257
Register Write to Reg: 0x0A Val: 0x00000001
In clock cycle: 261
Register Write to Reg: 0x0C Val: 0x00000014
In clock cycle: 262
Register Write to Reg: 0x0C Val: 0x10010014
In clock cycle: 263
Register Write to Reg: 0x0D Val: 0x10010018
In clock cycle: 264
Register Write to Reg: 0x0E Val: 0x00000008
In clock cycle: 265
Register Write to Reg: 0x0F Val: 0x00000002
In clock cycle: 266
Register Write to Reg: 0x18 Val: 0x00000001
In clock cycle: 269
Memory Write to Addr: 0x10010014 Val: 0x00000002
In clock cycle: 270
Memory Write to Addr: 0x10010018 Val: 0x00000008
In clock cycle: 272
Register Write to Reg: 0x09 Val: 0x00000006
In clock cycle: 273
Register Write to Reg: 0x0A Val: 0x00000001
In clock cycle: 277
Register Write to Reg: 0x0C Val: 0x00000018
In clock cycle: 278
Register Write to Reg: 0x0C Val: 0x10010018
In clock cycle: 279
Register Write to Reg: 0x0D Val: 0x1001001C
In clock cycle: 280
Register Write to Reg: 0x0E Val: 0x00000008
In clock cycle: 281
Register Write to Reg: 0x0F Val: 0x00000001
In clock cycle: 282
Register Write to Reg: 0x18 Val: 0x00000001
In clock cycle: 285
Memory Write to Addr: 0x10010018 Val: 0x00000001
In clock cycle: 286
Memory Write to Addr: 0x1001001C Val: 0x00000008
In clock cycle: 288
Register Write to Reg: 0x09 Val: 0x00000007
In clock cycle: 289
Register Write to Reg: 0x0A Val: 0x00000001
In clock cycle: 293
Register Write to Reg: 0x0C Val: 0x0000001C
In clock cycle: 294
Register Write to Reg: 0x0C Val: 0x1001001C
In clock cycle: 295
Register Write to Reg: 0x0D Val: 0x10010020
In clock cycle: 296
Register Write to Reg: 0x0E Val: 0x00000008
In clock cycle: 297
Register Write to Reg: 0x0F Val: 0x00000000
In clock cycle: 298
Register Write to Reg: 0x18 Val: 0x00000001
In clock cycle: 301
Memory Write to Addr: 0x1001001C Val: 0x00000000
In clock cycle: 302
Memory Write to Addr: 0x10010020 Val: 0x00000008
In clock cycle: 304
Register Write to Reg: 0x09 Val: 0x00000008
In clock cycle: 305
Register Write to Reg: 0x0A Val: 0x00000000
In clock cycle: 307
Register Write to Reg: 0x08 Val: 0x00000002
In clock cycle: 308
Register Write to Reg: 0x0B Val: 0x00000001
In clock cycle: 312
Register Write to Reg: 0x09 Val: 0x00000000
In clock cycle: 313
Register Write to Reg: 0x13 Val: 0x00000007
In clock cycle: 316
Register Write to Reg: 0x0A Val: 0x00000001
In clock cycle: 320
Register Write to Reg: 0x0C Val: 0x00000000
In clock cycle: 321
Register Write to Reg: 0x0C Val: 0x10010000
In clock cycle: 322
Register Write to Reg: 0x0D Val: 0x10010004
In clock cycle: 323
Register Write to Reg: 0x0E Val: 0x00000007
In clock cycle: 324
Register Write to Reg: 0x0F Val: 0x00000006
In clock cycle: 325
Register Write to Reg: 0x18 Val: 0x00000001
In clock cycle: 328
Memory Write to Addr: 0x10010000 Val: 0x00000006
In clock cycle: 329
Memory Write to Addr: 0x10010004 Val: 0x00000007
In clock cycle: 331
Register Write to Reg: 0x09 Val: 0x00000001
In clock cycle: 332
Register Write to Reg: 0x0A Val: 0x00000001
In clock cycle: 336
Register Write to Reg: 0x0C Val: 0x00000004
In clock cycle: 337
Register Write to Reg: 0x0C Val: 0x10010004
In clock cycle: 338
Register Write to Reg: 0x0D Val: 0x10010008
In clock cycle: 339
Register Write to Reg: 0x0E Val: 0x00000007
In clock cycle: 340
Register Write to Reg: 0x0F Val: 0x00000005
In clock cycle: 341
Register Write to Reg: 0x18 Val: 0x00000001
In clock cycle: 344
Memory Write to Addr: 0x10010004 Val: 0x00000005
In clock cycle: 345
Memory Write to Addr: 0x10010008 Val: 0x00000007
In clock cycle: 347
Register Write to Reg: 0x09 Val: 0x00000002
In clock cycle: 348
Register Write to Reg: 0x0A Val: 0x00000001
In clock cycle: 352
Register Write to Reg: 0x0C Val: 0x00000008
In clock cycle: 353
Register Write to Reg: 0x0C Val: 0x10010008
In clock cycle: 354
Register Write to Reg: 0x0D Val: 0x1001000C
In clock cycle: 355
Register Write to Reg: 0x0E Val: 0x00000007
In clock cycle: 356
Register Write to Reg: 0x0F Val: 0x00000004
In clock cycle: 357
Register Write to Reg: 0x18 Val: 0x00000001
In clock cycle: 360
Memory Write to Addr: 0x10010008 Val: 0x00000004
In clock cycle: 361
Memory Write to Addr: 0x1001000C Val: 0x00000007
In clock cycle: 363
Register Write to Reg: 0x09 Val: 0x00000003
In clock cycle: 364
Register Write to Reg: 0x0A Val: 0x00000001
In clock cycle: 368
Register Write to Reg: 0x0C Val: 0x0000000C
In clock cycle: 369
Register Write to Reg: 0x0C Val: 0x1001000C
In clock cycle: 370
Register Write to Reg: 0x0D Val: 0x10010010
In clock cycle: 371
Register Write to Reg: 0x0E Val: 0x00000007
In clock cycle: 372
Register Write to Reg: 0x0F Val: 0x00000003
In clock cycle: 373
Register Write to Reg: 0x18 Val: 0x00000001
In clock cycle: 376
Memory Write to Addr: 0x1001000C Val: 0x00000003
In clock cycle: 377
Memory Write to Addr: 0x10010010 Val: 0x00000007
In clock cycle: 379
Register Write to Reg: 0x09 Val: 0x00000004
In clock cycle: 380
Register Write to Reg: 0x0A Val: 0x00000001
In clock cycle: 384
Register Write to Reg: 0x0C Val: 0x00000010
In clock cycle: 385
Register Write to Reg: 0x0C Val: 0x10010010
In clock cycle: 386
Register Write to Reg: 0x0D Val: 0x10010014
In clock cycle: 387
Register Write to Reg: 0x0E Val: 0x00000007
In clock cycle: 388
Register Write to Reg: 0x0F Val: 0x00000002
In clock cycle: 389
Register Write to Reg: 0x18 Val: 0x00000001
In clock cycle: 392
Memory Write to Addr: 0x10010010 Val: 0x00000002
In clock cycle: 393
Memory Write to Addr: 0x10010014 Val: 0x00000007
In clock cycle: 395
Register Write to Reg: 0x09 Val: 0x00000005
In clock cycle: 396
Register Write to Reg: 0x0A Val: 0x00000001
In clock cycle: 400
Register Write to Reg: 0x0C Val: 0x00000014
In clock cycle: 401
Register Write to Reg: 0x0C Val: 0x10010014
In clock cycle: 402
Register Write to Reg: 0x0D Val: 0x10010018
In clock cycle: 403
Register Write to Reg: 0x0E Val: 0x00000007
In clock cycle: 404
Register Write to Reg: 0x0F Val: 0x00000001
In clock cycle: 405
Register Write to Reg: 0x18 Val: 0x00000001
In clock cycle: 408
Memory Write to Addr: 0x10010014 Val: 0x00000001
In clock cycle: 409
Memory Write to Addr: 0x10010018 Val: 0x00000007
In clock cycle: 411
Register Write to Reg: 0x09 Val: 0x00000006
In clock cycle: 412
Register Write to Reg: 0x0A Val: 0x00000001
In clock cycle: 416
Register Write to Reg: 0x0C Val: 0x00000018
In clock cycle: 417
Register Write to Reg: 0x0C Val: 0x10010018
In clock cycle: 418
Register Write to Reg: 0x0D Val: 0x1001001C
In clock cycle: 419
Register Write to Reg: 0x0E Val: 0x00000007
In clock cycle: 420
Register Write to Reg: 0x0F Val: 0x00000000
In clock cycle: 421
Register Write to Reg: 0x18 Val: 0x00000001
In clock cycle: 424
Memory Write to Addr: 0x10010018 Val: 0x00000000
In clock cycle: 425
Memory Write to Addr: 0x1001001C Val: 0x00000007
In clock cycle: 427
Register Write to Reg: 0x09 Val: 0x00000007
In clock cycle: 428
Register Write to Reg: 0x0A Val: 0x00000000
In clock cycle: 430
Register Write to Reg: 0x08 Val: 0x00000003
In clock cycle: 431
Register Write to Reg: 0x0B Val: 0x00000001
In clock cycle: 435
Register Write to Reg: 0x09 Val: 0x00000000
In clock cycle: 436
Register Write to Reg: 0x13 Val: 0x00000006
In clock cycle: 439
Register Write to Reg: 0x0A Val: 0x00000001
In clock cycle: 443
Register Write to Reg: 0x0C Val: 0x00000000
In clock cycle: 444
Register Write to Reg: 0x0C Val: 0x10010000
In clock cycle: 445
Register Write to Reg: 0x0D Val: 0x10010004
In clock cycle: 446
Register Write to Reg: 0x0E Val: 0x00000006
In clock cycle: 447
Register Write to Reg: 0x0F Val: 0x00000005
In clock cycle: 448
Register Write to Reg: 0x18 Val: 0x00000001
In clock cycle: 451
Memory Write to Addr: 0x10010000 Val: 0x00000005
In clock cycle: 452
Memory Write to Addr: 0x10010004 Val: 0x00000006
In clock cycle: 454
Register Write to Reg: 0x09 Val: 0x00000001
In clock cycle: 455
Register Write to Reg: 0x0A Val: 0x00000001
In clock cycle: 459
Register Write to Reg: 0x0C Val: 0x00000004
In clock cycle: 460
Register Write to Reg: 0x0C Val: 0x10010004
In clock cycle: 461
Register Write to Reg: 0x0D Val: 0x10010008
In clock cycle: 462
Register Write to Reg: 0x0E Val: 0x00000006
In clock cycle: 463
Register Write to Reg: 0x0F Val: 0x00000004
In clock cycle: 464
Register Write to Reg: 0x18 Val: 0x00000001
In clock cycle: 467
Memory Write to Addr: 0x10010004 Val: 0x00000004
In clock cycle: 468
Memory Write to Addr: 0x10010008 Val: 0x00000006
In clock cycle: 470
Register Write to Reg: 0x09 Val: 0x00000002
In clock cycle: 471
Register Write to Reg: 0x0A Val: 0x00000001
In clock cycle: 475
Register Write to Reg: 0x0C Val: 0x00000008
In clock cycle: 476
Register Write to Reg: 0x0C Val: 0x10010008
In clock cycle: 477
Register Write to Reg: 0x0D Val: 0x1001000C
In clock cycle: 478
Register Write to Reg: 0x0E Val: 0x00000006
In clock cycle: 479
Register Write to Reg: 0x0F Val: 0x00000003
In clock cycle: 480
Register Write to Reg: 0x18 Val: 0x00000001
In clock cycle: 483
Memory Write to Addr: 0x10010008 Val: 0x00000003
In clock cycle: 484
Memory Write to Addr: 0x1001000C Val: 0x00000006
In clock cycle: 486
Register Write to Reg: 0x09 Val: 0x00000003
In clock cycle: 487
Register Write to Reg: 0x0A Val: 0x00000001
In clock cycle: 491
Register Write to Reg: 0x0C Val: 0x0000000C
In clock cycle: 492
Register Write to Reg: 0x0C Val: 0x1001000C
In clock cycle: 493
Register Write to Reg: 0x0D Val: 0x10010010
In clock cycle: 494
Register Write to Reg: 0x0E Val: 0x00000006
In clock cycle: 495
Register Write to Reg: 0x0F Val: 0x00000002
In clock cycle: 496
Register Write to Reg: 0x18 Val: 0x00000001
In clock cycle: 499
Memory Write to Addr: 0x1001000C Val: 0x00000002
In clock cycle: 500
Memory Write to Addr: 0x10010010 Val: 0x00000006
In clock cycle: 502
Register Write to Reg: 0x09 Val: 0x00000004
In clock cycle: 503
Register Write to Reg: 0x0A Val: 0x00000001
In clock cycle: 507
Register Write to Reg: 0x0C Val: 0x00000010
In clock cycle: 508
Register Write to Reg: 0x0C Val: 0x10010010
In clock cycle: 509
Register Write to Reg: 0x0D Val: 0x10010014
In clock cycle: 510
Register Write to Reg: 0x0E Val: 0x00000006
In clock cycle: 511
Register Write to Reg: 0x0F Val: 0x00000001
In clock cycle: 512
Register Write to Reg: 0x18 Val: 0x00000001
In clock cycle: 515
Memory Write to Addr: 0x10010010 Val: 0x00000001
In clock cycle: 516
Memory Write to Addr: 0x10010014 Val: 0x00000006
In clock cycle: 518
Register Write to Reg: 0x09 Val: 0x00000005
In clock cycle: 519
Register Write to Reg: 0x0A Val: 0x00000001
In clock cycle: 523
Register Write to Reg: 0x0C Val: 0x00000014
In clock cycle: 524
Register Write to Reg: 0x0C Val: 0x10010014
In clock cycle: 525
Register Write to Reg: 0x0D Val: 0x10010018
In clock cycle: 526
Register Write to Reg: 0x0E Val: 0x00000006
In clock cycle: 527
Register Write to Reg: 0x0F Val: 0x00000000
In clock cycle: 528
Register Write to Reg: 0x18 Val: 0x00000001
In clock cycle: 531
Memory Write to Addr: 0x10010014 Val: 0x00000000
In clock cycle: 532
Memory Write to Addr: 0x10010018 Val: 0x00000006
In clock cycle: 534
Register Write to Reg: 0x09 Val: 0x00000006
In clock cycle: 535
Register Write to Reg: 0x0A Val: 0x00000000
In clock cycle: 537
Register Write to Reg: 0x08 Val: 0x00000004
In clock cycle: 538
Register Write to Reg: 0x0B Val: 0x00000001
In clock cycle: 542
Register Write to Reg: 0x09 Val: 0x00000000
In clock cycle: 543
Register Write to Reg: 0x13 Val: 0x00000005
In clock cycle: 546
Register Write to Reg: 0x0A Val: 0x00000001
In clock cycle: 550
Register Write to Reg: 0x0C Val: 0x00000000
In clock cycle: 551
Register Write to Reg: 0x0C Val: 0x10010000
In clock cycle: 552
Register Write to Reg: 0x0D Val: 0x10010004
In clock cycle: 553
Register Write to Reg: 0x0E Val: 0x00000005
In clock cycle: 554
Register Write to Reg: 0x0F Val: 0x00000004
In clock cycle: 555
Register Write to Reg: 0x18 Val: 0x00000001
In clock cycle: 558
Memory Write to Addr: 0x10010000 Val: 0x00000004
In clock cycle: 559
Memory Write to Addr: 0x10010004 Val: 0x00000005
In clock cycle: 561
Register Write to Reg: 0x09 Val: 0x00000001
In clock cycle: 562
Register Write to Reg: 0x0A Val: 0x00000001
In clock cycle: 566
Register Write to Reg: 0x0C Val: 0x00000004
In clock cycle: 567
Register Write to Reg: 0x0C Val: 0x10010004
In clock cycle: 568
Register Write to Reg: 0x0D Val: 0x10010008
In clock cycle: 569
Register Write to Reg: 0x0E Val: 0x00000005
In clock cycle: 570
Register Write to Reg: 0x0F Val: 0x00000003
In clock cycle: 571
Register Write to Reg: 0x18 Val: 0x00000001
In clock cycle: 574
Memory Write to Addr: 0x10010004 Val: 0x00000003
In clock cycle: 575
Memory Write to Addr: 0x10010008 Val: 0x00000005
In clock cycle: 577
Register Write to Reg: 0x09 Val: 0x00000002
In clock cycle: 578
Register Write to Reg: 0x0A Val: 0x00000001
In clock cycle: 582
Register Write to Reg: 0x0C Val: 0x00000008
In clock cycle: 583
Register Write to Reg: 0x0C Val: 0x10010008
In clock cycle: 584
Register Write to Reg: 0x0D Val: 0x1001000C
In clock cycle: 585
Register Write to Reg: 0x0E Val: 0x00000005
In clock cycle: 586
Register Write to Reg: 0x0F Val: 0x00000002
In clock cycle: 587
Register Write to Reg: 0x18 Val: 0x00000001
In clock cycle: 590
Memory Write to Addr: 0x10010008 Val: 0x00000002
In clock cycle: 591
Memory Write to Addr: 0x1001000C Val: 0x00000005
In clock cycle: 593
Register Write to Reg: 0x09 Val: 0x00000003
In clock cycle: 594
Register Write to Reg: 0x0A Val: 0x00000001
In clock cycle: 598
Register Write to Reg: 0x0C Val: 0x0000000C
In clock cycle: 599
Register Write to Reg: 0x0C Val: 0x1001000C
In clock cycle: 600
Register Write to Reg: 0x0D Val: 0x10010010
In clock cycle: 601
Register Write to Reg: 0x0E Val: 0x00000005
In clock cycle: 602
Register Write to Reg: 0x0F Val: 0x00000001
In clock cycle: 603
Register Write to Reg: 0x18 Val: 0x00000001
In clock cycle: 606
Memory Write to Addr: 0x1001000C Val: 0x00000001
In clock cycle: 607
Memory Write to Addr: 0x10010010 Val: 0x00000005
In clock cycle: 609
Register Write to Reg: 0x09 Val: 0x00000004
In clock cycle: 610
Register Write to Reg: 0x0A Val: 0x00000001
In clock cycle: 614
Register Write to Reg: 0x0C Val: 0x00000010
In clock cycle: 615
Register Write to Reg: 0x0C Val: 0x10010010
In clock cycle: 616
Register Write to Reg: 0x0D Val: 0x10010014
In clock cycle: 617
Register Write to Reg: 0x0E Val: 0x00000005
In clock cycle: 618
Register Write to Reg: 0x0F Val: 0x00000000
In clock cycle: 619
Register Write to Reg: 0x18 Val: 0x00000001
In clock cycle: 622
Memory Write to Addr: 0x10010010 Val: 0x00000000
In clock cycle: 623
Memory Write to Addr: 0x10010014 Val: 0x00000005
In clock cycle: 625
Register Write to Reg: 0x09 Val: 0x00000005
In clock cycle: 626
Register Write to Reg: 0x0A Val: 0x00000000
In clock cycle: 628
Register Write to Reg: 0x08 Val: 0x00000005
In clock cycle: 629
Register Write to Reg: 0x0B Val: 0x00000001
In clock cycle: 633
Register Write to Reg: 0x09 Val: 0x00000000
In clock cycle: 634
Register Write to Reg: 0x13 Val: 0x00000004
In clock cycle: 637
Register Write to Reg: 0x0A Val: 0x00000001
In clock cycle: 641
Register Write to Reg: 0x0C Val: 0x00000000
In clock cycle: 642
Register Write to Reg: 0x0C Val: 0x10010000
In clock cycle: 643
Register Write to Reg: 0x0D Val: 0x10010004
In clock cycle: 644
Register Write to Reg: 0x0E Val: 0x00000004
In clock cycle: 645
Register Write to Reg: 0x0F Val: 0x00000003
In clock cycle: 646
Register Write to Reg: 0x18 Val: 0x00000001
In clock cycle: 649
Memory Write to Addr: 0x10010000 Val: 0x00000003
In clock cycle: 650
Memory Write to Addr: 0x10010004 Val: 0x00000004
In clock cycle: 652
Register Write to Reg: 0x09 Val: 0x00000001
In clock cycle: 653
Register Write to Reg: 0x0A Val: 0x00000001
In clock cycle: 657
Register Write to Reg: 0x0C Val: 0x00000004
In clock cycle: 658
Register Write to Reg: 0x0C Val: 0x10010004
In clock cycle: 659
Register Write to Reg: 0x0D Val: 0x10010008
In clock cycle: 660
Register Write to Reg: 0x0E Val: 0x00000004
In clock cycle: 661
Register Write to Reg: 0x0F Val: 0x00000002
In clock cycle: 662
Register Write to Reg: 0x18 Val: 0x00000001
In clock cycle: 665
Memory Write to Addr: 0x10010004 Val: 0x00000002
In clock cycle: 666
Memory Write to Addr: 0x10010008 Val: 0x00000004
In clock cycle: 668
Register Write to Reg: 0x09 Val: 0x00000002
In clock cycle: 669
Register Write to Reg: 0x0A Val: 0x00000001
In clock cycle: 673
Register Write to Reg: 0x0C Val: 0x00000008
In clock cycle: 674
Register Write to Reg: 0x0C Val: 0x10010008
In clock cycle: 675
Register Write to Reg: 0x0D Val: 0x1001000C
In clock cycle: 676
Register Write to Reg: 0x0E Val: 0x00000004
In clock cycle: 677
Register Write to Reg: 0x0F Val: 0x00000001
In clock cycle: 678
Register Write to Reg: 0x18 Val: 0x00000001
In clock cycle: 681
Memory Write to Addr: 0x10010008 Val: 0x00000001
In clock cycle: 682
Memory Write to Addr: 0x1001000C Val: 0x00000004
In clock cycle: 684
Register Write to Reg: 0x09 Val: 0x00000003
In clock cycle: 685
Register Write to Reg: 0x0A Val: 0x00000001
In clock cycle: 689
Register Write to Reg: 0x0C Val: 0x0000000C
In clock cycle: 690
Register Write to Reg: 0x0C Val: 0x1001000C
In clock cycle: 691
Register Write to Reg: 0x0D Val: 0x10010010
In clock cycle: 692
Register Write to Reg: 0x0E Val: 0x00000004
In clock cycle: 693
Register Write to Reg: 0x0F Val: 0x00000000
In clock cycle: 694
Register Write to Reg: 0x18 Val: 0x00000001
In clock cycle: 697
Memory Write to Addr: 0x1001000C Val: 0x00000000
In clock cycle: 698
Memory Write to Addr: 0x10010010 Val: 0x00000004
In clock cycle: 700
Register Write to Reg: 0x09 Val: 0x00000004
In clock cycle: 701
Register Write to Reg: 0x0A Val: 0x00000000
In clock cycle: 703
Register Write to Reg: 0x08 Val: 0x00000006
In clock cycle: 704
Register Write to Reg: 0x0B Val: 0x00000001
In clock cycle: 708
Register Write to Reg: 0x09 Val: 0x00000000
In clock cycle: 709
Register Write to Reg: 0x13 Val: 0x00000003
In clock cycle: 712
Register Write to Reg: 0x0A Val: 0x00000001
In clock cycle: 716
Register Write to Reg: 0x0C Val: 0x00000000
In clock cycle: 717
Register Write to Reg: 0x0C Val: 0x10010000
In clock cycle: 718
Register Write to Reg: 0x0D Val: 0x10010004
In clock cycle: 719
Register Write to Reg: 0x0E Val: 0x00000003
In clock cycle: 720
Register Write to Reg: 0x0F Val: 0x00000002
In clock cycle: 721
Register Write to Reg: 0x18 Val: 0x00000001
In clock cycle: 724
Memory Write to Addr: 0x10010000 Val: 0x00000002
In clock cycle: 725
Memory Write to Addr: 0x10010004 Val: 0x00000003
In clock cycle: 727
Register Write to Reg: 0x09 Val: 0x00000001
In clock cycle: 728
Register Write to Reg: 0x0A Val: 0x00000001
In clock cycle: 732
Register Write to Reg: 0x0C Val: 0x00000004
In clock cycle: 733
Register Write to Reg: 0x0C Val: 0x10010004
In clock cycle: 734
Register Write to Reg: 0x0D Val: 0x10010008
In clock cycle: 735
Register Write to Reg: 0x0E Val: 0x00000003
In clock cycle: 736
Register Write to Reg: 0x0F Val: 0x00000001
In clock cycle: 737
Register Write to Reg: 0x18 Val: 0x00000001
In clock cycle: 740
Memory Write to Addr: 0x10010004 Val: 0x00000001
In clock cycle: 741
Memory Write to Addr: 0x10010008 Val: 0x00000003
In clock cycle: 743
Register Write to Reg: 0x09 Val: 0x00000002
In clock cycle: 744
Register Write to Reg: 0x0A Val: 0x00000001
In clock cycle: 748
Register Write to Reg: 0x0C Val: 0x00000008
In clock cycle: 749
Register Write to Reg: 0x0C Val: 0x10010008
In clock cycle: 750
Register Write to Reg: 0x0D Val: 0x1001000C
In clock cycle: 751
Register Write to Reg: 0x0E Val: 0x00000003
In clock cycle: 752
Register Write to Reg: 0x0F Val: 0x00000000
In clock cycle: 753
Register Write to Reg: 0x18 Val: 0x00000001
In clock cycle: 756
Memory Write to Addr: 0x10010008 Val: 0x00000000
In clock cycle: 757
Memory Write to Addr: 0x1001000C Val: 0x00000003
In clock cycle: 759
Register Write to Reg: 0x09 Val: 0x00000003
In clock cycle: 760
Register Write to Reg: 0x0A Val: 0x00000000
In clock cycle: 762
Register Write to Reg: 0x08 Val: 0x00000007
In clock cycle: 763
Register Write to Reg: 0x0B Val: 0x00000001
In clock cycle: 767
Register Write to Reg: 0x09 Val: 0x00000000
In clock cycle: 768
Register Write to Reg: 0x13 Val: 0x00000002
In clock cycle: 771
Register Write to Reg: 0x0A Val: 0x00000001
In clock cycle: 775
Register Write to Reg: 0x0C Val: 0x00000000
In clock cycle: 776
Register Write to Reg: 0x0C Val: 0x10010000
In clock cycle: 777
Register Write to Reg: 0x0D Val: 0x10010004
In clock cycle: 778
Register Write to Reg: 0x0E Val: 0x00000002
In clock cycle: 779
Register Write to Reg: 0x0F Val: 0x00000001
In clock cycle: 780
Register Write to Reg: 0x18 Val: 0x00000001
In clock cycle: 783
Memory Write to Addr: 0x10010000 Val: 0x00000001
In clock cycle: 784
Memory Write to Addr: 0x10010004 Val: 0x00000002
In clock cycle: 786
Register Write to Reg: 0x09 Val: 0x00000001
In clock cycle: 787
Register Write to Reg: 0x0A Val: 0x00000001
In clock cycle: 791
Register Write to Reg: 0x0C Val: 0x00000004
In clock cycle: 792
Register Write to Reg: 0x0C Val: 0x10010004
In clock cycle: 793
Register Write to Reg: 0x0D Val: 0x10010008
In clock cycle: 794
Register Write to Reg: 0x0E Val: 0x00000002
In clock cycle: 795
Register Write to Reg: 0x0F Val: 0x00000000
In clock cycle: 796
Register Write to Reg: 0x18 Val: 0x00000001
In clock cycle: 799
Memory Write to Addr: 0x10010004 Val: 0x00000000
In clock cycle: 800
Memory Write to Addr: 0x10010008 Val: 0x00000002
In clock cycle: 802
Register Write to Reg: 0x09 Val: 0x00000002
In clock cycle: 803
Register Write to Reg: 0x0A Val: 0x00000000
In clock cycle: 805
Register Write to Reg: 0x08 Val: 0x00000008
In clock cycle: 806
Register Write to Reg: 0x0B Val: 0x00000001
In clock cycle: 810
Register Write to Reg: 0x09 Val: 0x00000000
In clock cycle: 811
Register Write to Reg: 0x13 Val: 0x00000001
In clock cycle: 814
Register Write to Reg: 0x0A Val: 0x00000001
In clock cycle: 818
Register Write to Reg: 0x0C Val: 0x00000000
In clock cycle: 819
Register Write to Reg: 0x0C Val: 0x10010000
In clock cycle: 820
Register Write to Reg: 0x0D Val: 0x10010004
In clock cycle: 821
Register Write to Reg: 0x0E Val: 0x00000001
In clock cycle: 822
Register Write to Reg: 0x0F Val: 0x00000000
In clock cycle: 823
Register Write to Reg: 0x18 Val: 0x00000001
In clock cycle: 826
Memory Write to Addr: 0x10010000 Val: 0x00000000
In clock cycle: 827
Memory Write to Addr: 0x10010004 Val: 0x00000001
In clock cycle: 829
Register Write to Reg: 0x09 Val: 0x00000001
In clock cycle: 830
Register Write to Reg: 0x0A Val: 0x00000000
In clock cycle: 832
Register Write to Reg: 0x08 Val: 0x00000009
In clock cycle: 833
Register Write to Reg: 0x0B Val: 0x00000000
In clock cycle: 835
Register Write to Reg: 0x00 Val: 0x00000000
Execution is stopping! Clock Cycle: 835
