Reading pref.tcl

# 2022.2

# vsim -postsimdataflow -debugdb -c -voptargs=""+acc"" tb -do "modelsim_framework.do" -gOUTPUT_TRACE=ms.trace 
# Start time: 21:40:56 on Dec 10,2022
# ** Note: (vsim-8009) Loading existing optimized design _opt
# //  Questa Sim-64
# //  Version 2022.2 linux_x86_64 Apr 25 2022
# //
# //  Copyright 1991-2022 Mentor Graphics Corporation
# //  All Rights Reserved.
# //
# //  QuestaSim and its associated documentation contain trade
# //  secrets and commercial or financial information that are the property of
# //  Mentor Graphics Corporation and are privileged, confidential,
# //  and exempt from disclosure under the Freedom of Information Act,
# //  5 U.S.C. Section 552. Furthermore, this information
# //  is prohibited from disclosure under the Trade Secrets Act,
# //  18 U.S.C. Section 1905.
# //
# Loading std.standard
# Loading std.textio(body)
# Loading ieee.std_logic_1164(body)
# Loading ieee.std_logic_textio(body)
# Loading std.env(body)
# Loading work.tb(mixed)#1
# Loading ieee.numeric_std(body)
# Loading work.mips_types(body)
# Loading work.mips_processor(structure)#1
# Loading work.mem(rtl)#1
# Loading work.control(behavioral)#1
# Loading work.foward(behavioral)#1
# Loading work.controlhazards(behavioral)#1
# Loading work.notg(dataflow)#1
# Loading work.andg6(dataflow)#1
# Loading work.org5(dataflow)#1
# Loading work.alu(mixed)#1
# Loading work.barrel_shifter(mixed)#1
# Loading work.andg2(dataflow)#1
# Loading work.org2(dataflow)#1
# Loading work.xorg2(dataflow)#1
# Loading work.norg(dataflow)#1
# Loading work.addsub(structure)#1
# Loading work.fulladder(structure)#1
# Loading work.muxpkg
# Loading work.regfile(mixed)#1
# Loading work.n_dff(structural)#1
# Loading work.dffg(mixed)#1
# Loading work.flush_reg(structural)#1
# Loading work.dffgspecial(mixed)#1
# Loading work.flush_reg(structural)#2
# Loading work.n_dff(structural)#2
# Loading work.n_dff(structural)#3
# Loading work.flush_reg(structural)#3
# ** Note: (vsim-8716) Reusing existing debug database vsim.dbg.
# do modelsim_framework.do
# ** Warning: NUMERIC_STD.TO_INTEGER: metavalue detected, returning 0
#    Time: 0 ns  Iteration: 0  Instance: /tb/MyMips
# ** Warning: NUMERIC_STD.TO_INTEGER: metavalue detected, returning 0
#    Time: 0 ns  Iteration: 0  Instance: /tb/MyMips
# ** Warning: NUMERIC_STD.TO_INTEGER: metavalue detected, returning 0
#    Time: 0 ns  Iteration: 0  Instance: /tb/MyMips
# ** Warning: NUMERIC_STD.TO_INTEGER: metavalue detected, returning 0
#    Time: 0 ns  Iteration: 0  Instance: /tb/MyMips/DMem
# ** Warning: NUMERIC_STD.TO_INTEGER: metavalue detected, returning 0
#    Time: 0 ns  Iteration: 0  Instance: /tb/MyMips/IMem
# ** Warning: NUMERIC_STD.TO_INTEGER: metavalue detected, returning 0
#    Time: 0 ns  Iteration: 1  Instance: /tb/MyMips
# ** Warning: (vsim-151) NUMERIC_STD.TO_INTEGER: Value -98168 is not in bounds of subtype NATURAL.
#    Time: 140 ns  Iteration: 4  Instance: /tb/MyMips
# ** Warning: (vsim-151) NUMERIC_STD.TO_INTEGER: Value -76 is not in bounds of subtype NATURAL.
#    Time: 260 ns  Iteration: 7  Instance: /tb/MyMips
# ** Warning: (vsim-151) NUMERIC_STD.TO_INTEGER: Value -106360 is not in bounds of subtype NATURAL.
#    Time: 340 ns  Iteration: 4  Instance: /tb/MyMips
# ** Warning: (vsim-151) NUMERIC_STD.TO_INTEGER: Value -52 is not in bounds of subtype NATURAL.
#    Time: 420 ns  Iteration: 7  Instance: /tb/MyMips
# ** Warning: (vsim-151) NUMERIC_STD.TO_INTEGER: Value -65368 is not in bounds of subtype NATURAL.
#    Time: 580 ns  Iteration: 4  Instance: /tb/MyMips
# ** Warning: (vsim-151) NUMERIC_STD.TO_INTEGER: Value -52 is not in bounds of subtype NATURAL.
#    Time: 740 ns  Iteration: 7  Instance: /tb/MyMips
# ** Warning: (vsim-151) NUMERIC_STD.TO_INTEGER: Value -65368 is not in bounds of subtype NATURAL.
#    Time: 900 ns  Iteration: 4  Instance: /tb/MyMips
# ** Warning: (vsim-151) NUMERIC_STD.TO_INTEGER: Value -52 is not in bounds of subtype NATURAL.
#    Time: 1060 ns  Iteration: 7  Instance: /tb/MyMips
# ** Warning: (vsim-151) NUMERIC_STD.TO_INTEGER: Value -65368 is not in bounds of subtype NATURAL.
#    Time: 1220 ns  Iteration: 4  Instance: /tb/MyMips
# ** Warning: (vsim-151) NUMERIC_STD.TO_INTEGER: Value -52 is not in bounds of subtype NATURAL.
#    Time: 1380 ns  Iteration: 7  Instance: /tb/MyMips
# ** Warning: (vsim-151) NUMERIC_STD.TO_INTEGER: Value -65368 is not in bounds of subtype NATURAL.
#    Time: 1540 ns  Iteration: 4  Instance: /tb/MyMips
# ** Warning: (vsim-151) NUMERIC_STD.TO_INTEGER: Value -52 is not in bounds of subtype NATURAL.
#    Time: 1700 ns  Iteration: 7  Instance: /tb/MyMips
# ** Warning: (vsim-151) NUMERIC_STD.TO_INTEGER: Value -65368 is not in bounds of subtype NATURAL.
#    Time: 1860 ns  Iteration: 4  Instance: /tb/MyMips
# ** Warning: (vsim-151) NUMERIC_STD.TO_INTEGER: Value -52 is not in bounds of subtype NATURAL.
#    Time: 2020 ns  Iteration: 7  Instance: /tb/MyMips
# ** Warning: (vsim-151) NUMERIC_STD.TO_INTEGER: Value -65368 is not in bounds of subtype NATURAL.
#    Time: 2180 ns  Iteration: 4  Instance: /tb/MyMips
# ** Warning: (vsim-151) NUMERIC_STD.TO_INTEGER: Value -52 is not in bounds of subtype NATURAL.
#    Time: 2340 ns  Iteration: 7  Instance: /tb/MyMips
# ** Warning: (vsim-151) NUMERIC_STD.TO_INTEGER: Value -65368 is not in bounds of subtype NATURAL.
#    Time: 2500 ns  Iteration: 4  Instance: /tb/MyMips
# ** Warning: (vsim-151) NUMERIC_STD.TO_INTEGER: Value -52 is not in bounds of subtype NATURAL.
#    Time: 2660 ns  Iteration: 7  Instance: /tb/MyMips
# ** Warning: (vsim-151) NUMERIC_STD.TO_INTEGER: Value -65368 is not in bounds of subtype NATURAL.
#    Time: 2820 ns  Iteration: 4  Instance: /tb/MyMips
# ** Warning: (vsim-151) NUMERIC_STD.TO_INTEGER: Value -52 is not in bounds of subtype NATURAL.
#    Time: 2980 ns  Iteration: 7  Instance: /tb/MyMips
# ** Warning: (vsim-151) NUMERIC_STD.TO_INTEGER: Value -65368 is not in bounds of subtype NATURAL.
#    Time: 3140 ns  Iteration: 4  Instance: /tb/MyMips
# ** Warning: (vsim-151) NUMERIC_STD.TO_INTEGER: Value -52 is not in bounds of subtype NATURAL.
#    Time: 3300 ns  Iteration: 7  Instance: /tb/MyMips
# ** Warning: (vsim-151) NUMERIC_STD.TO_INTEGER: Value -76 is not in bounds of subtype NATURAL.
#    Time: 3360 ns  Iteration: 7  Instance: /tb/MyMips
# ** Warning: (vsim-151) NUMERIC_STD.TO_INTEGER: Value -106360 is not in bounds of subtype NATURAL.
#    Time: 3440 ns  Iteration: 4  Instance: /tb/MyMips
# ** Warning: (vsim-151) NUMERIC_STD.TO_INTEGER: Value -52 is not in bounds of subtype NATURAL.
#    Time: 3520 ns  Iteration: 7  Instance: /tb/MyMips
# ** Warning: (vsim-151) NUMERIC_STD.TO_INTEGER: Value -65368 is not in bounds of subtype NATURAL.
#    Time: 3680 ns  Iteration: 4  Instance: /tb/MyMips
# ** Warning: (vsim-151) NUMERIC_STD.TO_INTEGER: Value -52 is not in bounds of subtype NATURAL.
#    Time: 3840 ns  Iteration: 7  Instance: /tb/MyMips
# ** Warning: (vsim-151) NUMERIC_STD.TO_INTEGER: Value -65368 is not in bounds of subtype NATURAL.
#    Time: 4 us  Iteration: 4  Instance: /tb/MyMips
# ** Warning: (vsim-151) NUMERIC_STD.TO_INTEGER: Value -52 is not in bounds of subtype NATURAL.
#    Time: 4160 ns  Iteration: 7  Instance: /tb/MyMips
# ** Warning: (vsim-151) NUMERIC_STD.TO_INTEGER: Value -65368 is not in bounds of subtype NATURAL.
#    Time: 4320 ns  Iteration: 4  Instance: /tb/MyMips
# ** Warning: (vsim-151) NUMERIC_STD.TO_INTEGER: Value -52 is not in bounds of subtype NATURAL.
#    Time: 4480 ns  Iteration: 7  Instance: /tb/MyMips
# ** Warning: (vsim-151) NUMERIC_STD.TO_INTEGER: Value -65368 is not in bounds of subtype NATURAL.
#    Time: 4640 ns  Iteration: 4  Instance: /tb/MyMips
# ** Warning: (vsim-151) NUMERIC_STD.TO_INTEGER: Value -52 is not in bounds of subtype NATURAL.
#    Time: 4800 ns  Iteration: 7  Instance: /tb/MyMips
# ** Warning: (vsim-151) NUMERIC_STD.TO_INTEGER: Value -65368 is not in bounds of subtype NATURAL.
#    Time: 4960 ns  Iteration: 4  Instance: /tb/MyMips
# ** Warning: (vsim-151) NUMERIC_STD.TO_INTEGER: Value -52 is not in bounds of subtype NATURAL.
#    Time: 5120 ns  Iteration: 7  Instance: /tb/MyMips
# ** Warning: (vsim-151) NUMERIC_STD.TO_INTEGER: Value -65368 is not in bounds of subtype NATURAL.
#    Time: 5280 ns  Iteration: 4  Instance: /tb/MyMips
# ** Warning: (vsim-151) NUMERIC_STD.TO_INTEGER: Value -52 is not in bounds of subtype NATURAL.
#    Time: 5440 ns  Iteration: 7  Instance: /tb/MyMips
# ** Warning: (vsim-151) NUMERIC_STD.TO_INTEGER: Value -65368 is not in bounds of subtype NATURAL.
#    Time: 5600 ns  Iteration: 4  Instance: /tb/MyMips
# ** Warning: (vsim-151) NUMERIC_STD.TO_INTEGER: Value -52 is not in bounds of subtype NATURAL.
#    Time: 5760 ns  Iteration: 7  Instance: /tb/MyMips
# ** Warning: (vsim-151) NUMERIC_STD.TO_INTEGER: Value -65368 is not in bounds of subtype NATURAL.
#    Time: 5920 ns  Iteration: 4  Instance: /tb/MyMips
# ** Warning: (vsim-151) NUMERIC_STD.TO_INTEGER: Value -52 is not in bounds of subtype NATURAL.
#    Time: 6080 ns  Iteration: 7  Instance: /tb/MyMips
# ** Warning: (vsim-151) NUMERIC_STD.TO_INTEGER: Value -76 is not in bounds of subtype NATURAL.
#    Time: 6140 ns  Iteration: 7  Instance: /tb/MyMips
# ** Warning: (vsim-151) NUMERIC_STD.TO_INTEGER: Value -106360 is not in bounds of subtype NATURAL.
#    Time: 6220 ns  Iteration: 4  Instance: /tb/MyMips
# ** Warning: (vsim-151) NUMERIC_STD.TO_INTEGER: Value -52 is not in bounds of subtype NATURAL.
#    Time: 6300 ns  Iteration: 7  Instance: /tb/MyMips
# ** Warning: (vsim-151) NUMERIC_STD.TO_INTEGER: Value -65368 is not in bounds of subtype NATURAL.
#    Time: 6460 ns  Iteration: 4  Instance: /tb/MyMips
# ** Warning: (vsim-151) NUMERIC_STD.TO_INTEGER: Value -52 is not in bounds of subtype NATURAL.
#    Time: 6620 ns  Iteration: 7  Instance: /tb/MyMips
# ** Warning: (vsim-151) NUMERIC_STD.TO_INTEGER: Value -65368 is not in bounds of subtype NATURAL.
#    Time: 6780 ns  Iteration: 4  Instance: /tb/MyMips
# ** Warning: (vsim-151) NUMERIC_STD.TO_INTEGER: Value -52 is not in bounds of subtype NATURAL.
#    Time: 6940 ns  Iteration: 7  Instance: /tb/MyMips
# ** Warning: (vsim-151) NUMERIC_STD.TO_INTEGER: Value -65368 is not in bounds of subtype NATURAL.
#    Time: 7100 ns  Iteration: 4  Instance: /tb/MyMips
# ** Warning: (vsim-151) NUMERIC_STD.TO_INTEGER: Value -52 is not in bounds of subtype NATURAL.
#    Time: 7260 ns  Iteration: 7  Instance: /tb/MyMips
# ** Warning: (vsim-151) NUMERIC_STD.TO_INTEGER: Value -65368 is not in bounds of subtype NATURAL.
#    Time: 7420 ns  Iteration: 4  Instance: /tb/MyMips
# ** Warning: (vsim-151) NUMERIC_STD.TO_INTEGER: Value -52 is not in bounds of subtype NATURAL.
#    Time: 7580 ns  Iteration: 7  Instance: /tb/MyMips
# ** Warning: (vsim-151) NUMERIC_STD.TO_INTEGER: Value -65368 is not in bounds of subtype NATURAL.
#    Time: 7740 ns  Iteration: 4  Instance: /tb/MyMips
# ** Warning: (vsim-151) NUMERIC_STD.TO_INTEGER: Value -52 is not in bounds of subtype NATURAL.
#    Time: 7900 ns  Iteration: 7  Instance: /tb/MyMips
# ** Warning: (vsim-151) NUMERIC_STD.TO_INTEGER: Value -65368 is not in bounds of subtype NATURAL.
#    Time: 8060 ns  Iteration: 4  Instance: /tb/MyMips
# ** Warning: (vsim-151) NUMERIC_STD.TO_INTEGER: Value -52 is not in bounds of subtype NATURAL.
#    Time: 8220 ns  Iteration: 7  Instance: /tb/MyMips
# ** Warning: (vsim-151) NUMERIC_STD.TO_INTEGER: Value -65368 is not in bounds of subtype NATURAL.
#    Time: 8380 ns  Iteration: 4  Instance: /tb/MyMips
# ** Warning: (vsim-151) NUMERIC_STD.TO_INTEGER: Value -52 is not in bounds of subtype NATURAL.
#    Time: 8540 ns  Iteration: 7  Instance: /tb/MyMips
# ** Warning: (vsim-151) NUMERIC_STD.TO_INTEGER: Value -76 is not in bounds of subtype NATURAL.
#    Time: 8600 ns  Iteration: 7  Instance: /tb/MyMips
# ** Warning: (vsim-151) NUMERIC_STD.TO_INTEGER: Value -106360 is not in bounds of subtype NATURAL.
#    Time: 8680 ns  Iteration: 4  Instance: /tb/MyMips
# ** Warning: (vsim-151) NUMERIC_STD.TO_INTEGER: Value -52 is not in bounds of subtype NATURAL.
#    Time: 8760 ns  Iteration: 7  Instance: /tb/MyMips
# ** Warning: (vsim-151) NUMERIC_STD.TO_INTEGER: Value -65368 is not in bounds of subtype NATURAL.
#    Time: 8920 ns  Iteration: 4  Instance: /tb/MyMips
# ** Warning: (vsim-151) NUMERIC_STD.TO_INTEGER: Value -52 is not in bounds of subtype NATURAL.
#    Time: 9080 ns  Iteration: 7  Instance: /tb/MyMips
# ** Warning: (vsim-151) NUMERIC_STD.TO_INTEGER: Value -65368 is not in bounds of subtype NATURAL.
#    Time: 9240 ns  Iteration: 4  Instance: /tb/MyMips
# ** Warning: (vsim-151) NUMERIC_STD.TO_INTEGER: Value -52 is not in bounds of subtype NATURAL.
#    Time: 9400 ns  Iteration: 7  Instance: /tb/MyMips
# ** Warning: (vsim-151) NUMERIC_STD.TO_INTEGER: Value -65368 is not in bounds of subtype NATURAL.
#    Time: 9560 ns  Iteration: 4  Instance: /tb/MyMips
# ** Warning: (vsim-151) NUMERIC_STD.TO_INTEGER: Value -52 is not in bounds of subtype NATURAL.
#    Time: 9720 ns  Iteration: 7  Instance: /tb/MyMips
# ** Warning: (vsim-151) NUMERIC_STD.TO_INTEGER: Value -65368 is not in bounds of subtype NATURAL.
#    Time: 9880 ns  Iteration: 4  Instance: /tb/MyMips
# ** Warning: (vsim-151) NUMERIC_STD.TO_INTEGER: Value -52 is not in bounds of subtype NATURAL.
#    Time: 10040 ns  Iteration: 7  Instance: /tb/MyMips
# ** Warning: (vsim-151) NUMERIC_STD.TO_INTEGER: Value -65368 is not in bounds of subtype NATURAL.
#    Time: 10200 ns  Iteration: 4  Instance: /tb/MyMips
# ** Warning: (vsim-151) NUMERIC_STD.TO_INTEGER: Value -52 is not in bounds of subtype NATURAL.
#    Time: 10360 ns  Iteration: 7  Instance: /tb/MyMips
# ** Warning: (vsim-151) NUMERIC_STD.TO_INTEGER: Value -65368 is not in bounds of subtype NATURAL.
#    Time: 10520 ns  Iteration: 4  Instance: /tb/MyMips
# ** Warning: (vsim-151) NUMERIC_STD.TO_INTEGER: Value -52 is not in bounds of subtype NATURAL.
#    Time: 10680 ns  Iteration: 7  Instance: /tb/MyMips
# ** Warning: (vsim-151) NUMERIC_STD.TO_INTEGER: Value -76 is not in bounds of subtype NATURAL.
#    Time: 10740 ns  Iteration: 7  Instance: /tb/MyMips
# ** Warning: (vsim-151) NUMERIC_STD.TO_INTEGER: Value -106360 is not in bounds of subtype NATURAL.
#    Time: 10820 ns  Iteration: 4  Instance: /tb/MyMips
# ** Warning: (vsim-151) NUMERIC_STD.TO_INTEGER: Value -52 is not in bounds of subtype NATURAL.
#    Time: 10900 ns  Iteration: 7  Instance: /tb/MyMips
# ** Warning: (vsim-151) NUMERIC_STD.TO_INTEGER: Value -65368 is not in bounds of subtype NATURAL.
#    Time: 11060 ns  Iteration: 4  Instance: /tb/MyMips
# ** Warning: (vsim-151) NUMERIC_STD.TO_INTEGER: Value -52 is not in bounds of subtype NATURAL.
#    Time: 11220 ns  Iteration: 7  Instance: /tb/MyMips
# ** Warning: (vsim-151) NUMERIC_STD.TO_INTEGER: Value -65368 is not in bounds of subtype NATURAL.
#    Time: 11380 ns  Iteration: 4  Instance: /tb/MyMips
# ** Warning: (vsim-151) NUMERIC_STD.TO_INTEGER: Value -52 is not in bounds of subtype NATURAL.
#    Time: 11540 ns  Iteration: 7  Instance: /tb/MyMips
# ** Warning: (vsim-151) NUMERIC_STD.TO_INTEGER: Value -65368 is not in bounds of subtype NATURAL.
#    Time: 11700 ns  Iteration: 4  Instance: /tb/MyMips
# ** Warning: (vsim-151) NUMERIC_STD.TO_INTEGER: Value -52 is not in bounds of subtype NATURAL.
#    Time: 11860 ns  Iteration: 7  Instance: /tb/MyMips
# ** Warning: (vsim-151) NUMERIC_STD.TO_INTEGER: Value -65368 is not in bounds of subtype NATURAL.
#    Time: 12020 ns  Iteration: 4  Instance: /tb/MyMips
# ** Warning: (vsim-151) NUMERIC_STD.TO_INTEGER: Value -52 is not in bounds of subtype NATURAL.
#    Time: 12180 ns  Iteration: 7  Instance: /tb/MyMips
# ** Warning: (vsim-151) NUMERIC_STD.TO_INTEGER: Value -65368 is not in bounds of subtype NATURAL.
#    Time: 12340 ns  Iteration: 4  Instance: /tb/MyMips
# ** Warning: (vsim-151) NUMERIC_STD.TO_INTEGER: Value -52 is not in bounds of subtype NATURAL.
#    Time: 12500 ns  Iteration: 7  Instance: /tb/MyMips
# ** Warning: (vsim-151) NUMERIC_STD.TO_INTEGER: Value -76 is not in bounds of subtype NATURAL.
#    Time: 12560 ns  Iteration: 7  Instance: /tb/MyMips
# ** Warning: (vsim-151) NUMERIC_STD.TO_INTEGER: Value -106360 is not in bounds of subtype NATURAL.
#    Time: 12640 ns  Iteration: 4  Instance: /tb/MyMips
# ** Warning: (vsim-151) NUMERIC_STD.TO_INTEGER: Value -52 is not in bounds of subtype NATURAL.
#    Time: 12720 ns  Iteration: 7  Instance: /tb/MyMips
# ** Warning: (vsim-151) NUMERIC_STD.TO_INTEGER: Value -65368 is not in bounds of subtype NATURAL.
#    Time: 12880 ns  Iteration: 4  Instance: /tb/MyMips
# ** Warning: (vsim-151) NUMERIC_STD.TO_INTEGER: Value -52 is not in bounds of subtype NATURAL.
#    Time: 13040 ns  Iteration: 7  Instance: /tb/MyMips
# ** Warning: (vsim-151) NUMERIC_STD.TO_INTEGER: Value -65368 is not in bounds of subtype NATURAL.
#    Time: 13200 ns  Iteration: 4  Instance: /tb/MyMips
# ** Warning: (vsim-151) NUMERIC_STD.TO_INTEGER: Value -52 is not in bounds of subtype NATURAL.
#    Time: 13360 ns  Iteration: 7  Instance: /tb/MyMips
# ** Warning: (vsim-151) NUMERIC_STD.TO_INTEGER: Value -65368 is not in bounds of subtype NATURAL.
#    Time: 13520 ns  Iteration: 4  Instance: /tb/MyMips
# ** Warning: (vsim-151) NUMERIC_STD.TO_INTEGER: Value -52 is not in bounds of subtype NATURAL.
#    Time: 13680 ns  Iteration: 7  Instance: /tb/MyMips
# ** Warning: (vsim-151) NUMERIC_STD.TO_INTEGER: Value -65368 is not in bounds of subtype NATURAL.
#    Time: 13840 ns  Iteration: 4  Instance: /tb/MyMips
# ** Warning: (vsim-151) NUMERIC_STD.TO_INTEGER: Value -52 is not in bounds of subtype NATURAL.
#    Time: 14 us  Iteration: 7  Instance: /tb/MyMips
# ** Warning: (vsim-151) NUMERIC_STD.TO_INTEGER: Value -76 is not in bounds of subtype NATURAL.
#    Time: 14060 ns  Iteration: 7  Instance: /tb/MyMips
# ** Warning: (vsim-151) NUMERIC_STD.TO_INTEGER: Value -106360 is not in bounds of subtype NATURAL.
#    Time: 14140 ns  Iteration: 4  Instance: /tb/MyMips
# ** Warning: (vsim-151) NUMERIC_STD.TO_INTEGER: Value -52 is not in bounds of subtype NATURAL.
#    Time: 14220 ns  Iteration: 7  Instance: /tb/MyMips
# ** Warning: (vsim-151) NUMERIC_STD.TO_INTEGER: Value -65368 is not in bounds of subtype NATURAL.
#    Time: 14380 ns  Iteration: 4  Instance: /tb/MyMips
# ** Warning: (vsim-151) NUMERIC_STD.TO_INTEGER: Value -52 is not in bounds of subtype NATURAL.
#    Time: 14540 ns  Iteration: 7  Instance: /tb/MyMips
# ** Warning: (vsim-151) NUMERIC_STD.TO_INTEGER: Value -65368 is not in bounds of subtype NATURAL.
#    Time: 14700 ns  Iteration: 4  Instance: /tb/MyMips
# ** Warning: (vsim-151) NUMERIC_STD.TO_INTEGER: Value -52 is not in bounds of subtype NATURAL.
#    Time: 14860 ns  Iteration: 7  Instance: /tb/MyMips
# ** Warning: (vsim-151) NUMERIC_STD.TO_INTEGER: Value -65368 is not in bounds of subtype NATURAL.
#    Time: 15020 ns  Iteration: 4  Instance: /tb/MyMips
# ** Warning: (vsim-151) NUMERIC_STD.TO_INTEGER: Value -52 is not in bounds of subtype NATURAL.
#    Time: 15180 ns  Iteration: 7  Instance: /tb/MyMips
# ** Warning: (vsim-151) NUMERIC_STD.TO_INTEGER: Value -76 is not in bounds of subtype NATURAL.
#    Time: 15240 ns  Iteration: 7  Instance: /tb/MyMips
# ** Warning: (vsim-151) NUMERIC_STD.TO_INTEGER: Value -106360 is not in bounds of subtype NATURAL.
#    Time: 15320 ns  Iteration: 4  Instance: /tb/MyMips
# ** Warning: (vsim-151) NUMERIC_STD.TO_INTEGER: Value -52 is not in bounds of subtype NATURAL.
#    Time: 15400 ns  Iteration: 7  Instance: /tb/MyMips
# ** Warning: (vsim-151) NUMERIC_STD.TO_INTEGER: Value -65368 is not in bounds of subtype NATURAL.
#    Time: 15560 ns  Iteration: 4  Instance: /tb/MyMips
# ** Warning: (vsim-151) NUMERIC_STD.TO_INTEGER: Value -52 is not in bounds of subtype NATURAL.
#    Time: 15720 ns  Iteration: 7  Instance: /tb/MyMips
# ** Warning: (vsim-151) NUMERIC_STD.TO_INTEGER: Value -65368 is not in bounds of subtype NATURAL.
#    Time: 15880 ns  Iteration: 4  Instance: /tb/MyMips
# ** Warning: (vsim-151) NUMERIC_STD.TO_INTEGER: Value -52 is not in bounds of subtype NATURAL.
#    Time: 16040 ns  Iteration: 7  Instance: /tb/MyMips
# ** Warning: (vsim-151) NUMERIC_STD.TO_INTEGER: Value -76 is not in bounds of subtype NATURAL.
#    Time: 16100 ns  Iteration: 7  Instance: /tb/MyMips
# ** Warning: (vsim-151) NUMERIC_STD.TO_INTEGER: Value -106360 is not in bounds of subtype NATURAL.
#    Time: 16180 ns  Iteration: 4  Instance: /tb/MyMips
# ** Warning: (vsim-151) NUMERIC_STD.TO_INTEGER: Value -52 is not in bounds of subtype NATURAL.
#    Time: 16260 ns  Iteration: 7  Instance: /tb/MyMips
# ** Warning: (vsim-151) NUMERIC_STD.TO_INTEGER: Value -65368 is not in bounds of subtype NATURAL.
#    Time: 16420 ns  Iteration: 4  Instance: /tb/MyMips
# ** Warning: (vsim-151) NUMERIC_STD.TO_INTEGER: Value -52 is not in bounds of subtype NATURAL.
#    Time: 16580 ns  Iteration: 7  Instance: /tb/MyMips
# ** Warning: (vsim-151) NUMERIC_STD.TO_INTEGER: Value -76 is not in bounds of subtype NATURAL.
#    Time: 16640 ns  Iteration: 7  Instance: /tb/MyMips
# ** Warning: NUMERIC_STD.TO_INTEGER: metavalue detected, returning 0
#    Time: 16680 ns  Iteration: 4  Instance: /tb/MyMips
# ** Note: Data structure takes 59124296 bytes of memory
#          Process time 0.27 seconds
#          stop
#    Time: 16740 ns  Iteration: 1  Instance: /tb
# Break in Process P_DUMP_STATE at /home/wmhudson/Documents/Proj1/CPRE381PROJ1/TopLevel/internal/testpy/tb.vhd line 150
# Stopped at /home/wmhudson/Documents/Proj1/CPRE381PROJ1/TopLevel/internal/testpy/tb.vhd line 150
# End time: 21:40:57 on Dec 10,2022, Elapsed time: 0:00:01
# Errors: 0, Warnings: 126
