Reading pref.tcl

# 2022.2

# vsim -postsimdataflow -debugdb -c -voptargs=""+acc"" tb -do "modelsim_framework.do" -gOUTPUT_TRACE=ms.trace 
# Start time: 21:41:08 on Dec 10,2022
# ** Note: (vsim-8009) Loading existing optimized design _opt
# //  Questa Sim-64
# //  Version 2022.2 linux_x86_64 Apr 25 2022
# //
# //  Copyright 1991-2022 Mentor Graphics Corporation
# //  All Rights Reserved.
# //
# //  QuestaSim and its associated documentation contain trade
# //  secrets and commercial or financial information that are the property of
# //  Mentor Graphics Corporation and are privileged, confidential,
# //  and exempt from disclosure under the Freedom of Information Act,
# //  5 U.S.C. Section 552. Furthermore, this information
# //  is prohibited from disclosure under the Trade Secrets Act,
# //  18 U.S.C. Section 1905.
# //
# Loading std.standard
# Loading std.textio(body)
# Loading ieee.std_logic_1164(body)
# Loading ieee.std_logic_textio(body)
# Loading std.env(body)
# Loading work.tb(mixed)#1
# Loading ieee.numeric_std(body)
# Loading work.mips_types(body)
# Loading work.mips_processor(structure)#1
# Loading work.mem(rtl)#1
# Loading work.control(behavioral)#1
# Loading work.foward(behavioral)#1
# Loading work.controlhazards(behavioral)#1
# Loading work.notg(dataflow)#1
# Loading work.andg6(dataflow)#1
# Loading work.org5(dataflow)#1
# Loading work.alu(mixed)#1
# Loading work.barrel_shifter(mixed)#1
# Loading work.andg2(dataflow)#1
# Loading work.org2(dataflow)#1
# Loading work.xorg2(dataflow)#1
# Loading work.norg(dataflow)#1
# Loading work.addsub(structure)#1
# Loading work.fulladder(structure)#1
# Loading work.muxpkg
# Loading work.regfile(mixed)#1
# Loading work.n_dff(structural)#1
# Loading work.dffg(mixed)#1
# Loading work.flush_reg(structural)#1
# Loading work.dffgspecial(mixed)#1
# Loading work.flush_reg(structural)#2
# Loading work.n_dff(structural)#2
# Loading work.n_dff(structural)#3
# Loading work.flush_reg(structural)#3
# ** Note: (vsim-8716) Reusing existing debug database vsim.dbg.
# do modelsim_framework.do
# ** Warning: NUMERIC_STD.TO_INTEGER: metavalue detected, returning 0
#    Time: 0 ns  Iteration: 0  Instance: /tb/MyMips
# ** Warning: NUMERIC_STD.TO_INTEGER: metavalue detected, returning 0
#    Time: 0 ns  Iteration: 0  Instance: /tb/MyMips
# ** Warning: NUMERIC_STD.TO_INTEGER: metavalue detected, returning 0
#    Time: 0 ns  Iteration: 0  Instance: /tb/MyMips
# ** Warning: NUMERIC_STD.TO_INTEGER: metavalue detected, returning 0
#    Time: 0 ns  Iteration: 0  Instance: /tb/MyMips/DMem
# ** Warning: NUMERIC_STD.TO_INTEGER: metavalue detected, returning 0
#    Time: 0 ns  Iteration: 0  Instance: /tb/MyMips/IMem
# ** Warning: NUMERIC_STD.TO_INTEGER: metavalue detected, returning 0
#    Time: 0 ns  Iteration: 1  Instance: /tb/MyMips
# ** Warning: (vsim-151) NUMERIC_STD.TO_INTEGER: Value -212 is not in bounds of subtype NATURAL.
#    Time: 400 ns  Iteration: 7  Instance: /tb/MyMips
# ** Warning: (vsim-151) NUMERIC_STD.TO_INTEGER: Value -106360 is not in bounds of subtype NATURAL.
#    Time: 480 ns  Iteration: 4  Instance: /tb/MyMips
# ** Warning: (vsim-151) NUMERIC_STD.TO_INTEGER: Value -152 is not in bounds of subtype NATURAL.
#    Time: 640 ns  Iteration: 7  Instance: /tb/MyMips
# ** Warning: (vsim-151) NUMERIC_STD.TO_INTEGER: Value -152 is not in bounds of subtype NATURAL.
#    Time: 1420 ns  Iteration: 7  Instance: /tb/MyMips
# ** Warning: (vsim-151) NUMERIC_STD.TO_INTEGER: Value -152 is not in bounds of subtype NATURAL.
#    Time: 2200 ns  Iteration: 7  Instance: /tb/MyMips
# ** Warning: (vsim-151) NUMERIC_STD.TO_INTEGER: Value -152 is not in bounds of subtype NATURAL.
#    Time: 2980 ns  Iteration: 7  Instance: /tb/MyMips
# ** Warning: (vsim-151) NUMERIC_STD.TO_INTEGER: Value -152 is not in bounds of subtype NATURAL.
#    Time: 3760 ns  Iteration: 7  Instance: /tb/MyMips
# ** Warning: (vsim-151) NUMERIC_STD.TO_INTEGER: Value -152 is not in bounds of subtype NATURAL.
#    Time: 4540 ns  Iteration: 7  Instance: /tb/MyMips
# ** Warning: (vsim-151) NUMERIC_STD.TO_INTEGER: Value -152 is not in bounds of subtype NATURAL.
#    Time: 5320 ns  Iteration: 7  Instance: /tb/MyMips
# ** Warning: (vsim-151) NUMERIC_STD.TO_INTEGER: Value -152 is not in bounds of subtype NATURAL.
#    Time: 6100 ns  Iteration: 7  Instance: /tb/MyMips
# ** Warning: (vsim-151) NUMERIC_STD.TO_INTEGER: Value -152 is not in bounds of subtype NATURAL.
#    Time: 6880 ns  Iteration: 7  Instance: /tb/MyMips
# ** Warning: (vsim-151) NUMERIC_STD.TO_INTEGER: Value -152 is not in bounds of subtype NATURAL.
#    Time: 7660 ns  Iteration: 7  Instance: /tb/MyMips
# ** Warning: (vsim-151) NUMERIC_STD.TO_INTEGER: Value -212 is not in bounds of subtype NATURAL.
#    Time: 7860 ns  Iteration: 7  Instance: /tb/MyMips
# ** Warning: (vsim-151) NUMERIC_STD.TO_INTEGER: Value -106360 is not in bounds of subtype NATURAL.
#    Time: 7940 ns  Iteration: 4  Instance: /tb/MyMips
# ** Warning: (vsim-151) NUMERIC_STD.TO_INTEGER: Value -152 is not in bounds of subtype NATURAL.
#    Time: 8100 ns  Iteration: 7  Instance: /tb/MyMips
# ** Warning: (vsim-151) NUMERIC_STD.TO_INTEGER: Value -152 is not in bounds of subtype NATURAL.
#    Time: 8880 ns  Iteration: 7  Instance: /tb/MyMips
# ** Warning: (vsim-151) NUMERIC_STD.TO_INTEGER: Value -152 is not in bounds of subtype NATURAL.
#    Time: 9660 ns  Iteration: 7  Instance: /tb/MyMips
# ** Warning: (vsim-151) NUMERIC_STD.TO_INTEGER: Value -152 is not in bounds of subtype NATURAL.
#    Time: 10440 ns  Iteration: 7  Instance: /tb/MyMips
# ** Warning: (vsim-151) NUMERIC_STD.TO_INTEGER: Value -152 is not in bounds of subtype NATURAL.
#    Time: 11220 ns  Iteration: 7  Instance: /tb/MyMips
# ** Warning: (vsim-151) NUMERIC_STD.TO_INTEGER: Value -152 is not in bounds of subtype NATURAL.
#    Time: 12 us  Iteration: 7  Instance: /tb/MyMips
# ** Warning: (vsim-151) NUMERIC_STD.TO_INTEGER: Value -152 is not in bounds of subtype NATURAL.
#    Time: 12780 ns  Iteration: 7  Instance: /tb/MyMips
# ** Warning: (vsim-151) NUMERIC_STD.TO_INTEGER: Value -152 is not in bounds of subtype NATURAL.
#    Time: 13560 ns  Iteration: 7  Instance: /tb/MyMips
# ** Warning: (vsim-151) NUMERIC_STD.TO_INTEGER: Value -152 is not in bounds of subtype NATURAL.
#    Time: 14340 ns  Iteration: 7  Instance: /tb/MyMips
# ** Warning: (vsim-151) NUMERIC_STD.TO_INTEGER: Value -212 is not in bounds of subtype NATURAL.
#    Time: 14540 ns  Iteration: 7  Instance: /tb/MyMips
# ** Warning: (vsim-151) NUMERIC_STD.TO_INTEGER: Value -106360 is not in bounds of subtype NATURAL.
#    Time: 14620 ns  Iteration: 4  Instance: /tb/MyMips
# ** Warning: (vsim-151) NUMERIC_STD.TO_INTEGER: Value -152 is not in bounds of subtype NATURAL.
#    Time: 14780 ns  Iteration: 7  Instance: /tb/MyMips
# ** Warning: (vsim-151) NUMERIC_STD.TO_INTEGER: Value -152 is not in bounds of subtype NATURAL.
#    Time: 15560 ns  Iteration: 7  Instance: /tb/MyMips
# ** Warning: (vsim-151) NUMERIC_STD.TO_INTEGER: Value -152 is not in bounds of subtype NATURAL.
#    Time: 16340 ns  Iteration: 7  Instance: /tb/MyMips
# ** Warning: (vsim-151) NUMERIC_STD.TO_INTEGER: Value -152 is not in bounds of subtype NATURAL.
#    Time: 17120 ns  Iteration: 7  Instance: /tb/MyMips
# ** Warning: (vsim-151) NUMERIC_STD.TO_INTEGER: Value -152 is not in bounds of subtype NATURAL.
#    Time: 17900 ns  Iteration: 7  Instance: /tb/MyMips
# ** Warning: (vsim-151) NUMERIC_STD.TO_INTEGER: Value -152 is not in bounds of subtype NATURAL.
#    Time: 18680 ns  Iteration: 7  Instance: /tb/MyMips
# ** Warning: (vsim-151) NUMERIC_STD.TO_INTEGER: Value -152 is not in bounds of subtype NATURAL.
#    Time: 19460 ns  Iteration: 7  Instance: /tb/MyMips
# ** Warning: (vsim-151) NUMERIC_STD.TO_INTEGER: Value -152 is not in bounds of subtype NATURAL.
#    Time: 20240 ns  Iteration: 7  Instance: /tb/MyMips
# ** Warning: (vsim-151) NUMERIC_STD.TO_INTEGER: Value -212 is not in bounds of subtype NATURAL.
#    Time: 20440 ns  Iteration: 7  Instance: /tb/MyMips
# ** Warning: (vsim-151) NUMERIC_STD.TO_INTEGER: Value -106360 is not in bounds of subtype NATURAL.
#    Time: 20520 ns  Iteration: 4  Instance: /tb/MyMips
# ** Warning: (vsim-151) NUMERIC_STD.TO_INTEGER: Value -152 is not in bounds of subtype NATURAL.
#    Time: 20680 ns  Iteration: 7  Instance: /tb/MyMips
# ** Warning: (vsim-151) NUMERIC_STD.TO_INTEGER: Value -152 is not in bounds of subtype NATURAL.
#    Time: 21460 ns  Iteration: 7  Instance: /tb/MyMips
# ** Warning: (vsim-151) NUMERIC_STD.TO_INTEGER: Value -152 is not in bounds of subtype NATURAL.
#    Time: 22240 ns  Iteration: 7  Instance: /tb/MyMips
# ** Warning: (vsim-151) NUMERIC_STD.TO_INTEGER: Value -152 is not in bounds of subtype NATURAL.
#    Time: 23020 ns  Iteration: 7  Instance: /tb/MyMips
# ** Warning: (vsim-151) NUMERIC_STD.TO_INTEGER: Value -152 is not in bounds of subtype NATURAL.
#    Time: 23800 ns  Iteration: 7  Instance: /tb/MyMips
# ** Warning: (vsim-151) NUMERIC_STD.TO_INTEGER: Value -152 is not in bounds of subtype NATURAL.
#    Time: 24580 ns  Iteration: 7  Instance: /tb/MyMips
# ** Warning: (vsim-151) NUMERIC_STD.TO_INTEGER: Value -152 is not in bounds of subtype NATURAL.
#    Time: 25360 ns  Iteration: 7  Instance: /tb/MyMips
# ** Warning: (vsim-151) NUMERIC_STD.TO_INTEGER: Value -212 is not in bounds of subtype NATURAL.
#    Time: 25560 ns  Iteration: 7  Instance: /tb/MyMips
# ** Warning: (vsim-151) NUMERIC_STD.TO_INTEGER: Value -106360 is not in bounds of subtype NATURAL.
#    Time: 25640 ns  Iteration: 4  Instance: /tb/MyMips
# ** Warning: (vsim-151) NUMERIC_STD.TO_INTEGER: Value -152 is not in bounds of subtype NATURAL.
#    Time: 25800 ns  Iteration: 7  Instance: /tb/MyMips
# ** Warning: (vsim-151) NUMERIC_STD.TO_INTEGER: Value -152 is not in bounds of subtype NATURAL.
#    Time: 26580 ns  Iteration: 7  Instance: /tb/MyMips
# ** Warning: (vsim-151) NUMERIC_STD.TO_INTEGER: Value -152 is not in bounds of subtype NATURAL.
#    Time: 27360 ns  Iteration: 7  Instance: /tb/MyMips
# ** Warning: (vsim-151) NUMERIC_STD.TO_INTEGER: Value -152 is not in bounds of subtype NATURAL.
#    Time: 28140 ns  Iteration: 7  Instance: /tb/MyMips
# ** Warning: (vsim-151) NUMERIC_STD.TO_INTEGER: Value -152 is not in bounds of subtype NATURAL.
#    Time: 28920 ns  Iteration: 7  Instance: /tb/MyMips
# ** Warning: (vsim-151) NUMERIC_STD.TO_INTEGER: Value -152 is not in bounds of subtype NATURAL.
#    Time: 29700 ns  Iteration: 7  Instance: /tb/MyMips
# ** Warning: (vsim-151) NUMERIC_STD.TO_INTEGER: Value -212 is not in bounds of subtype NATURAL.
#    Time: 29900 ns  Iteration: 7  Instance: /tb/MyMips
# ** Warning: (vsim-151) NUMERIC_STD.TO_INTEGER: Value -106360 is not in bounds of subtype NATURAL.
#    Time: 29980 ns  Iteration: 4  Instance: /tb/MyMips
# ** Warning: (vsim-151) NUMERIC_STD.TO_INTEGER: Value -152 is not in bounds of subtype NATURAL.
#    Time: 30140 ns  Iteration: 7  Instance: /tb/MyMips
# ** Warning: (vsim-151) NUMERIC_STD.TO_INTEGER: Value -152 is not in bounds of subtype NATURAL.
#    Time: 30920 ns  Iteration: 7  Instance: /tb/MyMips
# ** Warning: (vsim-151) NUMERIC_STD.TO_INTEGER: Value -152 is not in bounds of subtype NATURAL.
#    Time: 31700 ns  Iteration: 7  Instance: /tb/MyMips
# ** Warning: (vsim-151) NUMERIC_STD.TO_INTEGER: Value -152 is not in bounds of subtype NATURAL.
#    Time: 32480 ns  Iteration: 7  Instance: /tb/MyMips
# ** Warning: (vsim-151) NUMERIC_STD.TO_INTEGER: Value -152 is not in bounds of subtype NATURAL.
#    Time: 33260 ns  Iteration: 7  Instance: /tb/MyMips
# ** Warning: (vsim-151) NUMERIC_STD.TO_INTEGER: Value -212 is not in bounds of subtype NATURAL.
#    Time: 33460 ns  Iteration: 7  Instance: /tb/MyMips
# ** Warning: (vsim-151) NUMERIC_STD.TO_INTEGER: Value -106360 is not in bounds of subtype NATURAL.
#    Time: 33540 ns  Iteration: 4  Instance: /tb/MyMips
# ** Warning: (vsim-151) NUMERIC_STD.TO_INTEGER: Value -152 is not in bounds of subtype NATURAL.
#    Time: 33700 ns  Iteration: 7  Instance: /tb/MyMips
# ** Warning: (vsim-151) NUMERIC_STD.TO_INTEGER: Value -152 is not in bounds of subtype NATURAL.
#    Time: 34480 ns  Iteration: 7  Instance: /tb/MyMips
# ** Warning: (vsim-151) NUMERIC_STD.TO_INTEGER: Value -152 is not in bounds of subtype NATURAL.
#    Time: 35260 ns  Iteration: 7  Instance: /tb/MyMips
# ** Warning: (vsim-151) NUMERIC_STD.TO_INTEGER: Value -152 is not in bounds of subtype NATURAL.
#    Time: 36040 ns  Iteration: 7  Instance: /tb/MyMips
# ** Warning: (vsim-151) NUMERIC_STD.TO_INTEGER: Value -212 is not in bounds of subtype NATURAL.
#    Time: 36240 ns  Iteration: 7  Instance: /tb/MyMips
# ** Warning: (vsim-151) NUMERIC_STD.TO_INTEGER: Value -106360 is not in bounds of subtype NATURAL.
#    Time: 36320 ns  Iteration: 4  Instance: /tb/MyMips
# ** Warning: (vsim-151) NUMERIC_STD.TO_INTEGER: Value -152 is not in bounds of subtype NATURAL.
#    Time: 36480 ns  Iteration: 7  Instance: /tb/MyMips
# ** Warning: (vsim-151) NUMERIC_STD.TO_INTEGER: Value -152 is not in bounds of subtype NATURAL.
#    Time: 37260 ns  Iteration: 7  Instance: /tb/MyMips
# ** Warning: (vsim-151) NUMERIC_STD.TO_INTEGER: Value -152 is not in bounds of subtype NATURAL.
#    Time: 38040 ns  Iteration: 7  Instance: /tb/MyMips
# ** Warning: (vsim-151) NUMERIC_STD.TO_INTEGER: Value -212 is not in bounds of subtype NATURAL.
#    Time: 38240 ns  Iteration: 7  Instance: /tb/MyMips
# ** Warning: (vsim-151) NUMERIC_STD.TO_INTEGER: Value -106360 is not in bounds of subtype NATURAL.
#    Time: 38320 ns  Iteration: 4  Instance: /tb/MyMips
# ** Warning: (vsim-151) NUMERIC_STD.TO_INTEGER: Value -152 is not in bounds of subtype NATURAL.
#    Time: 38480 ns  Iteration: 7  Instance: /tb/MyMips
# ** Warning: (vsim-151) NUMERIC_STD.TO_INTEGER: Value -152 is not in bounds of subtype NATURAL.
#    Time: 39260 ns  Iteration: 7  Instance: /tb/MyMips
# ** Warning: (vsim-151) NUMERIC_STD.TO_INTEGER: Value -212 is not in bounds of subtype NATURAL.
#    Time: 39460 ns  Iteration: 7  Instance: /tb/MyMips
# ** Warning: NUMERIC_STD.TO_INTEGER: metavalue detected, returning 0
#    Time: 39520 ns  Iteration: 4  Instance: /tb/MyMips
# ** Note: Data structure takes 59124296 bytes of memory
#          Process time 0.33 seconds
#          stop
#    Time: 39580 ns  Iteration: 1  Instance: /tb
# Break in Process P_DUMP_STATE at /home/wmhudson/Documents/Proj1/CPRE381PROJ1/TopLevel/internal/testpy/tb.vhd line 150
# Stopped at /home/wmhudson/Documents/Proj1/CPRE381PROJ1/TopLevel/internal/testpy/tb.vhd line 150
# End time: 21:41:09 on Dec 10,2022, Elapsed time: 0:00:01
# Errors: 0, Warnings: 80
